.                                        |  WARN  Unsupported engine: wanted: {"node":">=22 <23"} (current: {"node":"v24.11.0","pnpm":"10.6.5"})

[1m[46m RUN [49m[22m [36mv3.2.4 [39m[90mD:/DEV/role-model/.worktrees/02-audit-remediation/packages/schema-tools[39m

 [31m❯[39m test/validate-schemas.test.ts [2m([22m[2m2 tests[22m[2m | [22m[31m2 failed[39m[2m)[22m[32m 43[2mms[22m[39m
[31m   [31m×[31m loadSchemas[2m > [22mrequires canonical schema source files to declare stable $id values matching their filenames[39m[32m 31[2mms[22m[39m
[31m     → expected [ { …(2) }, { …(2) }, { …(2) }, …(16) ] to deeply equal [][39m
[31m   [31m×[31m loadSchemas[2m > [22mreturns the same canonical $id values declared in source[39m[32m 10[2mms[22m[39m
[31m     → expected [ [ …(2) ], [ …(2) ], [ …(2) ], …(16) ] to deeply equal [ [ …(2) ], [ …(2) ], [ …(2) ], …(16) ][39m

⎯⎯⎯⎯⎯⎯⎯ Failed Tests 2 ⎯⎯⎯⎯⎯⎯⎯

 FAIL  test/validate-schemas.test.ts > loadSchemas > requires canonical schema source files to declare stable $id values matching their filenames
AssertionError: expected [ { …(2) }, { …(2) }, { …(2) }, …(16) ] to deeply equal []

- Expected
+ Received

- []
+ [
+   {
+     "fileName": "benchmark-run.schema.json",
+     "id": null,
+   },
+   {
+     "fileName": "benchmark-suite.schema.json",
+     "id": null,
+   },
+   {
+     "fileName": "capability-taxonomy.schema.json",
+     "id": null,
+   },
+   {
+     "fileName": "declared-capability-profile.schema.json",
+     "id": null,
+   },
+   {
+     "fileName": "endpoint-identity.schema.json",
+     "id": null,
+   },
+   {
+     "fileName": "judge-score.schema.json",
+     "id": null,
+   },
+   {
+     "fileName": "model-pack-manifest.schema.json",
+     "id": null,
+   },
+   {
+     "fileName": "observed-performance-profile.schema.json",
+     "id": null,
+   },
+   {
+     "fileName": "package-manifest.schema.json",
+     "id": null,
+   },
+   {
+     "fileName": "planspec.schema.json",
+     "id": null,
+   },
+   {
+     "fileName": "role-binding.schema.json",
+     "id": null,
+   },
+   {
+     "fileName": "role-definition.schema.json",
+     "id": null,
+   },
+   {
+     "fileName": "router-decision.schema.json",
+     "id": null,
+   },
+   {
+     "fileName": "routing-policy.schema.json",
+     "id": null,
+   },
+   {
+     "fileName": "task-definition.schema.json",
+     "id": null,
+   },
+   {
+     "fileName": "task-execution-profile.schema.json",
+     "id": null,
+   },
+   {
+     "fileName": "trace-event.schema.json",
+     "id": null,
+   },
+   {
+     "fileName": "trace-span.schema.json",
+     "id": null,
+   },
+   {
+     "fileName": "usage-event.schema.json",
+     "id": null,
+   },
+ ]

 ❯ test/validate-schemas.test.ts:31:24
     29|     }
     30| 
     31|     expect(mismatches).toEqual([]);
       |                        ^
     32|   });
     33| 

⎯⎯⎯⎯⎯⎯⎯⎯⎯⎯⎯⎯⎯⎯⎯⎯⎯⎯⎯⎯⎯⎯⎯⎯[1/2]⎯

 FAIL  test/validate-schemas.test.ts > loadSchemas > returns the same canonical $id values declared in source
AssertionError: expected [ [ …(2) ], [ …(2) ], [ …(2) ], …(16) ] to deeply equal [ [ …(2) ], [ …(2) ], [ …(2) ], …(16) ]

- Expected
+ Received

  [
    [
      "benchmark-run.schema.json",
-     null,
+     "benchmark-run.schema.json",
    ],
    [
+     "benchmark-suite.schema.json",
      "benchmark-suite.schema.json",
-     null,
    ],
    [
      "capability-taxonomy.schema.json",
-     null,
+     "capability-taxonomy.schema.json",
    ],
    [
      "declared-capability-profile.schema.json",
-     null,
+     "declared-capability-profile.schema.json",
    ],
    [
+     "endpoint-identity.schema.json",
      "endpoint-identity.schema.json",
-     null,
    ],
    [
      "judge-score.schema.json",
-     null,
+     "judge-score.schema.json",
    ],
    [
+     "model-pack-manifest.schema.json",
      "model-pack-manifest.schema.json",
-     null,
    ],
    [
      "observed-performance-profile.schema.json",
-     null,
+     "observed-performance-profile.schema.json",
    ],
    [
+     "package-manifest.schema.json",
      "package-manifest.schema.json",
-     null,
    ],
    [
      "planspec.schema.json",
-     null,
+     "planspec.schema.json",
    ],
    [
      "role-binding.schema.json",
-     null,
+     "role-binding.schema.json",
    ],
    [
+     "role-definition.schema.json",
      "role-definition.schema.json",
-     null,
    ],
    [
      "router-decision.schema.json",
-     null,
+     "router-decision.schema.json",
    ],
    [
+     "routing-policy.schema.json",
      "routing-policy.schema.json",
-     null,
    ],
    [
      "task-definition.schema.json",
-     null,
+     "task-definition.schema.json",
    ],
    [
      "task-execution-profile.schema.json",
-     null,
+     "task-execution-profile.schema.json",
    ],
    [
+     "trace-event.schema.json",
      "trace-event.schema.json",
-     null,
    ],
    [
+     "trace-span.schema.json",
      "trace-span.schema.json",
-     null,
    ],
    [
      "usage-event.schema.json",
-     null,
+     "usage-event.schema.json",
    ],
  ]

 ❯ test/validate-schemas.test.ts:51:23
     49|     ]);
     50| 
     51|     expect(loadedIds).toEqual(sourceIds);
       |                       ^
     52|   });
     53| });

⎯⎯⎯⎯⎯⎯⎯⎯⎯⎯⎯⎯⎯⎯⎯⎯⎯⎯⎯⎯⎯⎯⎯⎯[2/2]⎯


[2m Test Files [22m [1m[31m1 failed[39m[22m[90m (1)[39m
[2m      Tests [22m [1m[31m2 failed[39m[22m[90m (2)[39m
[2m   Start at [22m 09:11:31
[2m   Duration [22m 1.61s[2m (transform 186ms, setup 0ms, collect 381ms, tests 43ms, environment 1ms, prepare 491ms)[22m

undefined
D:\DEV\role-model\.worktrees\02-audit-remediation\packages\schema-tools:
 ERR_PNPM_RECURSIVE_EXEC_FIRST_FAIL  Command failed with exit code 1: vitest run test/validate-schemas.test.ts
