Scope: all 29 workspace projects
(node:39732) [DEP0169] DeprecationWarning: `url.parse()` behavior is not standardized and prone to errors that have security implications. Use the WHATWG URL API instead. CVEs are not issued for `url.parse()` vulnerabilities.
(Use `node --trace-deprecation ...` to show where the warning was created)
Lockfile is up to date, resolution step is skipped
Progress: resolved 1, reused 0, downloaded 0, added 0
Packages: +509
++++++++++++++++++++++++++++++++++++++++++++++++++++++++++++++++++++++++++++++++
Progress: resolved 509, reused 507, downloaded 0, added 25
Progress: resolved 509, reused 507, downloaded 0, added 198
Progress: resolved 509, reused 507, downloaded 0, added 331
Progress: resolved 509, reused 507, downloaded 0, added 509, done

devDependencies:
+ @biomejs/biome 1.9.4
+ @types/node 22.19.17
+ ajv 8.18.0
+ ajv-formats 3.0.1
+ commander 13.1.0
+ json-schema-to-typescript 15.0.4
+ tsx 4.21.0
+ typescript 5.9.3
+ vitest 3.2.4

Î“Ă²Â¡ Warning Î“Ă¶Ă‡Î“Ă¶Ă‡Î“Ă¶Ă‡Î“Ă¶Ă‡Î“Ă¶Ă‡Î“Ă¶Ă‡Î“Ă¶Ă‡Î“Ă¶Ă‡Î“Ă¶Ă‡Î“Ă¶Ă‡Î“Ă¶Ă‡Î“Ă¶Ă‡Î“Ă¶Ă‡Î“Ă¶Ă‡Î“Ă¶Ă‡Î“Ă¶Ă‡Î“Ă¶Ă‡Î“Ă¶Ă‡Î“Ă¶Ă‡Î“Ă¶Ă‡Î“Ă¶Ă‡Î“Ă¶Ă‡Î“Ă¶Ă‡Î“Ă¶Ă‡Î“Ă¶Ă‡Î“Ă¶Ă‡Î“Ă¶Ă‡Î“Ă¶Ă‡Î“Ă¶Ă‡Î“Ă¶Ă‡Î“Ă¶Ă‡Î“Ă¶Ă‡Î“Ă¶Ă‡Î“Ă¶Ă‡Î“Ă¶Ă‡Î“Ă¶Ă‡Î“Ă¶Ă‡Î“Ă¶Ă‡Î“Ă¶Ă‡Î“Ă¶Ă‡Î“Ă¶Ă‡Î“Ă¶Ă‡Î“Ă¶Ă‡Î“Ă¶Ă‡Î“Ă¶Ă‡Î“Ă¶Ă‡Î“Ă¶Ă‡Î“Ă¶Ă‡Î“Ă¶Ă‡Î“Ă¶Ă‡Î“Ă¶Ă‡Î“Ă¶Ă‡Î“Ă¶Ă‡Î“Ă¶Ă‡Î“Ă¶Ă‡Î“Ă¶Ă‡Î“Ă¶Ă‡Î“Ă¶Ă‡Î“Ă¶Ă‡Î“Ă¶Ă‡Î“Ă¶Ă‡Î“Ă¶Ă‡Î“Ă¶Ă‡Î“Ă¶Ă‡Î“Ă¶Ă‡Î“Ă¶Ă‡Î“Ă¶Ă‡Î“Ă¶Ă‡Î“Ă¶Ă‡Î“Ă²Â«Î“Ă¶Ă©                                                                              Î“Ă¶Ă©Î“Ă¶Ă©   Ignored build scripts: @biomejs/biome, esbuild, sharp, workerd.            Î“Ă¶Ă©Î“Ă¶Ă©   Run "pnpm approve-builds" to pick which dependencies should be allowed     Î“Ă¶Ă©Î“Ă¶Ă©   to run scripts.                                                            Î“Ă¶Ă©Î“Ă¶Ă©                                                                              Î“Ă¶Ă©Î“Ă²â–‘Î“Ă¶Ă‡Î“Ă¶Ă‡Î“Ă¶Ă‡Î“Ă¶Ă‡Î“Ă¶Ă‡Î“Ă¶Ă‡Î“Ă¶Ă‡Î“Ă¶Ă‡Î“Ă¶Ă‡Î“Ă¶Ă‡Î“Ă¶Ă‡Î“Ă¶Ă‡Î“Ă¶Ă‡Î“Ă¶Ă‡Î“Ă¶Ă‡Î“Ă¶Ă‡Î“Ă¶Ă‡Î“Ă¶Ă‡Î“Ă¶Ă‡Î“Ă¶Ă‡Î“Ă¶Ă‡Î“Ă¶Ă‡Î“Ă¶Ă‡Î“Ă¶Ă‡Î“Ă¶Ă‡Î“Ă¶Ă‡Î“Ă¶Ă‡Î“Ă¶Ă‡Î“Ă¶Ă‡Î“Ă¶Ă‡Î“Ă¶Ă‡Î“Ă¶Ă‡Î“Ă¶Ă‡Î“Ă¶Ă‡Î“Ă¶Ă‡Î“Ă¶Ă‡Î“Ă¶Ă‡Î“Ă¶Ă‡Î“Ă¶Ă‡Î“Ă¶Ă‡Î“Ă¶Ă‡Î“Ă¶Ă‡Î“Ă¶Ă‡Î“Ă¶Ă‡Î“Ă¶Ă‡Î“Ă¶Ă‡Î“Ă¶Ă‡Î“Ă¶Ă‡Î“Ă¶Ă‡Î“Ă¶Ă‡Î“Ă¶Ă‡Î“Ă¶Ă‡Î“Ă¶Ă‡Î“Ă¶Ă‡Î“Ă¶Ă‡Î“Ă¶Ă‡Î“Ă¶Ă‡Î“Ă¶Ă‡Î“Ă¶Ă‡Î“Ă¶Ă‡Î“Ă¶Ă‡Î“Ă¶Ă‡Î“Ă¶Ă‡Î“Ă¶Ă‡Î“Ă¶Ă‡Î“Ă¶Ă‡Î“Ă¶Ă‡Î“Ă¶Ă‡Î“Ă¶Ă‡Î“Ă¶Ă‡Î“Ă¶Ă‡Î“Ă¶Ă‡Î“Ă¶Ă‡Î“Ă¶Ă‡Î“Ă¶Ă‡Î“Ă¶Ă‡Î“Ă¶Ă‡Î“Ă¶Ă‡Î“Ă²Â»

Done in 4.8s using pnpm v10.6.5
