
[1m[46m RUN [49m[22m [36mv3.2.4 [39m[90mD:/DEV/role-model/.worktrees/08-router-runtime-protocol-routing/packages/conformance[39m

 [31mΓ¥»[39m src/runtime-routing-conformance.test.ts [2m([22m[2m1 test[22m[2m | [22m[31m1 failed[39m[2m)[22m[32m 33[2mms[22m[39m
[31m   [31m├ù[31m runtime routing conformance[2m > [22mprefers candidates with explicit runtime routing signals when baseline scoring is otherwise tied[39m[32m 31[2mms[22m[39m
[31m     ΓåÆ expected 'alpha-local' to be 'zeta-local' // Object.is equality[39m

ΓÄ»ΓÄ»ΓÄ»ΓÄ»ΓÄ»ΓÄ»ΓÄ» Failed Tests 1 ΓÄ»ΓÄ»ΓÄ»ΓÄ»ΓÄ»ΓÄ»ΓÄ»

 FAIL  src/runtime-routing-conformance.test.ts > runtime routing conformance > prefers candidates with explicit runtime routing signals when baseline scoring is otherwise tied
AssertionError: expected 'alpha-local' to be 'zeta-local' // Object.is equality

Expected: "zeta-local"
Received: "alpha-local"

 Γ¥» src/runtime-routing-conformance.test.ts:114:39
    112|     } as const);
    113| 
    114|     expect(result.chosen_endpoint_id).toBe("zeta-local");
       |                                       ^
    115|     expect(result.scored_candidates[0]?.metric_breakdown.preference.raΓÇª
    116|       expect.objectContaining({

ΓÄ»ΓÄ»ΓÄ»ΓÄ»ΓÄ»ΓÄ»ΓÄ»ΓÄ»ΓÄ»ΓÄ»ΓÄ»ΓÄ»ΓÄ»ΓÄ»ΓÄ»ΓÄ»ΓÄ»ΓÄ»ΓÄ»ΓÄ»ΓÄ»ΓÄ»ΓÄ»ΓÄ»[1/1]ΓÄ»


[2m Test Files [22m [1m[31m1 failed[39m[22m[90m (1)[39m
[2m      Tests [22m [1m[31m1 failed[39m[22m[90m (1)[39m
[2m   Start at [22m 12:26:43
[2m   Duration [22m 1.02s[2m (transform 151ms, setup 0ms, collect 168ms, tests 33ms, environment 0ms, prepare 251ms)[22m

undefined
D:\DEV\role-model\.worktrees\08-router-runtime-protocol-routing\packages\conformance:
ΓÇëERR_PNPM_RECURSIVE_EXEC_FIRST_FAILΓÇë Command failed with exit code 1: vitest run src/runtime-routing-conformance.test.ts
