
> @role-model-router/runtime-host-bridge@0.0.0 test D:\DEV\role-model\.worktrees\10-router-runtime-host-integration\role-model-router\apps\runtime-host-bridge
> vitest run test/index.test.ts "--" "--runInBand"


[1m[46m RUN [49m[22m [36mv3.2.4 [39m[90mD:/DEV/role-model/.worktrees/10-router-runtime-host-integration/role-model-router/apps/runtime-host-bridge[39m

(node:41284) ExperimentalWarning: SQLite is an experimental feature and might change at any time
(Use `node --trace-warnings ...` to show where the warning was created)
 [31mΓ¥»[39m test/index.test.ts [2m([22m[2m7 tests[22m[2m | [22m[31m1 failed[39m[2m)[22m[32m 154[2mms[22m[39m
   [32mΓ£ô[39m runtime-host-bridge[2m > [22mcreates a stable model-list response grouped by model id[32m 16[2mms[22m[39m
   [32mΓ£ô[39m runtime-host-bridge[2m > [22mmaps a chat-completions request into role-model routing and execution inputs[32m 1[2mms[22m[39m
   [32mΓ£ô[39m runtime-host-bridge[2m > [22mserves health and model-list endpoints[32m 40[2mms[22m[39m
   [32mΓ£ô[39m runtime-host-bridge[2m > [22mserves chat-completions responses with role-model execution metadata[32m 14[2mms[22m[39m
[31m   [31m├ù[31m runtime-host-bridge[2m > [22mrejects streaming chat-completions requests until streaming transport is implemented[39m[32m 14[2mms[22m[39m
[31m     ΓåÆ expected 200 to be 400 // Object.is equality[39m
   [32mΓ£ô[39m runtime-host-bridge[2m > [22mcreates a runtime backend that executes chat-completions through the real routing and adapter path[32m 67[2mms[22m[39m
   [32mΓ£ô[39m runtime-host-bridge[2m > [22mresolves bridge server options from explicit values and defaults[32m 0[2mms[22m[39m

ΓÄ»ΓÄ»ΓÄ»ΓÄ»ΓÄ»ΓÄ»ΓÄ» Failed Tests 1 ΓÄ»ΓÄ»ΓÄ»ΓÄ»ΓÄ»ΓÄ»ΓÄ»

 FAIL  test/index.test.ts > runtime-host-bridge > rejects streaming chat-completions requests until streaming transport is implemented
AssertionError: expected 200 to be 400 // Object.is equality

- Expected
+ Received

- 400
+ 200

 Γ¥» test/index.test.ts:437:31
    435|       });
    436| 
    437|       expect(response.status).toBe(400);
       |                               ^
    438|       expect(await response.json()).toEqual({
    439|         error: {

ΓÄ»ΓÄ»ΓÄ»ΓÄ»ΓÄ»ΓÄ»ΓÄ»ΓÄ»ΓÄ»ΓÄ»ΓÄ»ΓÄ»ΓÄ»ΓÄ»ΓÄ»ΓÄ»ΓÄ»ΓÄ»ΓÄ»ΓÄ»ΓÄ»ΓÄ»ΓÄ»ΓÄ»[1/1]ΓÄ»


[2m Test Files [22m [1m[31m1 failed[39m[22m[90m (1)[39m
[2m      Tests [22m [1m[31m1 failed[39m[22m[2m | [22m[1m[32m6 passed[39m[22m[90m (7)[39m
[2m   Start at [22m 16:46:59
[2m   Duration [22m 968ms[2m (transform 199ms, setup 0ms, collect 247ms, tests 154ms, environment 0ms, prepare 189ms)[22m

D:\DEV\role-model\.worktrees\10-router-runtime-host-integration\role-model-router\apps\runtime-host-bridge:
ΓÇëERR_PNPM_RECURSIVE_RUN_FIRST_FAILΓÇë @role-model-router/runtime-host-bridge@0.0.0 test: `vitest run test/index.test.ts "--" "--runInBand"`
Exit status 1
