
> @role-model-router/runtime-host-bridge@0.0.0 test D:\DEV\role-model\.worktrees\10-router-runtime-host-integration\role-model-router\apps\runtime-host-bridge
> vitest run test/index.test.ts


[1m[46m RUN [49m[22m [36mv3.2.4 [39m[90mD:/DEV/role-model/.worktrees/10-router-runtime-host-integration/role-model-router/apps/runtime-host-bridge[39m

(node:34432) ExperimentalWarning: SQLite is an experimental feature and might change at any time
(Use `node --trace-warnings ...` to show where the warning was created)
 [31mΓ¥»[39m test/index.test.ts [2m([22m[2m6 tests[22m[2m | [22m[31m1 failed[39m[2m)[22m[32m 150[2mms[22m[39m
   [32mΓ£ô[39m runtime-host-bridge[2m > [22mcreates a stable model-list response grouped by model id[32m 22[2mms[22m[39m
   [32mΓ£ô[39m runtime-host-bridge[2m > [22mmaps a chat-completions request into role-model routing and execution inputs[32m 1[2mms[22m[39m
   [32mΓ£ô[39m runtime-host-bridge[2m > [22mserves health and model-list endpoints[32m 42[2mms[22m[39m
   [32mΓ£ô[39m runtime-host-bridge[2m > [22mserves chat-completions responses with role-model execution metadata[32m 15[2mms[22m[39m
   [32mΓ£ô[39m runtime-host-bridge[2m > [22mcreates a runtime backend that executes chat-completions through the real routing and adapter path[32m 64[2mms[22m[39m
[31m   [31m├ù[31m runtime-host-bridge[2m > [22mresolves bridge server options from explicit values and defaults[39m[32m 6[2mms[22m[39m
[31m     ΓåÆ expected 'undefined' to be 'function' // Object.is equality[39m

ΓÄ»ΓÄ»ΓÄ»ΓÄ»ΓÄ»ΓÄ»ΓÄ» Failed Tests 1 ΓÄ»ΓÄ»ΓÄ»ΓÄ»ΓÄ»ΓÄ»ΓÄ»

 FAIL  test/index.test.ts > runtime-host-bridge > resolves bridge server options from explicit values and defaults
AssertionError: expected 'undefined' to be 'function' // Object.is equality

Expected: "function"
Received: "undefined"

 Γ¥» test/index.test.ts:435:100
    433| 
    434|   test("resolves bridge server options from explicit values and defaulΓÇª
    435|     expect(typeof (bridge as { resolveBridgeServerOptions?: unknown })ΓÇª
       |                                                                                                    ^
    436|       "function",
    437|     );

ΓÄ»ΓÄ»ΓÄ»ΓÄ»ΓÄ»ΓÄ»ΓÄ»ΓÄ»ΓÄ»ΓÄ»ΓÄ»ΓÄ»ΓÄ»ΓÄ»ΓÄ»ΓÄ»ΓÄ»ΓÄ»ΓÄ»ΓÄ»ΓÄ»ΓÄ»ΓÄ»ΓÄ»[1/1]ΓÄ»


[2m Test Files [22m [1m[31m1 failed[39m[22m[90m (1)[39m
[2m      Tests [22m [1m[31m1 failed[39m[22m[2m | [22m[1m[32m5 passed[39m[22m[90m (6)[39m
[2m   Start at [22m 16:18:04
[2m   Duration [22m 910ms[2m (transform 199ms, setup 0ms, collect 242ms, tests 150ms, environment 0ms, prepare 210ms)[22m

D:\DEV\role-model\.worktrees\10-router-runtime-host-integration\role-model-router\apps\runtime-host-bridge:
ΓÇëERR_PNPM_RECURSIVE_RUN_FIRST_FAILΓÇë @role-model-router/runtime-host-bridge@0.0.0 test: `vitest run test/index.test.ts`
Exit status 1
