
### RUNNING corepack pnpm --filter @role-model-router/provider-account test


> @role-model-router/provider-account@0.0.0 test D:\DEV\role-model\.worktrees\14-router-runtime-ui-foundation\role-model-router\packages\provider-account
> vitest run test/index.test.ts


[1m[46m RUN [49m[22m [36mv3.2.4 [39m[90mD:/DEV/role-model/.worktrees/14-router-runtime-ui-foundation/role-model-router/packages/provider-account[39m

 [31mΓ¥»[39m test/index.test.ts [2m([22m[2m4 tests[22m[2m | [22m[31m1 failed[39m[2m)[22m[32m 21[2mms[22m[39m
   [32mΓ£ô[39m SUPPORTED_AUTH_MODES[2m > [22mcovers the roadmap-required auth modes explicitly[32m 2[2mms[22m[39m
   [32mΓ£ô[39m validateProviderAccounts[2m > [22mvalidates provider-account fixtures against catalog provider metadata without exposing raw secrets[32m 6[2mms[22m[39m
   [32mΓ£ô[39m validateProviderAccounts[2m > [22mreports incompatible auth modes for api-key-only catalog providers[32m 3[2mms[22m[39m
[31m   [31m├ù[31m validateProviderAccounts[2m > [22maccepts kimi device oauth when the provider explicitly supports it[39m[32m 9[2mms[22m[39m
[31m     ΓåÆ expected [ { ΓÇª(4) } ] to deeply equal [][39m

ΓÄ»ΓÄ»ΓÄ»ΓÄ»ΓÄ»ΓÄ»ΓÄ» Failed Tests 1 ΓÄ»ΓÄ»ΓÄ»ΓÄ»ΓÄ»ΓÄ»ΓÄ»

 FAIL  test/index.test.ts > validateProviderAccounts > accepts kimi device oauth when the provider explicitly supports it
AssertionError: expected [ { ΓÇª(4) } ] to deeply equal []

- Expected
+ Received

- []
+ [
+   {
+     "code": "AUTH_MODE_INCOMPATIBLE",
+     "message": "Auth mode oauth2-device-code is incompatible with catalog auth family api-key.",
+     "providerAccountId": "moonshot.personal.kimi-code",
+     "severity": "error",
+   },
+ ]

 Γ¥» test/index.test.ts:172:32
    170|     });
    171| 
    172|     expect(result.diagnostics).toEqual([]);
       |                                ^
    173|     expect(result.accounts).toHaveLength(1);
    174|     expect(result.accounts[0]).toMatchObject({

ΓÄ»ΓÄ»ΓÄ»ΓÄ»ΓÄ»ΓÄ»ΓÄ»ΓÄ»ΓÄ»ΓÄ»ΓÄ»ΓÄ»ΓÄ»ΓÄ»ΓÄ»ΓÄ»ΓÄ»ΓÄ»ΓÄ»ΓÄ»ΓÄ»ΓÄ»ΓÄ»ΓÄ»[1/1]ΓÄ»


[2m Test Files [22m [1m[31m1 failed[39m[22m[90m (1)[39m
[2m      Tests [22m [1m[31m1 failed[39m[22m[2m | [22m[1m[32m3 passed[39m[22m[90m (4)[39m
[2m   Start at [22m 05:06:41
[2m   Duration [22m 674ms[2m (transform 75ms, setup 0ms, collect 80ms, tests 21ms, environment 0ms, prepare 182ms)[22m

D:\DEV\role-model\.worktrees\14-router-runtime-ui-foundation\role-model-router\packages\provider-account:
ΓÇëERR_PNPM_RECURSIVE_RUN_FIRST_FAILΓÇë @role-model-router/provider-account@0.0.0 test: `vitest run test/index.test.ts`
Exit status 1

EXPECTED FAIL (exit 1)

