
=== corepack pnpm --filter @role-model-router/runtime-host-bridge test ===

> @role-model-router/runtime-host-bridge@0.0.0 test D:\DEV\role-model\.worktrees\14-router-runtime-ui-foundation\role-model-router\apps\runtime-host-bridge
> vitest run test/index.test.ts test/validate-operations.test.ts test/validate-ui.test.ts


[1m[46m RUN [49m[22m [36mv3.2.4 [39m[90mD:/DEV/role-model/.worktrees/14-router-runtime-ui-foundation/role-model-router/apps/runtime-host-bridge[39m

(node:46680) ExperimentalWarning: SQLite is an experimental feature and might change at any time
(Use `node --trace-warnings ...` to show where the warning was created)
(node:51800) ExperimentalWarning: SQLite is an experimental feature and might change at any time
(Use `node --trace-warnings ...` to show where the warning was created)
(node:28904) ExperimentalWarning: SQLite is an experimental feature and might change at any time
(Use `node --trace-warnings ...` to show where the warning was created)
 [32mΓ£ô[39m test/validate-ui.test.ts [2m([22m[2m1 test[22m[2m)[22m[32m 230[2mms[22m[39m
 [32mΓ£ô[39m test/validate-operations.test.ts [2m([22m[2m1 test[22m[2m)[22m[33m 473[2mms[22m[39m
   [33m[2mΓ£ô[22m[39m runRuntimeOperationsValidation[2m > [22mvalidates isolated scopes and runtime-state maintenance drills [33m 472[2mms[22m[39m
 [31mΓ¥»[39m test/index.test.ts [2m([22m[2m11 tests[22m[2m | [22m[31m2 failed[39m[2m)[22m[33m 529[2mms[22m[39m
   [32mΓ£ô[39m runtime-host-bridge[2m > [22mcreates a stable model-list response grouped by model id[32m 15[2mms[22m[39m
   [32mΓ£ô[39m runtime-host-bridge[2m > [22mmaps a chat-completions request into role-model routing and execution inputs[32m 1[2mms[22m[39m
   [32mΓ£ô[39m runtime-host-bridge[2m > [22mserves health and model-list endpoints[32m 45[2mms[22m[39m
[31m   [31m├ù[31m runtime-host-bridge[2m > [22mserves runtime control-plane summary, provider, account, and endpoint routes[39m[32m 31[2mms[22m[39m
[31m     ΓåÆ expected 404 to be 200 // Object.is equality[39m
   [32mΓ£ô[39m runtime-host-bridge[2m > [22mserves chat-completions responses with role-model execution metadata[32m 6[2mms[22m[39m
   [32mΓ£ô[39m runtime-host-bridge[2m > [22mrejects streaming chat-completions requests until streaming transport is implemented[32m 6[2mms[22m[39m
   [32mΓ£ô[39m runtime-host-bridge[2m > [22mcreates a runtime backend that executes chat-completions through the real routing and adapter path[32m 131[2mms[22m[39m
   [32mΓ£ô[39m runtime-host-bridge[2m > [22mcreates a runtime backend that persists structured request and endpoint inspection state[32m 102[2mms[22m[39m
[31m   [31m├ù[31m runtime-host-bridge[2m > [22mcreates a runtime backend that exposes provider presets, runtime summary, and account upserts[39m[32m 83[2mms[22m[39m
[31m     ΓåÆ expected 'undefined' to be 'function' // Object.is equality[39m
   [32mΓ£ô[39m runtime-host-bridge[2m > [22mserves structured request and endpoint inspection routes through the bridge server[32m 106[2mms[22m[39m
   [32mΓ£ô[39m runtime-host-bridge[2m > [22mresolves bridge server options from explicit values and defaults[32m 0[2mms[22m[39m

ΓÄ»ΓÄ»ΓÄ»ΓÄ»ΓÄ»ΓÄ»ΓÄ» Failed Tests 2 ΓÄ»ΓÄ»ΓÄ»ΓÄ»ΓÄ»ΓÄ»ΓÄ»

 FAIL  test/index.test.ts > runtime-host-bridge > serves runtime control-plane summary, provider, account, and endpoint routes
AssertionError: expected 404 to be 200 // Object.is equality

- Expected
+ Received

- 200
+ 404

 Γ¥» test/index.test.ts:425:43
    423|          }),
    424|        });
    425|        expect(deviceStartResponse.status).toBe(200);
       |                                           ^
    426|        expect(await deviceStartResponse.json()).toEqual({
    427|          authRequestId: "auth-001",

ΓÄ»ΓÄ»ΓÄ»ΓÄ»ΓÄ»ΓÄ»ΓÄ»ΓÄ»ΓÄ»ΓÄ»ΓÄ»ΓÄ»ΓÄ»ΓÄ»ΓÄ»ΓÄ»ΓÄ»ΓÄ»ΓÄ»ΓÄ»ΓÄ»ΓÄ»ΓÄ»ΓÄ»[1/2]ΓÄ»

 FAIL  test/index.test.ts > runtime-host-bridge > creates a runtime backend that exposes provider presets, runtime summary, and account upserts
AssertionError: expected 'undefined' to be 'function' // Object.is equality

Expected: "function"
Received: "undefined"

 Γ¥» test/index.test.ts:825:61
    823|     expect(typeof backend.listAccounts).toBe("function");
    824|     expect(typeof backend.upsertProviderAccount).toBe("function");
    825|     expect(typeof backend.startProviderDeviceAuthorization).toBe("funcΓÇª
       |                                                             ^
    826|     expect(typeof backend.pollProviderDeviceAuthorization).toBe("functΓÇª
    827|     expect(typeof backend.activateEndpoint).toBe("function");

ΓÄ»ΓÄ»ΓÄ»ΓÄ»ΓÄ»ΓÄ»ΓÄ»ΓÄ»ΓÄ»ΓÄ»ΓÄ»ΓÄ»ΓÄ»ΓÄ»ΓÄ»ΓÄ»ΓÄ»ΓÄ»ΓÄ»ΓÄ»ΓÄ»ΓÄ»ΓÄ»ΓÄ»[2/2]ΓÄ»


[2m Test Files [22m [1m[31m1 failed[39m[22m[2m | [22m[1m[32m2 passed[39m[22m[90m (3)[39m
[2m      Tests [22m [1m[31m2 failed[39m[22m[2m | [22m[1m[32m11 passed[39m[22m[90m (13)[39m
[2m   Start at [22m 06:47:05
[2m   Duration [22m 1.39s[2m (transform 427ms, setup 0ms, collect 821ms, tests 1.23s, environment 1ms, prepare 665ms)[22m

D:\DEV\role-model\.worktrees\14-router-runtime-ui-foundation\role-model-router\apps\runtime-host-bridge:
ΓÇëERR_PNPM_RECURSIVE_RUN_FIRST_FAILΓÇë @role-model-router/runtime-host-bridge@0.0.0 test: `vitest run test/index.test.ts test/validate-operations.test.ts test/validate-ui.test.ts`
Exit status 1
EXIT_CODE=1
