
> @role-model-router/runtime-ui@ test D:\DEV\role-model\.worktrees\14-router-runtime-ui-foundation\role-model-router\apps\runtime-ui
> vitest run app/lib/runtime-api.test.ts app/lib/view-models.test.ts app/lib/device-authorization.test.ts


[1m[46m RUN [49m[22m [36mv3.2.4 [39m[90mD:/DEV/role-model/.worktrees/14-router-runtime-ui-foundation/role-model-router/apps/runtime-ui[39m

 [32mΓ£ô[39m app/lib/view-models.test.ts [2m([22m[2m3 tests[22m[2m)[22m[32m 21[2mms[22m[39m
 [32mΓ£ô[39m app/lib/runtime-api.test.ts [2m([22m[2m6 tests[22m[2m)[22m[32m 16[2mms[22m[39m

ΓÄ»ΓÄ»ΓÄ»ΓÄ»ΓÄ»ΓÄ» Failed Suites 1 ΓÄ»ΓÄ»ΓÄ»ΓÄ»ΓÄ»ΓÄ»ΓÄ»

 FAIL  app/lib/device-authorization.test.ts [ app/lib/device-authorization.test.ts ]
Error: Cannot find module './device-authorization' imported from 'D:/DEV/role-model/.worktrees/14-router-runtime-ui-foundation/role-model-router/apps/runtime-ui/app/lib/device-authorization.test.ts'
 Γ¥» app/lib/device-authorization.test.ts:3:1
      1| import { describe, expect, test } from "vitest";
      2| 
      3| import {
       | ^
      4|   getDeviceAuthorizationPollDelayMs,
      5|   resolveVerificationWindowUrl,

Caused by: Error: Failed to load url ./device-authorization (resolved id: ./device-authorization) in D:/DEV/role-model/.worktrees/14-router-runtime-ui-foundation/role-model-router/apps/runtime-ui/app/lib/device-authorization.test.ts. Does the file exist?
 Γ¥» loadAndTransform ../../../node_modules/.pnpm/vite@7.3.2_@types+node@22.1_ffe4277cf87465bba1449374e033820f/node_modules/vite/dist/node/chunks/config.js:22663:33

ΓÄ»ΓÄ»ΓÄ»ΓÄ»ΓÄ»ΓÄ»ΓÄ»ΓÄ»ΓÄ»ΓÄ»ΓÄ»ΓÄ»ΓÄ»ΓÄ»ΓÄ»ΓÄ»ΓÄ»ΓÄ»ΓÄ»ΓÄ»ΓÄ»ΓÄ»ΓÄ»ΓÄ»[1/1]ΓÄ»


[2m Test Files [22m [1m[31m1 failed[39m[22m[2m | [22m[1m[32m2 passed[39m[22m[90m (3)[39m
[2m      Tests [22m [1m[32m9 passed[39m[22m[90m (9)[39m
[2m   Start at [22m 07:23:35
[2m   Duration [22m 665ms[2m (transform 56ms, setup 0ms, collect 108ms, tests 37ms, environment 1ms, prepare 558ms)[22m

D:\DEV\role-model\.worktrees\14-router-runtime-ui-foundation\role-model-router\apps\runtime-ui:
ΓÇëERR_PNPM_RECURSIVE_RUN_FIRST_FAILΓÇë @role-model-router/runtime-ui@ test: `vitest run app/lib/runtime-api.test.ts app/lib/view-models.test.ts app/lib/device-authorization.test.ts`
Exit status 1
