
> @role-model-router/runtime-ui@ test D:\DEV\role-model\.worktrees\14-router-runtime-ui-foundation\role-model-router\apps\runtime-ui
> vitest run app/lib/runtime-api.test.ts app/lib/view-models.test.ts app/lib/device-authorization.test.ts app/lib/design-system.test.ts "--" "app/lib/design-system.test.ts"


[1m[46m RUN [49m[22m [36mv3.2.4 [39m[90mD:/DEV/role-model/.worktrees/14-router-runtime-ui-foundation/role-model-router/apps/runtime-ui[39m

 [32mΓ£ô[39m app/lib/runtime-api.test.ts [2m([22m[2m21 tests[22m[2m)[22m[32m 42[2mms[22m[39m
 [32mΓ£ô[39m app/lib/view-models.test.ts [2m([22m[2m7 tests[22m[2m)[22m[32m 35[2mms[22m[39m
 [32mΓ£ô[39m app/lib/device-authorization.test.ts [2m([22m[2m7 tests[22m[2m)[22m[32m 6[2mms[22m[39m
 [31mΓ¥»[39m app/lib/design-system.test.ts [2m([22m[2m7 tests[22m[2m | [22m[31m2 failed[39m[2m)[22m[32m 70[2mms[22m[39m
   [32mΓ£ô[39m runtime design system[2m > [22mdefines navigation groups and layout templates for every runtime route[32m 3[2mms[22m[39m
   [32mΓ£ô[39m runtime design system[2m > [22mkeeps the shell on restrained radii and explicit content widths[32m 1[2mms[22m[39m
   [32mΓ£ô[39m runtime design system[2m > [22mtemporary conversion scaffolds keep only route-local preserved host doorway actions[32m 39[2mms[22m[39m
[31m   [31m├ù[31m runtime design system[2m > [22mstudio implementation targets render repo-owned workspace sections instead of placeholder blueprints[39m[32m 16[2mms[22m[39m
[31m     ΓåÆ expected '<div class="space-y-6"><div class="grΓÇª' to contain 'Image request modes'[39m
[31m   [31m├ù[31m runtime design system[2m > [22mintegration and system implementation targets render live upstream and peer surfaces[39m[32m 7[2mms[22m[39m
[31m     ΓåÆ expected '<div class="space-y-6"><div class="grΓÇª' to contain 'Upstream target inventory'[39m
   [32mΓ£ô[39m runtime design system[2m > [22mapplies the swiss stone palette, ibm plex typography, and dual-scheme browser contract in shared app chrome[32m 1[2mms[22m[39m
   [32mΓ£ô[39m runtime design system[2m > [22mkeeps shared states on the stone plus single-accent palette[32m 1[2mms[22m[39m

ΓÄ»ΓÄ»ΓÄ»ΓÄ»ΓÄ»ΓÄ»ΓÄ» Failed Tests 2 ΓÄ»ΓÄ»ΓÄ»ΓÄ»ΓÄ»ΓÄ»ΓÄ»

 FAIL  app/lib/design-system.test.ts > runtime design system > studio implementation targets render repo-owned workspace sections instead of placeholder blueprints
AssertionError: expected '<div class="space-y-6"><div class="grΓÇª' to contain 'Image request modes'

Expected: "Image request modes"
Received: "<div class="space-y-6"><div class="grid gap-5 border-b border-[var(--rm-border)] pb-6 xl:grid-cols-[minmax(0,1fr)_auto] xl:items-end"><div class="space-y-4"><div class="h-px w-10 bg-[var(--rm-accent)]"></div><p class="text-xs font-normal uppercase tracking-[0.24em] text-[var(--rm-muted)]">Studio</p><div class="space-y-3"><h1 class="max-w-[16ch] text-balance text-3xl font-light tracking-tight text-[var(--rm-fg)] md:text-4xl">Image workflows</h1><p class="max-w-[60ch] text-sm leading-6 text-[var(--rm-secondary)] md:text-[15px]">This multimodal studio surface is reserved for image generation and editing once the runtime exposes those APIs in the same operator shell.</p></div></div><div class="flex flex-wrap gap-2 xl:justify-end xl:self-end"><a class="inline-flex min-h-[44px] items-center justify-center rounded-none border border-[var(--rm-border-strong)] bg-[var(--rm-surface-strong)] px-4 py-2 text-sm font-medium tracking-wide text-[var(--rm-fg)] transition hover:border-[var(--rm-fg)]" href="/ui">Open preserved UI</a></div></div><section class="rounded-none border border-[var(--rm-border)] bg-[var(--rm-surface)] shadow-[var(--rm-shadow-card)] px-5 py-5 md:px-6 md:py-6"><div class="mb-5 border-b border-[var(--rm-border)] pb-4"><div class="mb-3 h-px w-8 bg-[var(--rm-border-strong)]"></div><h2 class="text-lg font-normal text-[var(--rm-fg)]">Layout blueprint</h2><p class="mt-2 max-w-[60ch] text-sm leading-6 text-[var(--rm-secondary)]">This planned page now carries an explicit studio-workspace structure so the final implementation has a clear Swiss-style reading order before live data lands.</p></div><div class="grid grid-cols-12 gap-4"><div class="rounded-none border border-[var(--rm-border)] bg-[var(--rm-panel)] min-h-32 p-4 md:p-5 col-span-12 xl:col-span-4"><p class="text-[11px] font-medium uppercase tracking-[0.24em] text-[var(--rm-muted)]">Composer rail</p><p class="mt-3 max-w-[34ch] text-sm leading-6 text-[var(--rm-secondary)]">Keep inputs, mode switches, and compact controls in a narrow left rail with no decorative nesting.</p></div><div class="rounded-none border border-[var(--rm-border)] bg-[var(--rm-surface-strong)] min-h-32 p-4 md:p-5 col-span-12 xl:col-span-8"><p class="text-[11px] font-medium uppercase tracking-[0.24em] text-[var(--rm-muted)]">Primary result stage</p><p class="mt-3 max-w-[34ch] text-sm leading-6 text-[var(--rm-secondary)]">The dominant pane belongs to the generated output, transcript, ranking result, or contract response.</p></div><div class="rounded-none border border-[var(--rm-border)] bg-[var(--rm-panel)] min-h-32 p-4 md:p-5 col-span-12 md:col-span-6"><p class="text-[11px] font-medium uppercase tracking-[0.24em] text-[var(--rm-muted)]">Diagnostics</p><p class="mt-3 max-w-[34ch] text-sm leading-6 text-[var(--rm-secondary)]">Usage, receipts, captures, or request metadata stack below the primary stage on smaller screens.</p></div><div class="rounded-none border border-[var(--rm-border)] bg-[var(--rm-panel)] min-h-32 p-4 md:p-5 col-span-12 md:col-span-6"><p class="text-[11px] font-medium uppercase tracking-[0.24em] text-[var(--rm-muted)]">Payload reference</p><p class="mt-3 max-w-[34ch] text-sm leading-6 text-[var(--rm-secondary)]">Raw request and response artifacts remain adjacent instead of moving into hidden drawers.</p></div></div></section><section class="rounded-none border border-[var(--rm-border)] bg-[var(--rm-surface)] shadow-[var(--rm-shadow-card)] px-5 py-5 md:px-6 md:py-6"><div class="mb-5 border-b border-[var(--rm-border)] pb-4"><div class="mb-3 h-px w-8 bg-[var(--rm-border-strong)]"></div><h2 class="text-lg font-normal text-[var(--rm-fg)]">Planned surface</h2><p class="mt-2 max-w-[60ch] text-sm leading-6 text-[var(--rm-secondary)]">This page is intentionally scaffolded while the first-priority routes land with real runtime data.</p></div><ul class="space-y-3 text-sm leading-6 text-[var(--rm-secondary)]"><li>Keep composition controls compact and reserve the dominant column for generated images and capture inspection.</li><li>Reuse the same studio workspace pattern as chat so request parameters, output, and diagnostics stay aligned.</li></ul></section></div>"

 Γ¥» app/lib/design-system.test.ts:153:26
    151|   test("studio implementation targets render repo-owned workspace sectΓÇª
    152|     const imagesMarkup = renderRoute("/app/studio/images", createElemeΓÇª
    153|     expect(imagesMarkup).toContain("Image request modes");
       |                          ^
    154|     expect(imagesMarkup).toContain("Image result stage");
    155|     expect(imagesMarkup).toContain("Run image request");

ΓÄ»ΓÄ»ΓÄ»ΓÄ»ΓÄ»ΓÄ»ΓÄ»ΓÄ»ΓÄ»ΓÄ»ΓÄ»ΓÄ»ΓÄ»ΓÄ»ΓÄ»ΓÄ»ΓÄ»ΓÄ»ΓÄ»ΓÄ»ΓÄ»ΓÄ»ΓÄ»ΓÄ»[1/2]ΓÄ»

 FAIL  app/lib/design-system.test.ts > runtime design system > integration and system implementation targets render live upstream and peer surfaces
AssertionError: expected '<div class="space-y-6"><div class="grΓÇª' to contain 'Upstream target inventory'

Expected: "Upstream target inventory"
Received: "<div class="space-y-6"><div class="grid gap-5 border-b border-[var(--rm-border)] pb-6 xl:grid-cols-[minmax(0,1fr)_auto] xl:items-end"><div class="space-y-4"><div class="h-px w-10 bg-[var(--rm-accent)]"></div><p class="text-xs font-normal uppercase tracking-[0.24em] text-[var(--rm-muted)]">Integrations</p><div class="space-y-3"><h1 class="max-w-[16ch] text-balance text-3xl font-light tracking-tight text-[var(--rm-fg)] md:text-4xl">Upstream providers</h1><p class="max-w-[60ch] text-sm leading-6 text-[var(--rm-secondary)] md:text-[15px]">This page will separate upstream passthrough, provider facts, and raw host boundaries from the editable control-plane routes.</p></div></div><div class="flex flex-wrap gap-2 xl:justify-end xl:self-end"><a class="inline-flex min-h-[44px] items-center justify-center rounded-none border border-[var(--rm-border-strong)] bg-[var(--rm-surface-strong)] px-4 py-2 text-sm font-medium tracking-wide text-[var(--rm-fg)] transition hover:border-[var(--rm-fg)]" href="/ui">Open preserved UI</a></div></div><section class="rounded-none border border-[var(--rm-border)] bg-[var(--rm-surface)] shadow-[var(--rm-shadow-card)] px-5 py-5 md:px-6 md:py-6"><div class="mb-5 border-b border-[var(--rm-border)] pb-4"><div class="mb-3 h-px w-8 bg-[var(--rm-border-strong)]"></div><h2 class="text-lg font-normal text-[var(--rm-fg)]">Layout blueprint</h2><p class="mt-2 max-w-[60ch] text-sm leading-6 text-[var(--rm-secondary)]">This planned page now carries an explicit contract-reference structure so the final implementation has a clear Swiss-style reading order before live data lands.</p></div><div class="grid grid-cols-12 gap-4"><div class="rounded-none border border-[var(--rm-border)] bg-[var(--rm-panel)] min-h-32 p-4 md:p-5 col-span-12 xl:col-span-4"><p class="text-[11px] font-medium uppercase tracking-[0.24em] text-[var(--rm-muted)]">Reference column</p><p class="mt-3 max-w-[34ch] text-sm leading-6 text-[var(--rm-secondary)]">A narrow left column carries base URLs, auth posture, and the reading-order summary.</p></div><div class="rounded-none border border-[var(--rm-border)] bg-[var(--rm-surface-strong)] min-h-32 p-4 md:p-5 col-span-12 xl:col-span-8"><p class="text-[11px] font-medium uppercase tracking-[0.24em] text-[var(--rm-muted)]">Implementation panel</p><p class="mt-3 max-w-[34ch] text-sm leading-6 text-[var(--rm-secondary)]">Use the larger pane for examples, compatibility notes, and operator commands.</p></div><div class="rounded-none border border-[var(--rm-border)] bg-[var(--rm-panel)] min-h-32 p-4 md:p-5 col-span-12"><p class="text-[11px] font-medium uppercase tracking-[0.24em] text-[var(--rm-muted)]">Boundary notes</p><p class="mt-3 max-w-[34ch] text-sm leading-6 text-[var(--rm-secondary)]">Keep caveats and integration limits in a final full-width row instead of duplicating them across separate pages.</p></div></div></section><section class="rounded-none border border-[var(--rm-border)] bg-[var(--rm-surface)] shadow-[var(--rm-shadow-card)] px-5 py-5 md:px-6 md:py-6"><div class="mb-5 border-b border-[var(--rm-border)] pb-4"><div class="mb-3 h-px w-8 bg-[var(--rm-border-strong)]"></div><h2 class="text-lg font-normal text-[var(--rm-fg)]">Planned surface</h2><p class="mt-2 max-w-[60ch] text-sm leading-6 text-[var(--rm-secondary)]">This page is intentionally scaffolded while the first-priority routes land with real runtime data.</p></div><ul class="space-y-3 text-sm leading-6 text-[var(--rm-secondary)]"><li>Explain upstream auth modes, passthrough boundaries, and provider limits without duplicating the Control pages.</li><li>Keep compatibility notes with the Downstream contract; this page focuses on raw upstream access and integration limits.</li></ul></section></div>"

 Γ¥» app/lib/design-system.test.ts:179:28
    177|   test("integration and system implementation targets render live upstΓÇª
    178|     const upstreamMarkup = renderRoute("/app/integrations/upstream", cΓÇª
    179|     expect(upstreamMarkup).toContain("Upstream target inventory");
       |                            ^
    180|     expect(upstreamMarkup).toContain("Provider accounts in scope");
    181|     expect(upstreamMarkup).toContain("/upstream/");

ΓÄ»ΓÄ»ΓÄ»ΓÄ»ΓÄ»ΓÄ»ΓÄ»ΓÄ»ΓÄ»ΓÄ»ΓÄ»ΓÄ»ΓÄ»ΓÄ»ΓÄ»ΓÄ»ΓÄ»ΓÄ»ΓÄ»ΓÄ»ΓÄ»ΓÄ»ΓÄ»ΓÄ»[2/2]ΓÄ»


[2m Test Files [22m [1m[31m1 failed[39m[22m[2m | [22m[1m[32m3 passed[39m[22m[90m (4)[39m
[2m      Tests [22m [1m[31m2 failed[39m[22m[2m | [22m[1m[32m40 passed[39m[22m[90m (42)[39m
[2m   Start at [22m 05:41:13
[2m   Duration [22m 1.48s[2m (transform 366ms, setup 0ms, collect 840ms, tests 153ms, environment 1ms, prepare 1.07s)[22m

D:\DEV\role-model\.worktrees\14-router-runtime-ui-foundation\role-model-router\apps\runtime-ui:
ΓÇëERR_PNPM_RECURSIVE_RUN_FIRST_FAILΓÇë @role-model-router/runtime-ui@ test: `vitest run app/lib/runtime-api.test.ts app/lib/view-models.test.ts app/lib/device-authorization.test.ts app/lib/design-system.test.ts "--" "app/lib/design-system.test.ts"`
Exit status 1
