
=== corepack pnpm --filter @role-model-router/runtime-ui test ===

> @role-model-router/runtime-ui@ test D:\DEV\role-model\.worktrees\14-router-runtime-ui-foundation\role-model-router\apps\runtime-ui
> vitest run app/lib/runtime-api.test.ts app/lib/view-models.test.ts


[1m[46m RUN [49m[22m [36mv3.2.4 [39m[90mD:/DEV/role-model/.worktrees/14-router-runtime-ui-foundation/role-model-router/apps/runtime-ui[39m

 [31mΓ¥»[39m app/lib/runtime-api.test.ts [2m([22m[2m6 tests[22m[2m | [22m[31m3 failed[39m[2m)[22m[32m 19[2mms[22m[39m
   [32mΓ£ô[39m fetchRuntimeSnapshot[2m > [22mloads the operator shell data from the runtime control-plane endpoints[32m 9[2mms[22m[39m
   [32mΓ£ô[39m fetchRequestDetail[2m > [22mloads request detail and the linked endpoint profile for the inspector pane[32m 1[2mms[22m[39m
   [32mΓ£ô[39m submitWorkbenchChat[2m > [22mposts a chat-completions payload to the runtime workbench path[32m 1[2mms[22m[39m
[31m   [31m├ù[31m startRuntimeDeviceAuthorization[2m > [22mposts the selected provider account payload to the runtime device-auth start path[39m[32m 5[2mms[22m[39m
[31m     ΓåÆ (0 , startRuntimeDeviceAuthorization) is not a function[39m
[31m   [31m├ù[31m pollRuntimeDeviceAuthorization[2m > [22mposts the auth request id to the runtime device-auth poll path[39m[32m 1[2mms[22m[39m
[31m     ΓåÆ (0 , pollRuntimeDeviceAuthorization) is not a function[39m
[31m   [31m├ù[31m activateRuntimeEndpoint[2m > [22mposts endpoint activation payload to the runtime endpoints mutation path[39m[32m 1[2mms[22m[39m
[31m     ΓåÆ (0 , activateRuntimeEndpoint) is not a function[39m
 [32mΓ£ô[39m app/lib/view-models.test.ts [2m([22m[2m3 tests[22m[2m)[22m[32m 18[2mms[22m[39m

ΓÄ»ΓÄ»ΓÄ»ΓÄ»ΓÄ»ΓÄ»ΓÄ» Failed Tests 3 ΓÄ»ΓÄ»ΓÄ»ΓÄ»ΓÄ»ΓÄ»ΓÄ»

 FAIL  app/lib/runtime-api.test.ts > startRuntimeDeviceAuthorization > posts the selected provider account payload to the runtime device-auth start path
TypeError: (0 , startRuntimeDeviceAuthorization) is not a function
 Γ¥» app/lib/runtime-api.test.ts:162:7
    160| 
    161|     await expect(
    162|       startRuntimeDeviceAuthorization(
       |       ^
    163|         {
    164|           providerAccountId: "moonshot.personal.kimi-code",

ΓÄ»ΓÄ»ΓÄ»ΓÄ»ΓÄ»ΓÄ»ΓÄ»ΓÄ»ΓÄ»ΓÄ»ΓÄ»ΓÄ»ΓÄ»ΓÄ»ΓÄ»ΓÄ»ΓÄ»ΓÄ»ΓÄ»ΓÄ»ΓÄ»ΓÄ»ΓÄ»ΓÄ»[1/3]ΓÄ»

 FAIL  app/lib/runtime-api.test.ts > pollRuntimeDeviceAuthorization > posts the auth request id to the runtime device-auth poll path
TypeError: (0 , pollRuntimeDeviceAuthorization) is not a function
 Γ¥» app/lib/runtime-api.test.ts:195:18
    193|     });
    194| 
    195|     await expect(pollRuntimeDeviceAuthorization("auth-001", fetcher)).ΓÇª
       |                  ^
    196|       authRequestId: "auth-001",
    197|       providerAccountId: "moonshot.personal.kimi-code",

ΓÄ»ΓÄ»ΓÄ»ΓÄ»ΓÄ»ΓÄ»ΓÄ»ΓÄ»ΓÄ»ΓÄ»ΓÄ»ΓÄ»ΓÄ»ΓÄ»ΓÄ»ΓÄ»ΓÄ»ΓÄ»ΓÄ»ΓÄ»ΓÄ»ΓÄ»ΓÄ»ΓÄ»[2/3]ΓÄ»

 FAIL  app/lib/runtime-api.test.ts > activateRuntimeEndpoint > posts endpoint activation payload to the runtime endpoints mutation path
TypeError: (0 , activateRuntimeEndpoint) is not a function
 Γ¥» app/lib/runtime-api.test.ts:226:7
    224| 
    225|     await expect(
    226|       activateRuntimeEndpoint(
       |       ^
    227|         {
    228|           providerAccountId: "moonshot.personal.primary",

ΓÄ»ΓÄ»ΓÄ»ΓÄ»ΓÄ»ΓÄ»ΓÄ»ΓÄ»ΓÄ»ΓÄ»ΓÄ»ΓÄ»ΓÄ»ΓÄ»ΓÄ»ΓÄ»ΓÄ»ΓÄ»ΓÄ»ΓÄ»ΓÄ»ΓÄ»ΓÄ»ΓÄ»[3/3]ΓÄ»


[2m Test Files [22m [1m[31m1 failed[39m[22m[2m | [22m[1m[32m1 passed[39m[22m[90m (2)[39m
[2m      Tests [22m [1m[31m3 failed[39m[22m[2m | [22m[1m[32m6 passed[39m[22m[90m (9)[39m
[2m   Start at [22m 06:46:59
[2m   Duration [22m 679ms[2m (transform 44ms, setup 0ms, collect 73ms, tests 37ms, environment 0ms, prepare 348ms)[22m

D:\DEV\role-model\.worktrees\14-router-runtime-ui-foundation\role-model-router\apps\runtime-ui:
ΓÇëERR_PNPM_RECURSIVE_RUN_FIRST_FAILΓÇë @role-model-router/runtime-ui@ test: `vitest run app/lib/runtime-api.test.ts app/lib/view-models.test.ts`
Exit status 1
EXIT_CODE=1
