
### RUNNING corepack pnpm --filter @role-model-router/runtime-host-bridge test


> @role-model-router/runtime-host-bridge@0.0.0 test D:\DEV\role-model\.worktrees\14-router-runtime-ui-foundation\role-model-router\apps\runtime-host-bridge
> vitest run test/index.test.ts test/validate-operations.test.ts


[1m[46m RUN [49m[22m [36mv3.2.4 [39m[90mD:/DEV/role-model/.worktrees/14-router-runtime-ui-foundation/role-model-router/apps/runtime-host-bridge[39m

(node:37636) ExperimentalWarning: SQLite is an experimental feature and might change at any time
(Use `node --trace-warnings ...` to show where the warning was created)
(node:31960) ExperimentalWarning: SQLite is an experimental feature and might change at any time
(Use `node --trace-warnings ...` to show where the warning was created)
 [32mΓ£ô[39m test/validate-operations.test.ts [2m([22m[2m1 test[22m[2m)[22m[33m 415[2mms[22m[39m
   [33m[2mΓ£ô[22m[39m runRuntimeOperationsValidation[2m > [22mvalidates isolated scopes and runtime-state maintenance drills [33m 413[2mms[22m[39m
 [31mΓ¥»[39m test/index.test.ts [2m([22m[2m10 tests[22m[2m | [22m[31m1 failed[39m[2m)[22m[33m 427[2mms[22m[39m
   [32mΓ£ô[39m runtime-host-bridge[2m > [22mcreates a stable model-list response grouped by model id[32m 15[2mms[22m[39m
   [32mΓ£ô[39m runtime-host-bridge[2m > [22mmaps a chat-completions request into role-model routing and execution inputs[32m 1[2mms[22m[39m
   [32mΓ£ô[39m runtime-host-bridge[2m > [22mserves health and model-list endpoints[32m 40[2mms[22m[39m
[31m   [31m├ù[31m runtime-host-bridge[2m > [22mserves runtime control-plane summary, provider, account, and endpoint routes[39m[32m 16[2mms[22m[39m
[31m     ΓåÆ expected 404 to be 200 // Object.is equality[39m
   [32mΓ£ô[39m runtime-host-bridge[2m > [22mserves chat-completions responses with role-model execution metadata[32m 10[2mms[22m[39m
   [32mΓ£ô[39m runtime-host-bridge[2m > [22mrejects streaming chat-completions requests until streaming transport is implemented[32m 5[2mms[22m[39m
   [32mΓ£ô[39m runtime-host-bridge[2m > [22mcreates a runtime backend that executes chat-completions through the real routing and adapter path[32m 106[2mms[22m[39m
   [32mΓ£ô[39m runtime-host-bridge[2m > [22mcreates a runtime backend that persists structured request and endpoint inspection state[32m 108[2mms[22m[39m
   [32mΓ£ô[39m runtime-host-bridge[2m > [22mserves structured request and endpoint inspection routes through the bridge server[32m 124[2mms[22m[39m
   [32mΓ£ô[39m runtime-host-bridge[2m > [22mresolves bridge server options from explicit values and defaults[32m 0[2mms[22m[39m

ΓÄ»ΓÄ»ΓÄ»ΓÄ»ΓÄ»ΓÄ»ΓÄ» Failed Tests 1 ΓÄ»ΓÄ»ΓÄ»ΓÄ»ΓÄ»ΓÄ»ΓÄ»

 FAIL  test/index.test.ts > runtime-host-bridge > serves runtime control-plane summary, provider, account, and endpoint routes
AssertionError: expected 404 to be 200 // Object.is equality

- Expected
+ Received

- 200
+ 404

 Γ¥» test/index.test.ts:354:38
    352|     try {
    353|       const summaryResponse = await fetch(`http://127.0.0.1:${server.pΓÇª
    354|       expect(summaryResponse.status).toBe(200);
       |                                      ^
    355|       expect(await summaryResponse.json()).toEqual({
    356|         lifecycleSummary: registry.lifecycleSummary,

ΓÄ»ΓÄ»ΓÄ»ΓÄ»ΓÄ»ΓÄ»ΓÄ»ΓÄ»ΓÄ»ΓÄ»ΓÄ»ΓÄ»ΓÄ»ΓÄ»ΓÄ»ΓÄ»ΓÄ»ΓÄ»ΓÄ»ΓÄ»ΓÄ»ΓÄ»ΓÄ»ΓÄ»[1/1]ΓÄ»


[2m Test Files [22m [1m[31m1 failed[39m[22m[2m | [22m[1m[32m1 passed[39m[22m[90m (2)[39m
[2m      Tests [22m [1m[31m1 failed[39m[22m[2m | [22m[1m[32m10 passed[39m[22m[90m (11)[39m
[2m   Start at [22m 05:06:46
[2m   Duration [22m 1.18s[2m (transform 344ms, setup 0ms, collect 493ms, tests 842ms, environment 0ms, prepare 315ms)[22m

D:\DEV\role-model\.worktrees\14-router-runtime-ui-foundation\role-model-router\apps\runtime-host-bridge:
ΓÇëERR_PNPM_RECURSIVE_RUN_FIRST_FAILΓÇë @role-model-router/runtime-host-bridge@0.0.0 test: `vitest run test/index.test.ts test/validate-operations.test.ts`
Exit status 1

EXPECTED FAIL (exit 1)

