
> @role-model-router/runtime-host-bridge@0.0.0 test D:\DEV\role-model\.worktrees\14-router-runtime-ui-foundation\role-model-router\apps\runtime-host-bridge
> vitest run test/index.test.ts test/validate-operations.test.ts test/validate-ui.test.ts


[1m[46m RUN [49m[22m [36mv3.2.4 [39m[90mD:/DEV/role-model/.worktrees/14-router-runtime-ui-foundation/role-model-router/apps/runtime-host-bridge[39m

(node:33632) ExperimentalWarning: SQLite is an experimental feature and might change at any time
(Use `node --trace-warnings ...` to show where the warning was created)
(node:25628) ExperimentalWarning: SQLite is an experimental feature and might change at any time
(Use `node --trace-warnings ...` to show where the warning was created)
(node:40316) ExperimentalWarning: SQLite is an experimental feature and might change at any time
(Use `node --trace-warnings ...` to show where the warning was created)
 [31mΓ¥»[39m test/validate-ui.test.ts [2m([22m[2m1 test[22m[2m | [22m[31m1 failed[39m[2m)[22m[33m 641[2mms[22m[39m
[31m   [31m├ù[31m runRuntimeUiValidation[2m > [22mvalidates runtime summary, provider variants, account upserts, and endpoint activation[39m[33m 639[2mms[22m[39m
[31m     ΓåÆ expected undefined to deeply equal ArrayContaining ["general.chat"][39m
 [32mΓ£ô[39m test/validate-operations.test.ts [2m([22m[2m1 test[22m[2m)[22m[33m 718[2mms[22m[39m
   [33m[2mΓ£ô[22m[39m runRuntimeOperationsValidation[2m > [22mvalidates isolated scopes and runtime-state maintenance drills [33m 715[2mms[22m[39m
 [31mΓ¥»[39m test/index.test.ts [2m([22m[2m11 tests[22m[2m | [22m[31m2 failed[39m[2m)[22m[33m 889[2mms[22m[39m
   [32mΓ£ô[39m runtime-host-bridge[2m > [22mcreates a stable model-list response grouped by model id[32m 27[2mms[22m[39m
   [32mΓ£ô[39m runtime-host-bridge[2m > [22mmaps a chat-completions request into role-model routing and execution inputs[32m 1[2mms[22m[39m
   [32mΓ£ô[39m runtime-host-bridge[2m > [22mserves health and model-list endpoints[32m 69[2mms[22m[39m
[31m   [31m├ù[31m runtime-host-bridge[2m > [22mserves runtime control-plane summary, provider, account, and endpoint routes[39m[32m 48[2mms[22m[39m
[31m     ΓåÆ expected 404 to be 200 // Object.is equality[39m
   [32mΓ£ô[39m runtime-host-bridge[2m > [22mserves chat-completions responses with role-model execution metadata[32m 23[2mms[22m[39m
   [32mΓ£ô[39m runtime-host-bridge[2m > [22mrejects streaming chat-completions requests until streaming transport is implemented[32m 10[2mms[22m[39m
   [32mΓ£ô[39m runtime-host-bridge[2m > [22mcreates a runtime backend that executes chat-completions through the real routing and adapter path[32m 222[2mms[22m[39m
   [32mΓ£ô[39m runtime-host-bridge[2m > [22mcreates a runtime backend that persists structured request and endpoint inspection state[32m 200[2mms[22m[39m
[31m   [31m├ù[31m runtime-host-bridge[2m > [22mcreates a runtime backend that exposes provider presets, runtime summary, and account upserts[39m[32m 127[2mms[22m[39m
[31m     ΓåÆ expected 'undefined' to be 'function' // Object.is equality[39m
   [32mΓ£ô[39m runtime-host-bridge[2m > [22mserves structured request and endpoint inspection routes through the bridge server[32m 158[2mms[22m[39m
   [32mΓ£ô[39m runtime-host-bridge[2m > [22mresolves bridge server options from explicit values and defaults[32m 1[2mms[22m[39m

ΓÄ»ΓÄ»ΓÄ»ΓÄ»ΓÄ»ΓÄ»ΓÄ» Failed Tests 3 ΓÄ»ΓÄ»ΓÄ»ΓÄ»ΓÄ»ΓÄ»ΓÄ»

 FAIL  test/index.test.ts > runtime-host-bridge > serves runtime control-plane summary, provider, account, and endpoint routes
AssertionError: expected 404 to be 200 // Object.is equality

- Expected
+ Received

- 200
+ 404

 Γ¥» test/index.test.ts:421:37
    419| 
    420|        const rolesResponse = await fetch(`http://127.0.0.1:${server.poΓÇª
    421|        expect(rolesResponse.status).toBe(200);
       |                                     ^
    422|        expect(await rolesResponse.json()).toEqual([
    423|          {

ΓÄ»ΓÄ»ΓÄ»ΓÄ»ΓÄ»ΓÄ»ΓÄ»ΓÄ»ΓÄ»ΓÄ»ΓÄ»ΓÄ»ΓÄ»ΓÄ»ΓÄ»ΓÄ»ΓÄ»ΓÄ»ΓÄ»ΓÄ»ΓÄ»ΓÄ»ΓÄ»ΓÄ»[1/3]ΓÄ»

 FAIL  test/index.test.ts > runtime-host-bridge > creates a runtime backend that exposes provider presets, runtime summary, and account upserts
AssertionError: expected 'undefined' to be 'function' // Object.is equality

Expected: "function"
Received: "undefined"

 Γ¥» test/index.test.ts:852:38
    850|     expect(typeof backend.readRuntimeSummary).toBe("function");
    851|     expect(typeof backend.listProviders).toBe("function");
    852|     expect(typeof backend.listRoles).toBe("function");
       |                                      ^
    853|     expect(typeof backend.listAccounts).toBe("function");
    854|     expect(typeof backend.upsertProviderAccount).toBe("function");

ΓÄ»ΓÄ»ΓÄ»ΓÄ»ΓÄ»ΓÄ»ΓÄ»ΓÄ»ΓÄ»ΓÄ»ΓÄ»ΓÄ»ΓÄ»ΓÄ»ΓÄ»ΓÄ»ΓÄ»ΓÄ»ΓÄ»ΓÄ»ΓÄ»ΓÄ»ΓÄ»ΓÄ»[2/3]ΓÄ»

 FAIL  test/validate-ui.test.ts > runRuntimeUiValidation > validates runtime summary, provider variants, account upserts, and endpoint activation
AssertionError: expected undefined to deeply equal ArrayContaining ["general.chat"]

- Expected: 
ArrayContaining [
  "general.chat",
]

+ Received: 
undefined

 Γ¥» test/validate-ui.test.ts:28:37
     26|     expect(result.endpointCount).toBeGreaterThanOrEqual(2);
     27|     expect(result.moonshotVariantIds).toEqual(["moonshot-open-platformΓÇª
     28|     expect(result.availableRoleIds).toEqual(expect.arrayContaining(["gΓÇª
       |                                     ^
     29|     expect(result.upsertedAccountId).toBe("moonshot.personal.primary");
     30|     expect(result.accountListIncludesUpsert).toBe(true);

ΓÄ»ΓÄ»ΓÄ»ΓÄ»ΓÄ»ΓÄ»ΓÄ»ΓÄ»ΓÄ»ΓÄ»ΓÄ»ΓÄ»ΓÄ»ΓÄ»ΓÄ»ΓÄ»ΓÄ»ΓÄ»ΓÄ»ΓÄ»ΓÄ»ΓÄ»ΓÄ»ΓÄ»[3/3]ΓÄ»


[2m Test Files [22m [1m[31m2 failed[39m[22m[2m | [22m[1m[32m1 passed[39m[22m[90m (3)[39m
[2m      Tests [22m [1m[31m3 failed[39m[22m[2m | [22m[1m[32m10 passed[39m[22m[90m (13)[39m
[2m   Start at [22m 07:08:47
[2m   Duration [22m 2.56s[2m (transform 618ms, setup 0ms, collect 1.21s, tests 2.25s, environment 1ms, prepare 921ms)[22m

D:\DEV\role-model\.worktrees\14-router-runtime-ui-foundation\role-model-router\apps\runtime-host-bridge:
ΓÇëERR_PNPM_RECURSIVE_RUN_FIRST_FAILΓÇë @role-model-router/runtime-host-bridge@0.0.0 test: `vitest run test/index.test.ts test/validate-operations.test.ts test/validate-ui.test.ts`
Exit status 1
