
=== corepack pnpm --filter @role-model-router/sqlite-memory test ===

> @role-model-router/sqlite-memory@0.0.0 test D:\DEV\role-model\.worktrees\14-router-runtime-ui-foundation\role-model-router\packages\sqlite-memory
> vitest run test/index.test.ts


[1m[46m RUN [49m[22m [36mv3.2.4 [39m[90mD:/DEV/role-model/.worktrees/14-router-runtime-ui-foundation/role-model-router/packages/sqlite-memory[39m

(node:9336) ExperimentalWarning: SQLite is an experimental feature and might change at any time
(Use `node --trace-warnings ...` to show where the warning was created)
 [31mΓ¥»[39m test/index.test.ts [2m([22m[2m12 tests[22m[2m | [22m[31m2 failed[39m[2m)[22m[33m 734[2mms[22m[39m
   [32mΓ£ô[39m initializeSqliteMemory[2m > [22mcreates the planned schema, WAL mode, and initial migration receipt under the runtime state root[32m 49[2mms[22m[39m
   [32mΓ£ô[39m initializeSqliteMemory[2m > [22mpersists validated provider accounts by credential reference without storing raw secrets[32m 54[2mms[22m[39m
   [32mΓ£ô[39m initializeSqliteMemory[2m > [22mupserts and lists provider accounts for runtime control-plane reads[32m 50[2mms[22m[39m
[31m   [31m├ù[31m initializeSqliteMemory[2m > [22mpersists runtime-managed endpoint activations for dynamic registry materialization[39m[32m 9[2mms[22m[39m
[31m     ΓåÆ expected 'undefined' to be 'function' // Object.is equality[39m
[31m   [31m├ù[31m initializeSqliteMemory[2m > [22mpersists device-auth session state for runtime OAuth polling[39m[32m 1[2mms[22m[39m
[31m     ΓåÆ expected 'undefined' to be 'function' // Object.is equality[39m
   [32mΓ£ô[39m initializeSqliteMemory[2m > [22mrecords explicit maintenance defaults and idempotent migration behavior[32m 56[2mms[22m[39m
   [32mΓ£ô[39m initializeSqliteMemory[2m > [22mpersists and reloads the continuity rows needed for bounded context assembly[32m 69[2mms[22m[39m
   [32mΓ£ô[39m initializeSqliteMemory[2m > [22mpersists retrieval receipts for later routing diagnostics[32m 51[2mms[22m[39m
   [32mΓ£ô[39m initializeSqliteMemory[2m > [22mpersists runtime observation bundles, profile snapshots, and maintenance-policy reads[32m 116[2mms[22m[39m
   [32mΓ£ô[39m initializeSqliteMemory[2m > [22mexports persisted runtime state for operator drills[32m 111[2mms[22m[39m
   [32mΓ£ô[39m initializeSqliteMemory[2m > [22mrestores runtime state from a backup after scoped deletion[32m 115[2mms[22m[39m
   [32mΓ£ô[39m runRuntimeStateValidation[2m > [22mvalidates provider accounts and initializes SQLite through the local validation path[32m 53[2mms[22m[39m

ΓÄ»ΓÄ»ΓÄ»ΓÄ»ΓÄ»ΓÄ»ΓÄ» Failed Tests 2 ΓÄ»ΓÄ»ΓÄ»ΓÄ»ΓÄ»ΓÄ»ΓÄ»

 FAIL  test/index.test.ts > initializeSqliteMemory > persists runtime-managed endpoint activations for dynamic registry materialization
AssertionError: expected 'undefined' to be 'function' // Object.is equality

Expected: "function"
Received: "undefined"

 Γ¥» test/index.test.ts:237:94
    235| 
    236|   test("persists runtime-managed endpoint activations for dynamic regiΓÇª
    237|     expect(typeof (sqliteMemory as { listRuntimeEndpoints?: unknown })ΓÇª
       |                                                                                              ^
    238|     expect(typeof (sqliteMemory as { upsertRuntimeEndpoint?: unknown }ΓÇª
    239| 

ΓÄ»ΓÄ»ΓÄ»ΓÄ»ΓÄ»ΓÄ»ΓÄ»ΓÄ»ΓÄ»ΓÄ»ΓÄ»ΓÄ»ΓÄ»ΓÄ»ΓÄ»ΓÄ»ΓÄ»ΓÄ»ΓÄ»ΓÄ»ΓÄ»ΓÄ»ΓÄ»ΓÄ»[1/2]ΓÄ»

 FAIL  test/index.test.ts > initializeSqliteMemory > persists device-auth session state for runtime OAuth polling
AssertionError: expected 'undefined' to be 'function' // Object.is equality

Expected: "function"
Received: "undefined"

 Γ¥» test/index.test.ts:306:7
    304|         }
    305|       ).readProviderDeviceAuthSession,
    306|     ).toBe("function");
       |       ^
    307|     expect(
    308|       typeof (

ΓÄ»ΓÄ»ΓÄ»ΓÄ»ΓÄ»ΓÄ»ΓÄ»ΓÄ»ΓÄ»ΓÄ»ΓÄ»ΓÄ»ΓÄ»ΓÄ»ΓÄ»ΓÄ»ΓÄ»ΓÄ»ΓÄ»ΓÄ»ΓÄ»ΓÄ»ΓÄ»ΓÄ»[2/2]ΓÄ»


[2m Test Files [22m [1m[31m1 failed[39m[22m[90m (1)[39m
[2m      Tests [22m [1m[31m2 failed[39m[22m[2m | [22m[1m[32m10 passed[39m[22m[90m (12)[39m
[2m   Start at [22m 06:47:02
[2m   Duration [22m 1.57s[2m (transform 207ms, setup 0ms, collect 254ms, tests 734ms, environment 0ms, prepare 207ms)[22m

D:\DEV\role-model\.worktrees\14-router-runtime-ui-foundation\role-model-router\packages\sqlite-memory:
ΓÇëERR_PNPM_RECURSIVE_RUN_FIRST_FAILΓÇë @role-model-router/sqlite-memory@0.0.0 test: `vitest run test/index.test.ts`
Exit status 1
EXIT_CODE=1
