
### RUNNING corepack pnpm --filter @role-model-router/sqlite-memory test


> @role-model-router/sqlite-memory@0.0.0 test D:\DEV\role-model\.worktrees\14-router-runtime-ui-foundation\role-model-router\packages\sqlite-memory
> vitest run test/index.test.ts


[1m[46m RUN [49m[22m [36mv3.2.4 [39m[90mD:/DEV/role-model/.worktrees/14-router-runtime-ui-foundation/role-model-router/packages/sqlite-memory[39m

(node:47596) ExperimentalWarning: SQLite is an experimental feature and might change at any time
(Use `node --trace-warnings ...` to show where the warning was created)
 [31mΓ¥»[39m test/index.test.ts [2m([22m[2m10 tests[22m[2m | [22m[31m1 failed[39m[2m)[22m[33m 707[2mms[22m[39m
   [32mΓ£ô[39m initializeSqliteMemory[2m > [22mcreates the planned schema, WAL mode, and initial migration receipt under the runtime state root[32m 46[2mms[22m[39m
   [32mΓ£ô[39m initializeSqliteMemory[2m > [22mpersists validated provider accounts by credential reference without storing raw secrets[32m 52[2mms[22m[39m
[31m   [31m├ù[31m initializeSqliteMemory[2m > [22mupserts and lists provider accounts for runtime control-plane reads[39m[32m 8[2mms[22m[39m
[31m     ΓåÆ expected 'undefined' to be 'function' // Object.is equality[39m
   [32mΓ£ô[39m initializeSqliteMemory[2m > [22mrecords explicit maintenance defaults and idempotent migration behavior[32m 56[2mms[22m[39m
   [32mΓ£ô[39m initializeSqliteMemory[2m > [22mpersists and reloads the continuity rows needed for bounded context assembly[32m 65[2mms[22m[39m
   [32mΓ£ô[39m initializeSqliteMemory[2m > [22mpersists retrieval receipts for later routing diagnostics[32m 57[2mms[22m[39m
   [32mΓ£ô[39m initializeSqliteMemory[2m > [22mpersists runtime observation bundles, profile snapshots, and maintenance-policy reads[32m 139[2mms[22m[39m
   [32mΓ£ô[39m initializeSqliteMemory[2m > [22mexports persisted runtime state for operator drills[32m 104[2mms[22m[39m
   [32mΓ£ô[39m initializeSqliteMemory[2m > [22mrestores runtime state from a backup after scoped deletion[32m 130[2mms[22m[39m
   [32mΓ£ô[39m runRuntimeStateValidation[2m > [22mvalidates provider accounts and initializes SQLite through the local validation path[32m 48[2mms[22m[39m

ΓÄ»ΓÄ»ΓÄ»ΓÄ»ΓÄ»ΓÄ»ΓÄ» Failed Tests 1 ΓÄ»ΓÄ»ΓÄ»ΓÄ»ΓÄ»ΓÄ»ΓÄ»

 FAIL  test/index.test.ts > initializeSqliteMemory > upserts and lists provider accounts for runtime control-plane reads
AssertionError: expected 'undefined' to be 'function' // Object.is equality

Expected: "function"
Received: "undefined"

 Γ¥» test/index.test.ts:138:7
    136|         }
    137|       ).listProviderAccounts,
    138|     ).toBe("function");
       |       ^
    139|     expect(
    140|       typeof (

ΓÄ»ΓÄ»ΓÄ»ΓÄ»ΓÄ»ΓÄ»ΓÄ»ΓÄ»ΓÄ»ΓÄ»ΓÄ»ΓÄ»ΓÄ»ΓÄ»ΓÄ»ΓÄ»ΓÄ»ΓÄ»ΓÄ»ΓÄ»ΓÄ»ΓÄ»ΓÄ»ΓÄ»[1/1]ΓÄ»


[2m Test Files [22m [1m[31m1 failed[39m[22m[90m (1)[39m
[2m      Tests [22m [1m[31m1 failed[39m[22m[2m | [22m[1m[32m9 passed[39m[22m[90m (10)[39m
[2m   Start at [22m 05:06:43
[2m   Duration [22m 1.46s[2m (transform 194ms, setup 0ms, collect 246ms, tests 707ms, environment 0ms, prepare 169ms)[22m

D:\DEV\role-model\.worktrees\14-router-runtime-ui-foundation\role-model-router\packages\sqlite-memory:
ΓÇëERR_PNPM_RECURSIVE_RUN_FIRST_FAILΓÇë @role-model-router/sqlite-memory@0.0.0 test: `vitest run test/index.test.ts`
Exit status 1

EXPECTED FAIL (exit 1)

