.                                        | ΓÇëWARNΓÇë Unsupported engine: wanted: {"node":">=22 <23"} (current: {"node":"v24.11.0","pnpm":"10.6.5"})

[1m[46m RUN [49m[22m [36mv3.2.4 [39m[90mD:/DEV/role-model/.worktrees/01-protocol-routing-obs/packages/conformance[39m

 [31mΓ¥»[39m src/gateway-smoke-observability.test.ts [2m([22m[2m2 tests[22m[2m | [22m[31m1 failed[39m[2m)[22m[33m 9208[2mms[22m[39m
[31m   [31m├ù[31m gateway smoke observability conformance[2m > [22memits trace and usage artifacts with run01 linkage ids and canonical trace shapes[39m[33m 5167[2mms[22m[39m
[31m     ΓåÆ router-decision.json
[
  {
    "instancePath": "/policy_snapshot",
    "schemaPath": "./routing-policy.schema.json/required",
    "keyword": "required",
    "params": {
      "missingProperty": "compute_preference"
    },
    "message": "must have required property 'compute_preference'"
  },
  {
    "instancePath": "/policy_snapshot",
    "schemaPath": "./routing-policy.schema.json/required",
    "keyword": "required",
    "params": {
      "missingProperty": "required_capabilities"
    },
    "message": "must have required property 'required_capabilities'"
  },
  {
    "instancePath": "/policy_snapshot",
    "schemaPath": "./routing-policy.schema.json/required",
    "keyword": "required",
    "params": {
      "missingProperty": "required_modalities"
    },
    "message": "must have required property 'required_modalities'"
  },
  {
    "instancePath": "/policy_snapshot",
    "schemaPath": "./routing-policy.schema.json/required",
    "keyword": "required",
    "params": {
      "missingProperty": "require_tools"
    },
    "message": "must have required property 'require_tools'"
  },
  {
    "instancePath": "/policy_snapshot",
    "schemaPath": "./routing-policy.schema.json/required",
    "keyword": "required",
    "params": {
      "missingProperty": "deny_endpoints"
    },
    "message": "must have required property 'deny_endpoints'"
  },
  {
    "instancePath": "/policy_snapshot",
    "schemaPath": "./routing-policy.schema.json/required",
    "keyword": "required",
    "params": {
      "missingProperty": "allow_endpoints"
    },
    "message": "must have required property 'allow_endpoints'"
  },
  {
    "instancePath": "/policy_snapshot",
    "schemaPath": "./routing-policy.schema.json/required",
    "keyword": "required",
    "params": {
      "missingProperty": "deny_provider_kinds"
    },
    "message": "must have required property 'deny_provider_kinds'"
  },
  {
    "instancePath": "/policy_snapshot",
    "schemaPath": "./routing-policy.schema.json/required",
    "keyword": "required",
    "params": {
      "missingProperty": "allow_provider_kinds"
    },
    "message": "must have required property 'allow_provider_kinds'"
  },
  {
    "instancePath": "/policy_snapshot",
    "schemaPath": "./routing-policy.schema.json/required",
    "keyword": "required",
    "params": {
      "missingProperty": "budget"
    },
    "message": "must have required property 'budget'"
  },
  {
    "instancePath": "/policy_snapshot",
    "schemaPath": "./routing-policy.schema.json/required",
    "keyword": "required",
    "params": {
      "missingProperty": "privacy"
    },
    "message": "must have required property 'privacy'"
  },
  {
    "instancePath": "/policy_snapshot",
    "schemaPath": "./routing-policy.schema.json/required",
    "keyword": "required",
    "params": {
      "missingProperty": "targets"
    },
    "message": "must have required property 'targets'"
  }
][39m
   [33m[2mΓ£ô[22m[39m gateway smoke observability conformance[2m > [22memits observed performance with the run01 sample window and sources shape [33m 4036[2mms[22m[39m

ΓÄ»ΓÄ»ΓÄ»ΓÄ»ΓÄ»ΓÄ»ΓÄ» Failed Tests 1 ΓÄ»ΓÄ»ΓÄ»ΓÄ»ΓÄ»ΓÄ»ΓÄ»

 FAIL  src/gateway-smoke-observability.test.ts > gateway smoke observability conformance > emits trace and usage artifacts with run01 linkage ids and canonical trace shapes
Error: router-decision.json
[
  {
    "instancePath": "/policy_snapshot",
    "schemaPath": "./routing-policy.schema.json/required",
    "keyword": "required",
    "params": {
      "missingProperty": "compute_preference"
    },
    "message": "must have required property 'compute_preference'"
  },
  {
    "instancePath": "/policy_snapshot",
    "schemaPath": "./routing-policy.schema.json/required",
    "keyword": "required",
    "params": {
      "missingProperty": "required_capabilities"
    },
    "message": "must have required property 'required_capabilities'"
  },
  {
    "instancePath": "/policy_snapshot",
    "schemaPath": "./routing-policy.schema.json/required",
    "keyword": "required",
    "params": {
      "missingProperty": "required_modalities"
    },
    "message": "must have required property 'required_modalities'"
  },
  {
    "instancePath": "/policy_snapshot",
    "schemaPath": "./routing-policy.schema.json/required",
    "keyword": "required",
    "params": {
      "missingProperty": "require_tools"
    },
    "message": "must have required property 'require_tools'"
  },
  {
    "instancePath": "/policy_snapshot",
    "schemaPath": "./routing-policy.schema.json/required",
    "keyword": "required",
    "params": {
      "missingProperty": "deny_endpoints"
    },
    "message": "must have required property 'deny_endpoints'"
  },
  {
    "instancePath": "/policy_snapshot",
    "schemaPath": "./routing-policy.schema.json/required",
    "keyword": "required",
    "params": {
      "missingProperty": "allow_endpoints"
    },
    "message": "must have required property 'allow_endpoints'"
  },
  {
    "instancePath": "/policy_snapshot",
    "schemaPath": "./routing-policy.schema.json/required",
    "keyword": "required",
    "params": {
      "missingProperty": "deny_provider_kinds"
    },
    "message": "must have required property 'deny_provider_kinds'"
  },
  {
    "instancePath": "/policy_snapshot",
    "schemaPath": "./routing-policy.schema.json/required",
    "keyword": "required",
    "params": {
      "missingProperty": "allow_provider_kinds"
    },
    "message": "must have required property 'allow_provider_kinds'"
  },
  {
    "instancePath": "/policy_snapshot",
    "schemaPath": "./routing-policy.schema.json/required",
    "keyword": "required",
    "params": {
      "missingProperty": "budget"
    },
    "message": "must have required property 'budget'"
  },
  {
    "instancePath": "/policy_snapshot",
    "schemaPath": "./routing-policy.schema.json/required",
    "keyword": "required",
    "params": {
      "missingProperty": "privacy"
    },
    "message": "must have required property 'privacy'"
  },
  {
    "instancePath": "/policy_snapshot",
    "schemaPath": "./routing-policy.schema.json/required",
    "keyword": "required",
    "params": {
      "missingProperty": "targets"
    },
    "message": "must have required property 'targets'"
  }
]
 Γ¥» assertValid src/schema-test-helpers.ts:36:11
     34|   if (!validate(payload)) {
     35|     const details = JSON.stringify(validate.errors, null, 2);
     36|     throw new Error(label ? `${label}\n${details}` : details);
       |           ^
     37|   }
     38| }
 Γ¥» src/gateway-smoke-observability.test.ts:67:7

ΓÄ»ΓÄ»ΓÄ»ΓÄ»ΓÄ»ΓÄ»ΓÄ»ΓÄ»ΓÄ»ΓÄ»ΓÄ»ΓÄ»ΓÄ»ΓÄ»ΓÄ»ΓÄ»ΓÄ»ΓÄ»ΓÄ»ΓÄ»ΓÄ»ΓÄ»ΓÄ»ΓÄ»[1/1]ΓÄ»


[2m Test Files [22m [1m[31m1 failed[39m[22m[90m (1)[39m
[2m      Tests [22m [1m[31m1 failed[39m[22m[2m | [22m[1m[32m1 passed[39m[22m[90m (2)[39m
[2m   Start at [22m 14:41:22
[2m   Duration [22m 11.61s[2m (transform 367ms, setup 0ms, collect 315ms, tests 9.21s, environment 1ms, prepare 798ms)[22m

undefined
D:\DEV\role-model\.worktrees\01-protocol-routing-obs\packages\conformance:
ΓÇëERR_PNPM_RECURSIVE_EXEC_FIRST_FAILΓÇë Command failed with exit code 1: vitest run src/gateway-smoke-observability.test.ts
