.                                        | ΓÇëWARNΓÇë Unsupported engine: wanted: {"node":">=22 <23"} (current: {"node":"v24.11.0","pnpm":"10.6.5"})

[1m[46m RUN [49m[22m [36mv3.2.4 [39m[90mD:/DEV/role-model/.worktrees/01-protocol-routing-obs/packages/conformance[39m

 [31mΓ¥»[39m src/gateway-smoke-observability.test.ts [2m([22m[2m2 tests[22m[2m | [22m[31m1 failed[39m[2m)[22m[33m 15060[2mms[22m[39m
[31m   [31m├ù[31m gateway smoke observability conformance[2m > [22memits trace and usage artifacts with run01 linkage ids and canonical trace shapes[39m[33m 8054[2mms[22m[39m
[31m     ΓåÆ Missing required router spans: ["router.selection"][39m
   [33m[2mΓ£ô[22m[39m gateway smoke observability conformance[2m > [22memits observed performance with the run01 sample window and sources shape [33m 6998[2mms[22m[39m

ΓÄ»ΓÄ»ΓÄ»ΓÄ»ΓÄ»ΓÄ»ΓÄ» Failed Tests 1 ΓÄ»ΓÄ»ΓÄ»ΓÄ»ΓÄ»ΓÄ»ΓÄ»

 FAIL  src/gateway-smoke-observability.test.ts > gateway smoke observability conformance > emits trace and usage artifacts with run01 linkage ids and canonical trace shapes
Error: Missing required router spans: ["router.selection"]
 Γ¥» src/gateway-smoke-observability.test.ts:96:15
     94|         !spanTypes.includes("router.selection")
     95|       ) {
     96|         throw new Error(`Missing required router spans: ${JSON.stringiΓÇª
       |               ^
     97|       }
     98| 

ΓÄ»ΓÄ»ΓÄ»ΓÄ»ΓÄ»ΓÄ»ΓÄ»ΓÄ»ΓÄ»ΓÄ»ΓÄ»ΓÄ»ΓÄ»ΓÄ»ΓÄ»ΓÄ»ΓÄ»ΓÄ»ΓÄ»ΓÄ»ΓÄ»ΓÄ»ΓÄ»ΓÄ»[1/1]ΓÄ»


[2m Test Files [22m [1m[31m1 failed[39m[22m[90m (1)[39m
[2m      Tests [22m [1m[31m1 failed[39m[22m[2m | [22m[1m[32m1 passed[39m[22m[90m (2)[39m
[2m   Start at [22m 19:11:02
[2m   Duration [22m 17.95s[2m (transform 578ms, setup 0ms, collect 537ms, tests 15.06s, environment 1ms, prepare 825ms)[22m

undefined
D:\DEV\role-model\.worktrees\01-protocol-routing-obs\packages\conformance:
ΓÇëERR_PNPM_RECURSIVE_EXEC_FIRST_FAILΓÇë Command failed with exit code 1: vitest run src/gateway-smoke-observability.test.ts
