.                                        | ΓÇëWARNΓÇë Unsupported engine: wanted: {"node":">=22 <23"} (current: {"node":"v24.11.0","pnpm":"10.6.5"})

[1m[46m RUN [49m[22m [36mv3.2.4 [39m[90mD:/DEV/role-model/.worktrees/01-protocol-routing-obs/packages/conformance[39m

 [31mΓ¥»[39m src/profile-aggregation-deterministic.test.ts [2m([22m[2m1 test[22m[2m | [22m[31m1 failed[39m[2m)[22m[32m 19[2mms[22m[39m
[31m   [31m├ù[31m profile aggregation[2m > [22maggregates multiple samples into deterministic window and latency percentiles[39m[32m 15[2mms[22m[39m
[31m     ΓåÆ aggregateObservedPerformanceSamples is not implemented[39m

ΓÄ»ΓÄ»ΓÄ»ΓÄ»ΓÄ»ΓÄ»ΓÄ» Failed Tests 1 ΓÄ»ΓÄ»ΓÄ»ΓÄ»ΓÄ»ΓÄ»ΓÄ»

 FAIL  src/profile-aggregation-deterministic.test.ts > profile aggregation > aggregates multiple samples into deterministic window and latency percentiles
Error: aggregateObservedPerformanceSamples is not implemented
 Γ¥» src/profile-aggregation-deterministic.test.ts:12:13
     10|     );
     11|     if (typeof aggregateObservedPerformanceSamples !== "function") {
     12|       throw new Error("aggregateObservedPerformanceSamples is not implΓÇª
       |             ^
     13|     }
     14| 

ΓÄ»ΓÄ»ΓÄ»ΓÄ»ΓÄ»ΓÄ»ΓÄ»ΓÄ»ΓÄ»ΓÄ»ΓÄ»ΓÄ»ΓÄ»ΓÄ»ΓÄ»ΓÄ»ΓÄ»ΓÄ»ΓÄ»ΓÄ»ΓÄ»ΓÄ»ΓÄ»ΓÄ»[1/1]ΓÄ»


[2m Test Files [22m [1m[31m1 failed[39m[22m[90m (1)[39m
[2m      Tests [22m [1m[31m1 failed[39m[22m[90m (1)[39m
[2m   Start at [22m 16:39:12
[2m   Duration [22m 2.11s[2m (transform 251ms, setup 0ms, collect 223ms, tests 19ms, environment 1ms, prepare 647ms)[22m

undefined
D:\DEV\role-model\.worktrees\01-protocol-routing-obs\packages\conformance:
ΓÇëERR_PNPM_RECURSIVE_EXEC_FIRST_FAILΓÇë Command failed with exit code 1: vitest run src/profile-aggregation-deterministic.test.ts
