.                                        | ΓÇëWARNΓÇë Unsupported engine: wanted: {"node":">=22 <23"} (current: {"node":"v24.11.0","pnpm":"10.6.5"})

[1m[46m RUN [49m[22m [36mv3.2.4 [39m[90mD:/DEV/role-model/.worktrees/01-protocol-routing-obs/packages/conformance[39m

 [31mΓ¥»[39m src/protocol-fixture-conformance.test.ts [2m([22m[2m2 tests[22m[2m | [22m[31m1 failed[39m[2m)[22m[33m 5890[2mms[22m[39m
   [33m[2mΓ£ô[22m[39m run01 protocol fixture conformance[2m > [22mtop-level example fixtures and required fixture directories validate against canonical schemas [33m 467[2mms[22m[39m
[31m   [31m├ù[31m run01 protocol fixture conformance[2m > [22mschemas:validate reports fixture validation as part of the canonical schema-tool path[39m[33m 5417[2mms[22m[39m
[31m     ΓåÆ ΓÇëWARNΓÇë Unsupported engine: wanted: {"node":">=22 <23"} (current: {"node":"v24.11.0","pnpm":"10.6.5"})

> role-model@0.0.0 schemas:validate D:\DEV\role-model\.worktrees\01-protocol-routing-obs
> pnpm --filter @role-model/schema-tools exec tsx src/validate-schemas.ts validate

.                                        | ΓÇëWARNΓÇë Unsupported engine: wanted: {"node":">=22 <23"} (current: {"node":"v24.11.0","pnpm":"10.33.0"})
Validated 19 schema file(s).

[39m

ΓÄ»ΓÄ»ΓÄ»ΓÄ»ΓÄ»ΓÄ»ΓÄ» Failed Tests 1 ΓÄ»ΓÄ»ΓÄ»ΓÄ»ΓÄ»ΓÄ»ΓÄ»

 FAIL  src/protocol-fixture-conformance.test.ts > run01 protocol fixture conformance > schemas:validate reports fixture validation as part of the canonical schema-tool path
Error: ΓÇëWARNΓÇë Unsupported engine: wanted: {"node":">=22 <23"} (current: {"node":"v24.11.0","pnpm":"10.6.5"})

> role-model@0.0.0 schemas:validate D:\DEV\role-model\.worktrees\01-protocol-routing-obs
> pnpm --filter @role-model/schema-tools exec tsx src/validate-schemas.ts validate

.                                        | ΓÇëWARNΓÇë Unsupported engine: wanted: {"node":">=22 <23"} (current: {"node":"v24.11.0","pnpm":"10.33.0"})
Validated 19 schema file(s).


 Γ¥» src/protocol-fixture-conformance.test.ts:156:13
    154| 
    155|     if (!/Validated 12 fixture file\(s\)\./u.test(output)) {
    156|       throw new Error(output);
       |             ^
    157|     }
    158|   }, 60_000);

ΓÄ»ΓÄ»ΓÄ»ΓÄ»ΓÄ»ΓÄ»ΓÄ»ΓÄ»ΓÄ»ΓÄ»ΓÄ»ΓÄ»ΓÄ»ΓÄ»ΓÄ»ΓÄ»ΓÄ»ΓÄ»ΓÄ»ΓÄ»ΓÄ»ΓÄ»ΓÄ»ΓÄ»[1/1]ΓÄ»


[2m Test Files [22m [1m[31m1 failed[39m[22m[90m (1)[39m
[2m      Tests [22m [1m[31m1 failed[39m[22m[2m | [22m[1m[32m1 passed[39m[22m[90m (2)[39m
[2m   Start at [22m 14:30:32
[2m   Duration [22m 8.38s[2m (transform 324ms, setup 0ms, collect 598ms, tests 5.89s, environment 1ms, prepare 816ms)[22m

undefined
D:\DEV\role-model\.worktrees\01-protocol-routing-obs\packages\conformance:
ΓÇëERR_PNPM_RECURSIVE_EXEC_FIRST_FAILΓÇë Command failed with exit code 1: vitest run src/protocol-fixture-conformance.test.ts
