.                                        | ΓÇëWARNΓÇë Unsupported engine: wanted: {"node":">=22 <23"} (current: {"node":"v24.11.0","pnpm":"10.6.5"})

[1m[46m RUN [49m[22m [36mv3.2.4 [39m[90mD:/DEV/role-model/.worktrees/01-protocol-routing-obs/packages/conformance[39m

 [31mΓ¥»[39m src/router-conformance.test.ts [2m([22m[2m8 tests[22m[2m | [22m[31m1 failed[39m[2m)[22m[32m 153[2mms[22m[39m
   [32mΓ£ô[39m routeRequest[2m > [22mexcludes capability-missing candidates[32m 15[2mms[22m[39m
   [32mΓ£ô[39m routeRequest[2m > [22mexcludes insufficient context candidates[32m 2[2mms[22m[39m
   [32mΓ£ô[39m routeRequest[2m > [22mexcludes tool-unsupported candidates[32m 2[2mms[22m[39m
   [32mΓ£ô[39m routeRequest[2m > [22mapplies local preference for balanced ties[32m 3[2mms[22m[39m
   [32mΓ£ô[39m routeRequest[2m > [22mprefers measured profile strength when available[32m 2[2mms[22m[39m
   [32mΓ£ô[39m routeRequest[2m > [22mcan optimize for cost[32m 2[2mms[22m[39m
[31m   [31m├ù[31m routeRequest[2m > [22mapplies role and task preferred capabilities through preference scoring[39m[32m 118[2mms[22m[39m
[31m     ΓåÆ expected 'alpha-remote' to be 'zeta-local' // Object.is equality[39m
   [32mΓ£ô[39m routeRequest[2m > [22mbreaks ties deterministically by endpoint id last[32m 1[2mms[22m[39m

ΓÄ»ΓÄ»ΓÄ»ΓÄ»ΓÄ»ΓÄ»ΓÄ» Failed Tests 1 ΓÄ»ΓÄ»ΓÄ»ΓÄ»ΓÄ»ΓÄ»ΓÄ»

 FAIL  src/router-conformance.test.ts > routeRequest > applies role and task preferred capabilities through preference scoring
AssertionError: expected 'alpha-remote' to be 'zeta-local' // Object.is equality

Expected: "zeta-local"
Received: "alpha-remote"

 Γ¥» src/router-conformance.test.ts:263:39
    261|     });
    262| 
    263|     expect(result.chosen_endpoint_id).toBe("zeta-local");
       |                                       ^
    264|     expect(result.selection_reasons).toEqual(
    265|       expect.arrayContaining(["ROLE_PREFERENCE_APPLIED", "TASK_REQUIREΓÇª

ΓÄ»ΓÄ»ΓÄ»ΓÄ»ΓÄ»ΓÄ»ΓÄ»ΓÄ»ΓÄ»ΓÄ»ΓÄ»ΓÄ»ΓÄ»ΓÄ»ΓÄ»ΓÄ»ΓÄ»ΓÄ»ΓÄ»ΓÄ»ΓÄ»ΓÄ»ΓÄ»ΓÄ»[1/1]ΓÄ»


[2m Test Files [22m [1m[31m1 failed[39m[22m[90m (1)[39m
[2m      Tests [22m [1m[31m1 failed[39m[22m[2m | [22m[1m[32m7 passed[39m[22m[90m (8)[39m
[2m   Start at [22m 16:05:57
[2m   Duration [22m 3.14s[2m (transform 594ms, setup 0ms, collect 590ms, tests 153ms, environment 1ms, prepare 980ms)[22m

undefined
D:\DEV\role-model\.worktrees\01-protocol-routing-obs\packages\conformance:
ΓÇëERR_PNPM_RECURSIVE_EXEC_FIRST_FAILΓÇë Command failed with exit code 1: vitest run src/router-conformance.test.ts
