.                                        | ΓÇëWARNΓÇë Unsupported engine: wanted: {"node":">=22 <23"} (current: {"node":"v24.11.0","pnpm":"10.6.5"})

[1m[46m RUN [49m[22m [36mv3.2.4 [39m[90mD:/DEV/role-model/.worktrees/01-protocol-routing-obs/packages/conformance[39m

 [31mΓ¥»[39m src/router-role-task-eligibility.test.ts [2m([22m[2m2 tests[22m[2m | [22m[31m1 failed[39m[2m)[22m[32m 41[2mms[22m[39m
   [32mΓ£ô[39m routeRequest role/task eligibility[2m > [22mexcludes endpoints when the requested task is unsupported by the role and the role is not allowed for the task[32m 11[2mms[22m[39m
[31m   [31m├ù[31m routeRequest role/task eligibility[2m > [22mexcludes endpoints when the matching role binding is not active[39m[32m 26[2mms[22m[39m
[31m     ΓåÆ expected [] to have a length of 1 but got +0[39m

ΓÄ»ΓÄ»ΓÄ»ΓÄ»ΓÄ»ΓÄ»ΓÄ» Failed Tests 1 ΓÄ»ΓÄ»ΓÄ»ΓÄ»ΓÄ»ΓÄ»ΓÄ»

 FAIL  src/router-role-task-eligibility.test.ts > routeRequest role/task eligibility > excludes endpoints when the matching role binding is not active
AssertionError: expected [] to have a length of 1 but got +0

- Expected
+ Received

- 1
+ 0

 Γ¥» src/router-role-task-eligibility.test.ts:176:42
    174|     } as never);
    175| 
    176|     expect(result.ineligible_candidates).toHaveLength(1);
       |                                          ^
    177|     expect(result.ineligible_candidates[0]?.reasons ?? []).toEqual(
    178|       expect.arrayContaining(["ROLE_BINDING_INACTIVE"]),

ΓÄ»ΓÄ»ΓÄ»ΓÄ»ΓÄ»ΓÄ»ΓÄ»ΓÄ»ΓÄ»ΓÄ»ΓÄ»ΓÄ»ΓÄ»ΓÄ»ΓÄ»ΓÄ»ΓÄ»ΓÄ»ΓÄ»ΓÄ»ΓÄ»ΓÄ»ΓÄ»ΓÄ»[1/1]ΓÄ»


[2m Test Files [22m [1m[31m1 failed[39m[22m[90m (1)[39m
[2m      Tests [22m [1m[31m1 failed[39m[22m[2m | [22m[1m[32m1 passed[39m[22m[90m (2)[39m
[2m   Start at [22m 14:32:58
[2m   Duration [22m 2.31s[2m (transform 376ms, setup 0ms, collect 347ms, tests 41ms, environment 1ms, prepare 755ms)[22m

undefined
D:\DEV\role-model\.worktrees\01-protocol-routing-obs\packages\conformance:
ΓÇëERR_PNPM_RECURSIVE_EXEC_FIRST_FAILΓÇë Command failed with exit code 1: vitest run src/router-role-task-eligibility.test.ts
