
[1m[46m RUN [49m[22m [36mv3.2.4 [39m[90mD:/DEV/role-model/.worktrees/16-router-runtime-unified-telemetry-dashboard/role-model-router/packages/sqlite-memory[39m

(node:5700) ExperimentalWarning: SQLite is an experimental feature and might change at any time
(Use `node --trace-warnings ...` to show where the warning was created)
 [31mΓ¥»[39m test/index.test.ts [2m([22m[2m14 tests[22m[2m | [22m[31m1 failed[39m[2m)[22m[33m 2325[2mms[22m[39m
   [32mΓ£ô[39m initializeSqliteMemory[2m > [22mcreates the planned schema, WAL mode, and initial migration receipt under the runtime state root[32m 115[2mms[22m[39m
   [32mΓ£ô[39m initializeSqliteMemory[2m > [22mpersists validated provider accounts by credential reference without storing raw secrets[32m 159[2mms[22m[39m
   [32mΓ£ô[39m initializeSqliteMemory[2m > [22mupserts and lists provider accounts for runtime control-plane reads[32m 125[2mms[22m[39m
   [32mΓ£ô[39m initializeSqliteMemory[2m > [22mpersists runtime-managed endpoint activations for dynamic registry materialization[32m 125[2mms[22m[39m
   [32mΓ£ô[39m initializeSqliteMemory[2m > [22mpersists and reads the global controller assignment for the runtime control plane[32m 111[2mms[22m[39m
   [32mΓ£ô[39m initializeSqliteMemory[2m > [22mpersists device-auth session state for runtime OAuth polling[32m 112[2mms[22m[39m
   [32mΓ£ô[39m initializeSqliteMemory[2m > [22mrecords explicit maintenance defaults and idempotent migration behavior[32m 137[2mms[22m[39m
   [32mΓ£ô[39m initializeSqliteMemory[2m > [22mpersists and reloads the continuity rows needed for bounded context assembly[32m 172[2mms[22m[39m
   [32mΓ£ô[39m initializeSqliteMemory[2m > [22mpersists retrieval receipts for later routing diagnostics[32m 116[2mms[22m[39m
   [33m[2mΓ£ô[22m[39m initializeSqliteMemory[2m > [22mpersists runtime observation bundles, profile snapshots, and maintenance-policy reads [33m 507[2mms[22m[39m
[31m   [31m├ù[31m initializeSqliteMemory[2m > [22mflattens persisted runtime observations into canonical telemetry summary, comparison, and request rows[39m[32m 31[2mms[22m[39m
[31m     ΓåÆ expected 'undefined' to be 'function' // Object.is equality[39m
   [33m[2mΓ£ô[22m[39m initializeSqliteMemory[2m > [22mexports persisted runtime state for operator drills [33m 329[2mms[22m[39m
   [32mΓ£ô[39m initializeSqliteMemory[2m > [22mrestores runtime state from a backup after scoped deletion[32m 187[2mms[22m[39m
   [32mΓ£ô[39m runRuntimeStateValidation[2m > [22mvalidates provider accounts and initializes SQLite through the local validation path[32m 76[2mms[22m[39m

ΓÄ»ΓÄ»ΓÄ»ΓÄ»ΓÄ»ΓÄ»ΓÄ» Failed Tests 1 ΓÄ»ΓÄ»ΓÄ»ΓÄ»ΓÄ»ΓÄ»ΓÄ»

 FAIL  test/index.test.ts > initializeSqliteMemory > flattens persisted runtime observations into canonical telemetry summary, comparison, and request rows
AssertionError: expected 'undefined' to be 'function' // Object.is equality

Expected: "function"
Received: "undefined"

 Γ¥» test/index.test.ts:779:7

    777|         }
    778|       ).readRuntimeTelemetrySummary,
    779|     ).toBe("function");
       |       ^
    780|     expect(
    781|       typeof (

ΓÄ»ΓÄ»ΓÄ»ΓÄ»ΓÄ»ΓÄ»ΓÄ»ΓÄ»ΓÄ»ΓÄ»ΓÄ»ΓÄ»ΓÄ»ΓÄ»ΓÄ»ΓÄ»ΓÄ»ΓÄ»ΓÄ»ΓÄ»ΓÄ»ΓÄ»ΓÄ»ΓÄ»[1/1]ΓÄ»

[2m Test Files [22m [1m[31m1 failed[39m[22m[90m (1)[39m
[2m      Tests [22m [1m[31m1 failed[39m[22m[2m | [22m[1m[32m13 passed[39m[22m[90m (14)[39m
[2m   Start at [22m 10:12:04
[2m   Duration [22m 5.55s[2m (transform 1.26s, setup 0ms, collect 1.64s, tests 2.33s, environment 0ms, prepare 404ms)[22m

undefined
D:\DEV\role-model\.worktrees\16-router-runtime-unified-telemetry-dashboard\role-model-router\packages\sqlite-memory:
ΓÇëERR_PNPM_RECURSIVE_EXEC_FIRST_FAILΓÇë Command failed with exit code 1: vitest run test/index.test.ts
