
> @role-model-router/runtime-ui@ build D:\DEV\role-model\.worktrees\16-router-runtime-unified-telemetry-dashboard\role-model-router\apps\runtime-ui
> react-router build && tsc --noEmit

[36mvite v7.3.2 [32mbuilding client environment for production...[36m[39m
transforming...
[32mΓ£ô[39m 1691 modules transformed.
rendering chunks...
computing gzip size...
[2mbuild/client/[22m[32m.vite/manifest.json                         [39m[1m[2m 10.97 kB[22m[1m[22m[2m Γöé gzip:  1.20 kB[22m
[2mbuild/client/[22m[35massets/root-Bkrc9gw5.css                    [39m[1m[2m 23.27 kB[22m[1m[22m[2m Γöé gzip:  5.12 kB[22m
[2mbuild/client/[22m[36massets/index-fSI7bfiY.js                    [39m[1m[2m  0.15 kB[22m[1m[22m[2m Γöé gzip:  0.15 kB[22m
[2mbuild/client/[22m[36massets/not-found-DXF3lcwg.js                [39m[1m[2m  0.72 kB[22m[1m[22m[2m Γöé gzip:  0.46 kB[22m
[2mbuild/client/[22m[36massets/root-B5_QR6b1.js                     [39m[1m[2m  1.70 kB[22m[1m[22m[2m Γöé gzip:  0.85 kB[22m
[2mbuild/client/[22m[36massets/observe-logs-BoJK-HyB.js             [39m[1m[2m  2.61 kB[22m[1m[22m[2m Γöé gzip:  1.12 kB[22m
[2mbuild/client/[22m[36massets/page-primitives-Xs9XU6vN.js          [39m[1m[2m  3.04 kB[22m[1m[22m[2m Γöé gzip:  0.99 kB[22m
[2mbuild/client/[22m[36massets/requests-CEZdTmKx.js                 [39m[1m[2m  3.61 kB[22m[1m[22m[2m Γöé gzip:  1.46 kB[22m
[2mbuild/client/[22m[36massets/integrations-downstream-BIKGnTFu.js  [39m[1m[2m  4.01 kB[22m[1m[22m[2m Γöé gzip:  1.44 kB[22m
[2mbuild/client/[22m[36massets/runtime-api-BeJmFj14.js              [39m[1m[2m  4.04 kB[22m[1m[22m[2m Γöé gzip:  1.17 kB[22m
[2mbuild/client/[22m[36massets/system-peers-C5MUZoSW.js             [39m[1m[2m  4.49 kB[22m[1m[22m[2m Γöé gzip:  1.77 kB[22m
[2mbuild/client/[22m[36massets/providers-U7TRL2Tr.js                [39m[1m[2m  4.54 kB[22m[1m[22m[2m Γöé gzip:  1.59 kB[22m
[2mbuild/client/[22m[36massets/dashboard-D13-W_17.js                [39m[1m[2m  4.54 kB[22m[1m[22m[2m Γöé gzip:  1.61 kB[22m
[2mbuild/client/[22m[36massets/integrations-upstream-BsN1pXmN.js    [39m[1m[2m  4.55 kB[22m[1m[22m[2m Γöé gzip:  1.69 kB[22m
[2mbuild/client/[22m[36massets/request-detail-UDyZj55P.js           [39m[1m[2m  4.71 kB[22m[1m[22m[2m Γöé gzip:  1.56 kB[22m
[2mbuild/client/[22m[36massets/studio-advanced-CsA7DZp5.js          [39m[1m[2m  4.78 kB[22m[1m[22m[2m Γöé gzip:  1.85 kB[22m
[2mbuild/client/[22m[36massets/studio-rerank-Be_kpO6b.js            [39m[1m[2m  4.88 kB[22m[1m[22m[2m Γöé gzip:  1.95 kB[22m
[2mbuild/client/[22m[36massets/app-layout-WXLbBU1T.js               [39m[1m[2m  5.07 kB[22m[1m[22m[2m Γöé gzip:  1.43 kB[22m
[2mbuild/client/[22m[36massets/control-controller-C6_pv9s9.js       [39m[1m[2m  5.11 kB[22m[1m[22m[2m Γöé gzip:  1.85 kB[22m
[2mbuild/client/[22m[36massets/observe-activity-DB8EfXX7.js         [39m[1m[2m  5.29 kB[22m[1m[22m[2m Γöé gzip:  1.84 kB[22m
[2mbuild/client/[22m[36massets/workbench-CK5aqClZ.js                [39m[1m[2m  5.49 kB[22m[1m[22m[2m Γöé gzip:  1.97 kB[22m
[2mbuild/client/[22m[36massets/studio-images-D_rgLlvq.js            [39m[1m[2m  5.55 kB[22m[1m[22m[2m Γöé gzip:  2.02 kB[22m
[2mbuild/client/[22m[36massets/endpoints-hg1cO1fE.js                [39m[1m[2m  5.65 kB[22m[1m[22m[2m Γöé gzip:  1.95 kB[22m
[2mbuild/client/[22m[36massets/runtime-CQ9SP4Vf.js                  [39m[1m[2m  6.00 kB[22m[1m[22m[2m Γöé gzip:  1.77 kB[22m
[2mbuild/client/[22m[36massets/studio-audio-gRrge_nC.js             [39m[1m[2m  6.77 kB[22m[1m[22m[2m Γöé gzip:  2.40 kB[22m
[2mbuild/client/[22m[36massets/view-models-DtvAkO9e.js              [39m[1m[2m  6.78 kB[22m[1m[22m[2m Γöé gzip:  2.55 kB[22m
[2mbuild/client/[22m[36massets/control-models-BjM_Njtj.js           [39m[1m[2m  7.21 kB[22m[1m[22m[2m Γöé gzip:  2.10 kB[22m
[2mbuild/client/[22m[36massets/accounts-Bzuag98r.js                 [39m[1m[2m 12.93 kB[22m[1m[22m[2m Γöé gzip:  3.95 kB[22m
[2mbuild/client/[22m[36massets/design-system-BnoTN2Sn.js            [39m[1m[2m 43.80 kB[22m[1m[22m[2m Γöé gzip: 14.39 kB[22m
[2mbuild/client/[22m[36massets/chunk-EVOBXE3Y-Bpr6kgtK.js           [39m[1m[2m127.79 kB[22m[1m[22m[2m Γöé gzip: 43.05 kB[22m
[2mbuild/client/[22m[36massets/entry.client-BBdlfaFT.js             [39m[1m[2m190.57 kB[22m[1m[22m[2m Γöé gzip: 60.05 kB[22m
[32mΓ£ô built in 5.83s[39m
[36mvite v7.3.2 [32mbuilding ssr environment for production...[36m[39m
transforming...
[32mΓ£ô[39m 9 modules transformed.
rendering chunks...
[2mbuild/server/[22m[32m.vite/manifest.json               [39m[1m[2m 0.23 kB[22m[1m[22m
[2mbuild/server/[22m[35massets/server-build-CLBLNvbp.css  [39m[1m[2m35.26 kB[22m[1m[22m
[2mbuild/server/[22m[36mindex.js                          [39m[1m[2m29.66 kB[22m[1m[22m

[32mΓ£ô[39m 1 asset cleaned from React Router server build.
[2mbuild\server\assets\server-build-CLBLNvbp.css[22m

SPA Mode: Generated [1mbuild\client\index.html[22m
Removing the server build in [32mD:\DEV\role-model\.worktrees\16-router-runtime-unified-telemetry-dashboard\role-model-router\apps\runtime-ui\build\server[39m due to ssr:false
[32mΓ£ô built in 317ms[39m
app/lib/runtime-api.test.ts(362,5): error TS2349: This expression is not callable.
  Type 'never' has no call signatures.
D:\DEV\role-model\.worktrees\16-router-runtime-unified-telemetry-dashboard\role-model-router\apps\runtime-ui:
ΓÇëERR_PNPM_RECURSIVE_RUN_FIRST_FAILΓÇë @role-model-router/runtime-ui@ build: `react-router build && tsc --noEmit`
Exit status 2
