
> role-model@0.0.0 build D:\DEV\role-model\.worktrees\12-router-runtime-hardening-operations
> corepack pnpm run types:generate && corepack pnpm -r --if-present build


> role-model@0.0.0 types:generate D:\DEV\role-model\.worktrees\12-router-runtime-hardening-operations
> corepack pnpm --filter @role-model/schema-tools exec tsx src/validate-schemas.ts generate-types

Generated types for benchmark-run.schema.json
Generated types for benchmark-suite.schema.json
Generated types for capability-taxonomy.schema.json
Generated types for declared-capability-profile.schema.json
Generated types for endpoint-identity.schema.json
Generated types for judge-score.schema.json
Generated types for model-pack-manifest.schema.json
Generated types for observed-performance-profile.schema.json
Generated types for package-manifest.schema.json
Generated types for planspec.schema.json
Generated types for role-binding.schema.json
Generated types for role-definition.schema.json
Generated types for router-decision.schema.json
Generated types for routing-policy.schema.json
Generated types for task-definition.schema.json
Generated types for task-execution-profile.schema.json
Generated types for trace-event.schema.json
Generated types for trace-span.schema.json
Generated types for usage-event.schema.json
Formatted 0 files in 313â”¬â•ˇs. No fixes applied.
internalError/io Î“Ă¶ĂĽÎ“Ă¶ĂĽÎ“Ă¶ĂĽÎ“Ă¶ĂĽÎ“Ă¶ĂĽÎ“Ă¶ĂĽÎ“Ă¶ĂĽÎ“Ă¶ĂĽÎ“Ă¶ĂĽÎ“Ă¶ĂĽÎ“Ă¶ĂĽÎ“Ă¶ĂĽÎ“Ă¶ĂĽÎ“Ă¶ĂĽÎ“Ă¶ĂĽÎ“Ă¶ĂĽÎ“Ă¶ĂĽÎ“Ă¶ĂĽÎ“Ă¶ĂĽÎ“Ă¶ĂĽÎ“Ă¶ĂĽÎ“Ă¶ĂĽÎ“Ă¶ĂĽÎ“Ă¶ĂĽÎ“Ă¶ĂĽÎ“Ă¶ĂĽÎ“Ă¶ĂĽÎ“Ă¶ĂĽÎ“Ă¶ĂĽÎ“Ă¶ĂĽÎ“Ă¶ĂĽÎ“Ă¶ĂĽÎ“Ă¶ĂĽÎ“Ă¶ĂĽÎ“Ă¶ĂĽÎ“Ă¶ĂĽÎ“Ă¶ĂĽÎ“Ă¶ĂĽÎ“Ă¶ĂĽÎ“Ă¶ĂĽÎ“Ă¶ĂĽÎ“Ă¶ĂĽÎ“Ă¶ĂĽÎ“Ă¶ĂĽÎ“Ă¶ĂĽÎ“Ă¶ĂĽÎ“Ă¶ĂĽÎ“Ă¶ĂĽÎ“Ă¶ĂĽÎ“Ă¶ĂĽÎ“Ă¶ĂĽÎ“Ă¶ĂĽÎ“Ă¶ĂĽÎ“Ă¶ĂĽÎ“Ă¶ĂĽÎ“Ă¶ĂĽÎ“Ă¶ĂĽÎ“Ă¶ĂĽÎ“Ă¶ĂĽÎ“Ă¶ĂĽÎ“Ă¶ĂĽÎ“Ă¶ĂĽÎ“Ă¶ĂĽÎ“Ă¶ĂĽÎ“Ă¶ĂĽÎ“Ă¶ĂĽÎ“Ă¶ĂĽÎ“Ă¶ĂĽÎ“Ă¶ĂĽÎ“Ă¶ĂĽÎ“Ă¶ĂĽÎ“Ă¶ĂĽÎ“Ă¶ĂĽÎ“Ă¶ĂĽÎ“Ă¶ĂĽÎ“Ă¶ĂĽÎ“Ă¶ĂĽÎ“Ă¶ĂĽÎ“Ă¶ĂĽÎ“Ă¶ĂĽÎ“Ă¶ĂĽÎ“Ă¶ĂĽÎ“Ă¶ĂĽ

  â”śĂą No files were processed in the specified paths.
  

D:\DEV\role-model\.worktrees\12-router-runtime-hardening-operations\packages\schema-tools\src\validate-schemas.ts:429
        new Error(
        ^

Error: Biome formatting failed for generated protocol types with exit code 1.
    at ChildProcess.<anonymous> (D:\DEV\role-model\.worktrees\12-router-runtime-hardening-operations\packages\schema-tools\src\validate-schemas.ts:429:9)
    at ChildProcess.emit (node:events:508:28)
    at ChildProcess._handle.onexit (node:internal/child_process:294:12)

Node.js v24.11.0
undefined
D:\DEV\role-model\.worktrees\12-router-runtime-hardening-operations\packages\schema-tools:
Î“Ă‡Ă«ERR_PNPM_RECURSIVE_EXEC_FIRST_FAILÎ“Ă‡Ă« Command failed with exit code 1: tsx src/validate-schemas.ts generate-types
Î“Ă‡Ă«ELIFECYCLEÎ“Ă‡Ă« Command failed with exit code 1.
Î“Ă‡Ă«ELIFECYCLEÎ“Ă‡Ă« Command failed with exit code 1.
