
> @role-model-router/sqlite-memory@0.0.0 test D:\DEV\role-model\.worktrees\27-router-runtime-difficulty-learning-cache\role-model-router\packages\sqlite-memory
> vitest run test/index.test.ts


[1m[46m RUN [49m[22m [36mv3.2.4 [39m[90mD:/DEV/role-model/.worktrees/27-router-runtime-difficulty-learning-cache/role-model-router/packages/sqlite-memory[39m

(node:48308) ExperimentalWarning: SQLite is an experimental feature and might change at any time
(Use `node --trace-warnings ...` to show where the warning was created)
 [31mΓ¥»[39m test/index.test.ts [2m([22m[2m19 tests[22m[2m | [22m[31m1 failed[39m[2m)[22m[33m 3968[2mms[22m[39m
   [32mΓ£ô[39m initializeSqliteMemory[2m > [22mcreates the planned schema, WAL mode, and initial migration receipt under the runtime state root[32m 90[2mms[22m[39m
   [32mΓ£ô[39m initializeSqliteMemory[2m > [22mpersists validated provider accounts by credential reference without storing raw secrets[32m 116[2mms[22m[39m
   [32mΓ£ô[39m initializeSqliteMemory[2m > [22mupserts and lists provider accounts for runtime control-plane reads[32m 136[2mms[22m[39m
   [32mΓ£ô[39m initializeSqliteMemory[2m > [22mpersists runtime-managed endpoint activations for dynamic registry materialization[32m 170[2mms[22m[39m
   [32mΓ£ô[39m initializeSqliteMemory[2m > [22mpersists and reads the global controller assignment for the runtime control plane[32m 210[2mms[22m[39m
   [32mΓ£ô[39m initializeSqliteMemory[2m > [22mpersists device-auth session state for runtime OAuth polling[32m 203[2mms[22m[39m
   [32mΓ£ô[39m initializeSqliteMemory[2m > [22mrecords explicit maintenance defaults and idempotent migration behavior[32m 205[2mms[22m[39m
   [32mΓ£ô[39m initializeSqliteMemory[2m > [22mpersists and reloads the continuity rows needed for bounded context assembly[32m 209[2mms[22m[39m
   [32mΓ£ô[39m initializeSqliteMemory[2m > [22mpersists retrieval receipts for later routing diagnostics[32m 159[2mms[22m[39m
   [33m[2mΓ£ô[22m[39m initializeSqliteMemory[2m > [22mpersists runtime observation bundles, profile snapshots, and maintenance-policy reads [33m 360[2mms[22m[39m
   [32mΓ£ô[39m initializeSqliteMemory[2m > [22mstores and reads conversation-level difficulty classification cache entries[32m 135[2mms[22m[39m
   [32mΓ£ô[39m initializeSqliteMemory[2m > [22mpersists and reads segmented observed samples and profiles by difficulty bucket[32m 220[2mms[22m[39m
[31m   [31m├ù[31m initializeSqliteMemory[2m > [22mderives an advisory max-difficulty recommendation from bucketed observed profiles[39m[32m 12[2mms[22m[39m
[31m     ΓåÆ expected 'undefined' to be 'function' // Object.is equality[39m
   [32mΓ£ô[39m initializeSqliteMemory[2m > [22mreads the latest observed profiles for a set of endpoint ids[32m 289[2mms[22m[39m
   [33m[2mΓ£ô[22m[39m initializeSqliteMemory[2m > [22mflattens persisted runtime observations into canonical telemetry summary, comparison, and request rows [33m 634[2mms[22m[39m
   [32mΓ£ô[39m initializeSqliteMemory[2m > [22mexports persisted runtime state for operator drills[32m 272[2mms[22m[39m
   [32mΓ£ô[39m initializeSqliteMemory[2m > [22mrestores runtime state from a backup after scoped deletion[32m 251[2mms[22m[39m
   [32mΓ£ô[39m initializeSqliteMemory[2m > [22mpersists throughput penalty state and expires it after the penalty window[32m 129[2mms[22m[39m
   [32mΓ£ô[39m runRuntimeStateValidation[2m > [22mvalidates provider accounts and initializes SQLite through the local validation path[32m 164[2mms[22m[39m

ΓÄ»ΓÄ»ΓÄ»ΓÄ»ΓÄ»ΓÄ»ΓÄ» Failed Tests 1 ΓÄ»ΓÄ»ΓÄ»ΓÄ»ΓÄ»ΓÄ»ΓÄ»

 FAIL  test/index.test.ts > initializeSqliteMemory > derives an advisory max-difficulty recommendation from bucketed observed profiles
AssertionError: expected 'undefined' to be 'function' // Object.is equality

Expected: "function"
Received: "undefined"

 Γ¥» test/index.test.ts:1019:7
    1017|         }
    1018|       ).readAdvisoryMaxDifficultyRecommendation,
    1019|     ).toBe("function");
       |       ^
    1020| 
    1021|     const runtimeStateRoot = await mkdtemp(path.join(os.tmpdir(), "rolΓÇª

ΓÄ»ΓÄ»ΓÄ»ΓÄ»ΓÄ»ΓÄ»ΓÄ»ΓÄ»ΓÄ»ΓÄ»ΓÄ»ΓÄ»ΓÄ»ΓÄ»ΓÄ»ΓÄ»ΓÄ»ΓÄ»ΓÄ»ΓÄ»ΓÄ»ΓÄ»ΓÄ»ΓÄ»[1/1]ΓÄ»


[2m Test Files [22m [1m[31m1 failed[39m[22m[90m (1)[39m
[2m      Tests [22m [1m[31m1 failed[39m[22m[2m | [22m[1m[32m18 passed[39m[22m[90m (19)[39m
[2m   Start at [22m 22:36:29
[2m   Duration [22m 5.81s[2m (transform 502ms, setup 0ms, collect 578ms, tests 3.97s, environment 0ms, prepare 375ms)[22m

D:\DEV\role-model\.worktrees\27-router-runtime-difficulty-learning-cache\role-model-router\packages\sqlite-memory:
ΓÇëERR_PNPM_RECURSIVE_RUN_FIRST_FAILΓÇë @role-model-router/sqlite-memory@0.0.0 test: `vitest run test/index.test.ts`
Exit status 1
