[INFO] Repo root: D:\DEV\role-model\.worktrees\29-router-runtime-request-rewriter-hybrid-mode
[OK] Directory exists: D:\DEV\role-model\.worktrees\29-router-runtime-request-rewriter-hybrid-mode\.recursive\run
[OK] Directory exists: D:\DEV\role-model\.worktrees\29-router-runtime-request-rewriter-hybrid-mode\.recursive\run\29-router-runtime-request-rewriter-hybrid-mode
[OK] Created directory: D:\DEV\role-model\.worktrees\29-router-runtime-request-rewriter-hybrid-mode\.recursive\run\29-router-runtime-request-rewriter-hybrid-mode\addenda
[OK] Created directory: D:\DEV\role-model\.worktrees\29-router-runtime-request-rewriter-hybrid-mode\.recursive\run\29-router-runtime-request-rewriter-hybrid-mode\subagents
[OK] Directory exists: D:\DEV\role-model\.worktrees\29-router-runtime-request-rewriter-hybrid-mode\.recursive\run\29-router-runtime-request-rewriter-hybrid-mode\evidence
[OK] Created directory: D:\DEV\role-model\.worktrees\29-router-runtime-request-rewriter-hybrid-mode\.recursive\run\29-router-runtime-request-rewriter-hybrid-mode\evidence\screenshots
[OK] Directory exists: D:\DEV\role-model\.worktrees\29-router-runtime-request-rewriter-hybrid-mode\.recursive\run\29-router-runtime-request-rewriter-hybrid-mode\evidence\logs
[OK] Created directory: D:\DEV\role-model\.worktrees\29-router-runtime-request-rewriter-hybrid-mode\.recursive\run\29-router-runtime-request-rewriter-hybrid-mode\evidence\perf
[OK] Created directory: D:\DEV\role-model\.worktrees\29-router-runtime-request-rewriter-hybrid-mode\.recursive\run\29-router-runtime-request-rewriter-hybrid-mode\evidence\traces
[OK] Created directory: D:\DEV\role-model\.worktrees\29-router-runtime-request-rewriter-hybrid-mode\.recursive\run\29-router-runtime-request-rewriter-hybrid-mode\evidence\review-bundles
[OK] Created directory: D:\DEV\role-model\.worktrees\29-router-runtime-request-rewriter-hybrid-mode\.recursive\run\29-router-runtime-request-rewriter-hybrid-mode\evidence\other
[INFO] Requirements file exists, not overwriting: D:\DEV\role-model\.worktrees\29-router-runtime-request-rewriter-hybrid-mode\.recursive\run\29-router-runtime-request-rewriter-hybrid-mode\00-requirements.md
[INFO] Worktree file exists, not overwriting: D:\DEV\role-model\.worktrees\29-router-runtime-request-rewriter-hybrid-mode\.recursive\run\29-router-runtime-request-rewriter-hybrid-mode\00-worktree.md
[OK] Phase 0 diff basis is executable against live git state.

Next steps:
1) Edit: .recursive/run/29-router-runtime-request-rewriter-hybrid-mode/00-requirements.md
2) Edit: .recursive/run/29-router-runtime-request-rewriter-hybrid-mode/00-worktree.md
3) Run:  Implement requirement '29-router-runtime-request-rewriter-hybrid-mode'
4) Complete the run through the audited Phase 8 closeout before considering it done.
