
> @role-model-router/sqlite-memory@0.0.0 test D:\DEV\role-model\.worktrees\06-router-runtime-provider-accounts-sqlite-memory\role-model-router\packages\sqlite-memory
> vitest run test/index.test.ts


[1m[46m RUN [49m[22m [36mv3.2.4 [39m[90mD:/DEV/role-model/.worktrees/06-router-runtime-provider-accounts-sqlite-memory/role-model-router/packages/sqlite-memory[39m

(node:23232) ExperimentalWarning: SQLite is an experimental feature and might change at any time
(Use `node --trace-warnings ...` to show where the warning was created)

ΓÄ»ΓÄ»ΓÄ»ΓÄ»ΓÄ»ΓÄ» Failed Suites 1 ΓÄ»ΓÄ»ΓÄ»ΓÄ»ΓÄ»ΓÄ»ΓÄ»

 FAIL  test/index.test.ts [ test/index.test.ts ]
Error: Cannot find package '@role-model-router/provider-account' imported from 'D:/DEV/role-model/.worktrees/06-router-runtime-provider-accounts-sqlite-memory/role-model-router/packages/sqlite-memory/test/index.test.ts'
 Γ¥» test/index.test.ts:9:1
      7| import { describe, expect, test } from "vitest";
      8| 
      9| import { validateProviderAccounts } from "@role-model-router/provider-ΓÇª
       | ^
     10| 
     11| import { initializeSqliteMemory, persistProviderAccounts, resolveSqlitΓÇª

Caused by: Error: Failed to load url @role-model-router/provider-account (resolved id: @role-model-router/provider-account) in D:/DEV/role-model/.worktrees/06-router-runtime-provider-accounts-sqlite-memory/role-model-router/packages/sqlite-memory/test/index.test.ts. Does the file exist?
 Γ¥» loadAndTransform ../../../node_modules/.pnpm/vite@7.3.2_@types+node@22.1_ffe4277cf87465bba1449374e033820f/node_modules/vite/dist/node/chunks/config.js:22663:33

ΓÄ»ΓÄ»ΓÄ»ΓÄ»ΓÄ»ΓÄ»ΓÄ»ΓÄ»ΓÄ»ΓÄ»ΓÄ»ΓÄ»ΓÄ»ΓÄ»ΓÄ»ΓÄ»ΓÄ»ΓÄ»ΓÄ»ΓÄ»ΓÄ»ΓÄ»ΓÄ»ΓÄ»[1/1]ΓÄ»


[2m Test Files [22m [1m[31m1 failed[39m[22m[90m (1)[39m
[2m      Tests [22m [2mno tests[22m
[2m   Start at [22m 11:08:52
[2m   Duration [22m 2.33s[2m (transform 447ms, setup 0ms, collect 0ms, tests 0ms, environment 1ms, prepare 491ms)[22m

D:\DEV\role-model\.worktrees\06-router-runtime-provider-accounts-sqlite-memory\role-model-router\packages\sqlite-memory:
ΓÇëERR_PNPM_RECURSIVE_RUN_FIRST_FAILΓÇë @role-model-router/sqlite-memory@0.0.0 test: `vitest run test/index.test.ts`
Exit status 1
