 M .agents/skills/recursive-mode/scripts/__pycache__/lint-recursive-run.cpython-314.pyc
?? .recursive/run/22-router-runtime-routing-strategy-lock/00-requirements.md
?? .recursive/run/22-router-runtime-routing-strategy-lock/00-worktree.md
?? .recursive/run/22-router-runtime-routing-strategy-lock/01-as-is.md
?? .recursive/run/22-router-runtime-routing-strategy-lock/02-to-be-plan.md
?? .recursive/run/22-router-runtime-routing-strategy-lock/04-test-summary.md
?? .recursive/run/22-router-runtime-routing-strategy-lock/05-manual-qa.md
?? .recursive/run/22-router-runtime-routing-strategy-lock/06-decisions-update.md
?? .recursive/run/22-router-runtime-routing-strategy-lock/07-state-update.md
?? .recursive/run/22-router-runtime-routing-strategy-lock/08-memory-impact.md
?? .recursive/run/22-router-runtime-routing-strategy-lock/evidence/logs/green/phase3-diff-scope.log
?? .recursive/run/22-router-runtime-routing-strategy-lock/evidence/logs/green/phase3-run-lint.log
?? .recursive/run/22-router-runtime-routing-strategy-lock/evidence/logs/green/phase3-status-scope.log
?? .recursive/run/23-router-runtime-live-observed-feedback/00-requirements.md
?? .recursive/run/23-router-runtime-live-observed-feedback/00-worktree.md
?? .recursive/run/24-router-runtime-recency-bias-throughput-sla/00-requirements.md
?? .recursive/run/24-router-runtime-recency-bias-throughput-sla/00-worktree.md
?? .recursive/run/25-router-runtime-model-alias-pool/00-requirements.md
?? .recursive/run/25-router-runtime-model-alias-pool/00-worktree.md
?? .recursive/run/26-router-runtime-difficulty-guided-routing/00-requirements.md
?? .recursive/run/26-router-runtime-difficulty-guided-routing/00-worktree.md
?? .recursive/run/27-router-runtime-difficulty-learning-cache/00-requirements.md
?? .recursive/run/27-router-runtime-difficulty-learning-cache/00-worktree.md
?? .recursive/run/28-router-runtime-controller-guided-routing/00-requirements.md
?? .recursive/run/28-router-runtime-controller-guided-routing/00-worktree.md
?? .recursive/run/29-router-runtime-request-rewriter-hybrid-mode/00-requirements.md
?? .recursive/run/29-router-runtime-request-rewriter-hybrid-mode/00-worktree.md
?? .recursive/run/30-router-runtime-strategy-convergence-e2e/00-requirements.md
?? .recursive/run/30-router-runtime-strategy-convergence-e2e/00-worktree.md
?? docs/architecture/07-router-runtime-routing-strategy-lock.md
