[INFO] Repo root: D:\DEV\role-model\.worktrees\30-router-runtime-strategy-convergence-e2e
[OK] Directory exists: D:\DEV\role-model\.worktrees\30-router-runtime-strategy-convergence-e2e\.recursive\run
[OK] Directory exists: D:\DEV\role-model\.worktrees\30-router-runtime-strategy-convergence-e2e\.recursive\run\30-router-runtime-strategy-convergence-e2e
[OK] Created directory: D:\DEV\role-model\.worktrees\30-router-runtime-strategy-convergence-e2e\.recursive\run\30-router-runtime-strategy-convergence-e2e\addenda
[OK] Created directory: D:\DEV\role-model\.worktrees\30-router-runtime-strategy-convergence-e2e\.recursive\run\30-router-runtime-strategy-convergence-e2e\subagents
[OK] Directory exists: D:\DEV\role-model\.worktrees\30-router-runtime-strategy-convergence-e2e\.recursive\run\30-router-runtime-strategy-convergence-e2e\evidence
[OK] Created directory: D:\DEV\role-model\.worktrees\30-router-runtime-strategy-convergence-e2e\.recursive\run\30-router-runtime-strategy-convergence-e2e\evidence\screenshots
[OK] Directory exists: D:\DEV\role-model\.worktrees\30-router-runtime-strategy-convergence-e2e\.recursive\run\30-router-runtime-strategy-convergence-e2e\evidence\logs
[OK] Created directory: D:\DEV\role-model\.worktrees\30-router-runtime-strategy-convergence-e2e\.recursive\run\30-router-runtime-strategy-convergence-e2e\evidence\perf
[OK] Created directory: D:\DEV\role-model\.worktrees\30-router-runtime-strategy-convergence-e2e\.recursive\run\30-router-runtime-strategy-convergence-e2e\evidence\traces
[OK] Created directory: D:\DEV\role-model\.worktrees\30-router-runtime-strategy-convergence-e2e\.recursive\run\30-router-runtime-strategy-convergence-e2e\evidence\review-bundles
[OK] Created directory: D:\DEV\role-model\.worktrees\30-router-runtime-strategy-convergence-e2e\.recursive\run\30-router-runtime-strategy-convergence-e2e\evidence\other
[INFO] Requirements file exists, not overwriting: D:\DEV\role-model\.worktrees\30-router-runtime-strategy-convergence-e2e\.recursive\run\30-router-runtime-strategy-convergence-e2e\00-requirements.md
[INFO] Worktree file exists, not overwriting: D:\DEV\role-model\.worktrees\30-router-runtime-strategy-convergence-e2e\.recursive\run\30-router-runtime-strategy-convergence-e2e\00-worktree.md
[OK] Phase 0 diff basis is executable against live git state.

Next steps:
1) Edit: .recursive/run/30-router-runtime-strategy-convergence-e2e/00-requirements.md
2) Edit: .recursive/run/30-router-runtime-strategy-convergence-e2e/00-worktree.md
3) Run:  Implement requirement '30-router-runtime-strategy-convergence-e2e'
4) Complete the run through the audited Phase 8 closeout before considering it done.
