
Recursive Lock Verification
=====================

Repository: D:\DEV\role-model\.worktrees\23-router-runtime-live-observed-feedback
Run ID: 23-router-runtime-live-observed-feedback

Checking run: 23-router-runtime-live-observed-feedback
--------------------------------------------------
Workflow profile: recursive-mode-audit-v1
[PASS] Requirements: Valid (locked at 2026-05-11T10:38:10Z)
[PASS] Worktree Setup: Valid (locked at 2026-05-11T10:38:11Z)
[PASS] AS-IS Analysis: Valid (locked at 2026-05-11T10:38:11Z)
[INFO] Root Cause: Not found (optional)
[PASS] TO-BE Plan: Valid (locked at 2026-05-11T10:38:11Z)
[PASS] Implementation: Valid (locked at 2026-05-11T10:57:52Z)
[INFO] Code Review: Not found (optional)
[PASS] Test Summary: Valid (locked at 2026-05-11T11:02:30Z)
[PASS] Manual QA: Valid (locked at 2026-05-11T11:04:35Z)
[PASS] Decisions Update: Valid (locked at 2026-05-11T11:07:00Z)
[PASS] State Update: Valid (locked at 2026-05-11T11:11:37Z)
[PASS] Memory Impact: Valid (locked at 2026-05-11T11:13:35Z)

[PASS] Run '23-router-runtime-live-observed-feedback': All locks valid

=====================
Summary
=====================

Total runs checked: 1
[PASS] Valid runs: 1

[PASS] All locks verified successfully
