Linting run: 23-router-runtime-live-observed-feedback
Path: D:\DEV\role-model\.worktrees\23-router-runtime-live-observed-feedback\.recursive\run\23-router-runtime-live-observed-feedback
Workflow Profile: recursive-mode-audit-v1

[WARN] Missing artifact (ok if not reached yet): D:\DEV\role-model\.worktrees\23-router-runtime-live-observed-feedback\.recursive\run\23-router-runtime-live-observed-feedback\01.5-root-cause.md
[WARN] Missing artifact (ok if not reached yet): D:\DEV\role-model\.worktrees\23-router-runtime-live-observed-feedback\.recursive\run\23-router-runtime-live-observed-feedback\03.5-code-review.md
[WARN] D:\DEV\role-model\.worktrees\23-router-runtime-live-observed-feedback\.recursive\run\23-router-runtime-live-observed-feedback\04-test-summary.md: Evidence subfolder(s) missing under D:\DEV\role-model\.worktrees\23-router-runtime-live-observed-feedback\.recursive\run\23-router-runtime-live-observed-feedback\evidence: screenshots, perf, traces
Remediation (copy/paste):
  mkdir -p "D:\DEV\role-model\.worktrees\23-router-runtime-live-observed-feedback\.recursive\run\23-router-runtime-live-observed-feedback\evidence\screenshots"
  mkdir -p "D:\DEV\role-model\.worktrees\23-router-runtime-live-observed-feedback\.recursive\run\23-router-runtime-live-observed-feedback\evidence\perf"
  mkdir -p "D:\DEV\role-model\.worktrees\23-router-runtime-live-observed-feedback\.recursive\run\23-router-runtime-live-observed-feedback\evidence\traces"

[WARN] D:\DEV\role-model\.worktrees\23-router-runtime-live-observed-feedback\.recursive\run\23-router-runtime-live-observed-feedback\05-manual-qa.md: Evidence subfolder(s) missing under D:\DEV\role-model\.worktrees\23-router-runtime-live-observed-feedback\.recursive\run\23-router-runtime-live-observed-feedback\evidence: screenshots, perf, traces
Remediation (copy/paste):
  mkdir -p "D:\DEV\role-model\.worktrees\23-router-runtime-live-observed-feedback\.recursive\run\23-router-runtime-live-observed-feedback\evidence\screenshots"
  mkdir -p "D:\DEV\role-model\.worktrees\23-router-runtime-live-observed-feedback\.recursive\run\23-router-runtime-live-observed-feedback\evidence\perf"
  mkdir -p "D:\DEV\role-model\.worktrees\23-router-runtime-live-observed-feedback\.recursive\run\23-router-runtime-live-observed-feedback\evidence\traces"

----

Summary
- FAIL: 0
- WARN: 4

[OK] Lint passed
