
> @role-model-router/endpoint-registry@0.0.0 test D:\DEV\role-model\.worktrees\07-router-runtime-endpoint-registry-context-envelope\role-model-router\packages\endpoint-registry
> vitest run test/index.test.ts


[1m[46m RUN [49m[22m [36mv3.2.4 [39m[90mD:/DEV/role-model/.worktrees/07-router-runtime-endpoint-registry-context-envelope/role-model-router/packages/endpoint-registry[39m


ΓÄ»ΓÄ»ΓÄ»ΓÄ»ΓÄ»ΓÄ» Failed Suites 1 ΓÄ»ΓÄ»ΓÄ»ΓÄ»ΓÄ»ΓÄ»ΓÄ»

 FAIL  test/index.test.ts [ test/index.test.ts ]
Error: Cannot find module '../src/cli.ts' imported from 'D:/DEV/role-model/.worktrees/07-router-runtime-endpoint-registry-context-envelope/role-model-router/packages/endpoint-registry/test/index.test.ts'
 Γ¥» test/index.test.ts:10:1
      8| import { validateProviderAccounts } from "@role-model-router/provider-ΓÇª
      9| 
     10| import { runRuntimeRegistryValidation } from "../src/cli.ts";
       | ^
     11| import { buildEndpointRegistry } from "../src/index.ts";
     12| 

Caused by: Error: Failed to load url ../src/cli.ts (resolved id: ../src/cli.ts) in D:/DEV/role-model/.worktrees/07-router-runtime-endpoint-registry-context-envelope/role-model-router/packages/endpoint-registry/test/index.test.ts. Does the file exist?
 Γ¥» loadAndTransform ../../../node_modules/.pnpm/vite@7.3.2_@types+node@22.1_ffe4277cf87465bba1449374e033820f/node_modules/vite/dist/node/chunks/config.js:22663:33

ΓÄ»ΓÄ»ΓÄ»ΓÄ»ΓÄ»ΓÄ»ΓÄ»ΓÄ»ΓÄ»ΓÄ»ΓÄ»ΓÄ»ΓÄ»ΓÄ»ΓÄ»ΓÄ»ΓÄ»ΓÄ»ΓÄ»ΓÄ»ΓÄ»ΓÄ»ΓÄ»ΓÄ»[1/1]ΓÄ»


[2m Test Files [22m [1m[31m1 failed[39m[22m[90m (1)[39m
[2m      Tests [22m [2mno tests[22m
[2m   Start at [22m 11:43:10
[2m   Duration [22m 901ms[2m (transform 113ms, setup 0ms, collect 0ms, tests 0ms, environment 0ms, prepare 253ms)[22m

D:\DEV\role-model\.worktrees\07-router-runtime-endpoint-registry-context-envelope\role-model-router\packages\endpoint-registry:
ΓÇëERR_PNPM_RECURSIVE_RUN_FIRST_FAILΓÇë @role-model-router/endpoint-registry@0.0.0 test: `vitest run test/index.test.ts`
Exit status 1
