
> @role-model-router/adapter-execution@0.0.0 test D:\DEV\role-model\.worktrees\09-router-runtime-adapter-execution-plane\role-model-router\packages\adapter-execution
> vitest run


[1m[46m RUN [49m[22m [36mv3.2.4 [39m[90mD:/DEV/role-model/.worktrees/09-router-runtime-adapter-execution-plane/role-model-router/packages/adapter-execution[39m

 [32mΓ£ô[39m test/index.test.ts [2m([22m[2m2 tests[22m[2m)[22m[32m 7[2mms[22m[39m

ΓÄ»ΓÄ»ΓÄ»ΓÄ»ΓÄ»ΓÄ» Failed Suites 1 ΓÄ»ΓÄ»ΓÄ»ΓÄ»ΓÄ»ΓÄ»ΓÄ»

 FAIL  test/cli.test.ts [ test/cli.test.ts ]
Error: Cannot find module '../src/cli.js' imported from 'D:/DEV/role-model/.worktrees/09-router-runtime-adapter-execution-plane/role-model-router/packages/adapter-execution/test/cli.test.ts'
 Γ¥» test/cli.test.ts:7:1
      5| import { describe, expect, test } from "vitest";
      6| 
      7| import { runRuntimeAdapterValidation } from "../src/cli.js";
       | ^
      8| 
      9| const __filename = fileURLToPath(import.meta.url);

Caused by: Error: Failed to load url ../src/cli.js (resolved id: ../src/cli.js) in D:/DEV/role-model/.worktrees/09-router-runtime-adapter-execution-plane/role-model-router/packages/adapter-execution/test/cli.test.ts. Does the file exist?
 Γ¥» loadAndTransform ../../../node_modules/.pnpm/vite@7.3.2_@types+node@22.1_ffe4277cf87465bba1449374e033820f/node_modules/vite/dist/node/chunks/config.js:22663:33

ΓÄ»ΓÄ»ΓÄ»ΓÄ»ΓÄ»ΓÄ»ΓÄ»ΓÄ»ΓÄ»ΓÄ»ΓÄ»ΓÄ»ΓÄ»ΓÄ»ΓÄ»ΓÄ»ΓÄ»ΓÄ»ΓÄ»ΓÄ»ΓÄ»ΓÄ»ΓÄ»ΓÄ»[1/1]ΓÄ»


[2m Test Files [22m [1m[31m1 failed[39m[22m[2m | [22m[1m[32m1 passed[39m[22m[90m (2)[39m
[2m      Tests [22m [1m[32m2 passed[39m[22m[90m (2)[39m
[2m   Start at [22m 13:52:13
[2m   Duration [22m 719ms[2m (transform 153ms, setup 0ms, collect 102ms, tests 7ms, environment 0ms, prepare 434ms)[22m

D:\DEV\role-model\.worktrees\09-router-runtime-adapter-execution-plane\role-model-router\packages\adapter-execution:
ΓÇëERR_PNPM_RECURSIVE_RUN_FIRST_FAILΓÇë @role-model-router/adapter-execution@0.0.0 test: `vitest run`
Exit status 1
