
Recursive Lock Verification
=====================

Repository: D:\DEV\role-model\.worktrees\25-router-runtime-model-alias-pool
Run ID: 25-router-runtime-model-alias-pool

Checking run: 25-router-runtime-model-alias-pool
--------------------------------------------------
Workflow profile: recursive-mode-audit-v1
[PASS] Requirements: Valid (locked at 2026-05-11T11:48:48Z)
[PASS] Worktree Setup: Valid (locked at 2026-05-11T11:51:05Z)
[PASS] AS-IS Analysis: Valid (locked at 2026-05-11T11:53:04Z)
[INFO] Root Cause: Not found (optional)
[PASS] TO-BE Plan: Valid (locked at 2026-05-11T11:54:22Z)
[PASS] Implementation: Valid (locked at 2026-05-11T12:19:26Z)
[INFO] Code Review: Not found (optional)
[PASS] Test Summary: Valid (locked at 2026-05-11T12:22:19Z)
[PASS] Manual QA: Valid (locked at 2026-05-11T12:26:39Z)
[PASS] Decisions Update: Valid (locked at 2026-05-11T12:28:24Z)
[PASS] State Update: Valid (locked at 2026-05-11T12:29:40Z)
[PASS] Memory Impact: Valid (locked at 2026-05-11T12:31:21Z)

[PASS] Run '25-router-runtime-model-alias-pool': All locks valid

=====================
Summary
=====================

Total runs checked: 1
[PASS] Valid runs: 1

[PASS] All locks verified successfully
