
> role-model@0.0.0 lint D:\DEV\role-model\.worktrees\31-main-ci-parity-evidence-json-repair
> biome check . && corepack pnpm run lint:rust

Checked 467 files in 437ms. No fixes applied.

> role-model@0.0.0 lint:rust D:\DEV\role-model\.worktrees\31-main-ci-parity-evidence-json-repair
> cargo fmt --manifest-path role-model-router/rust/Cargo.toml --all --check && cargo clippy --manifest-path role-model-router/rust/Cargo.toml --workspace --all-targets -- -D warnings

   Compiling proc-macro2 v1.0.106
   Compiling unicode-ident v1.0.24
   Compiling quote v1.0.45
    Checking once_cell v1.21.4
   Compiling serde_core v1.0.228
    Checking windows-link v0.2.1
   Compiling zmij v1.0.21
   Compiling serde_json v1.0.149
    Checking cfg-if v1.0.4
    Checking lazy_static v1.5.0
   Compiling serde v1.0.228
    Checking log v0.4.29
   Compiling thiserror v2.0.18
   Compiling anyhow v1.0.102
    Checking memchr v2.8.0
    Checking pin-project-lite v0.2.17
    Checking windows-sys v0.61.2
    Checking thread_local v1.1.9
    Checking itoa v1.0.18
    Checking sharded-slab v0.1.7
    Checking smallvec v1.15.1
    Checking tracing-core v0.1.36
    Checking tracing-log v0.2.0
    Checking nu-ansi-term v0.50.3
   Compiling syn v2.0.117
    Checking tracing-subscriber v0.3.23
   Compiling thiserror-impl v2.0.18
   Compiling serde_derive v1.0.228
   Compiling tracing-attributes v0.1.31
    Checking tracing v0.1.44
    Checking rm_provider_litertlm v0.0.0 (D:\DEV\role-model\.worktrees\31-main-ci-parity-evidence-json-repair\role-model-router\rust\crates\rm_provider_litertlm)
    Checking rm_provider_mediapipe_bridge v0.0.0 (D:\DEV\role-model\.worktrees\31-main-ci-parity-evidence-json-repair\role-model-router\rust\crates\rm_provider_mediapipe_bridge)
    Finished `dev` profile [unoptimized + debuginfo] target(s) in 12.98s
