.recursive/run/15-unified-vendor-execution/evidence/logs/green/sp5-real-vendor-validation.json:1:1 parse Î“Ă¶ĂĽÎ“Ă¶ĂĽÎ“Ă¶ĂĽÎ“Ă¶ĂĽÎ“Ă¶ĂĽÎ“Ă¶ĂĽÎ“Ă¶ĂĽÎ“Ă¶ĂĽÎ“Ă¶ĂĽÎ“Ă¶ĂĽ

  â”śĂą String values must be double quoted.
  
  > 1 Î“Ă¶Ă© undefined
      Î“Ă¶Ă© ^^^^^^^^^
    2 Î“Ă¶Ă© D:\DEV\role-model\.worktrees\15-unified-vendor-execution\role-model-router\apps\runtime-host-bridge:
    3 Î“Ă¶Ă© â•¬Ă´â”śĂ§â”śÂ˝ERR_PNPM_RECURSIVE_EXEC_FIRST_FAILâ•¬Ă´â”śĂ§â”śÂ˝ Command failed with exit code 3221225786: tsx --eval import('./src/validate-vendors.ts').then(async ({ runRuntimeVendorValidation }) => { const result = await runRuntimeVendorValidation({ repoRoot: 'D:\\DEV\\role-model\\.worktrees\\15-unified-vendor-execution' }); console.log(JSON.stringify(result, null, 2)); })
  

.recursive/run/15-unified-vendor-execution/evidence/logs/green/sp5-real-vendor-validation.json:2:1 parse Î“Ă¶ĂĽÎ“Ă¶ĂĽÎ“Ă¶ĂĽÎ“Ă¶ĂĽÎ“Ă¶ĂĽÎ“Ă¶ĂĽÎ“Ă¶ĂĽÎ“Ă¶ĂĽÎ“Ă¶ĂĽÎ“Ă¶ĂĽ

  â”śĂą String values must be double quoted.
  
    1 Î“Ă¶Ă© undefined
  > 2 Î“Ă¶Ă© D:\DEV\role-model\.worktrees\15-unified-vendor-execution\role-model-router\apps\runtime-host-bridge:
      Î“Ă¶Ă© ^
    3 Î“Ă¶Ă© â•¬Ă´â”śĂ§â”śÂ˝ERR_PNPM_RECURSIVE_EXEC_FIRST_FAILâ•¬Ă´â”śĂ§â”śÂ˝ Command failed with exit code 3221225786: tsx --eval import('./src/validate-vendors.ts').then(async ({ runRuntimeVendorValidation }) => { const result = await runRuntimeVendorValidation({ repoRoot: 'D:\\DEV\\role-model\\.worktrees\\15-unified-vendor-execution' }); console.log(JSON.stringify(result, null, 2)); })
    4 Î“Ă¶Ă© 
  

.recursive/run/15-unified-vendor-execution/evidence/logs/green/sp5-real-vendor-validation.json:2:2 parse Î“Ă¶ĂĽÎ“Ă¶ĂĽÎ“Ă¶ĂĽÎ“Ă¶ĂĽÎ“Ă¶ĂĽÎ“Ă¶ĂĽÎ“Ă¶ĂĽÎ“Ă¶ĂĽÎ“Ă¶ĂĽÎ“Ă¶ĂĽ

  â”śĂą End of file expected
  
    1 Î“Ă¶Ă© undefined
  > 2 Î“Ă¶Ă© D:\DEV\role-model\.worktrees\15-unified-vendor-execution\role-model-router\apps\runtime-host-bridge:
      Î“Ă¶Ă©  ^^^^^^^^^^^^^^^^^^^^^^^^^^^^
    3 Î“Ă¶Ă© â•¬Ă´â”śĂ§â”śÂ˝ERR_PNPM_RECURSIVE_EXEC_FIRST_FAILâ•¬Ă´â”śĂ§â”śÂ˝ Command failed with exit code 3221225786: tsx --eval import('./src/validate-vendors.ts').then(async ({ runRuntimeVendorValidation }) => { const result = await runRuntimeVendorValidation({ repoRoot: 'D:\\DEV\\role-model\\.worktrees\\15-unified-vendor-execution' }); console.log(JSON.stringify(result, null, 2)); })
    4 Î“Ă¶Ă© 
  
  i Use an array for a sequence of values: `[1, 2]`
  

.recursive/run/15-unified-vendor-execution/evidence/logs/green/sp5-real-vendor-validation.json:2:3 parse Î“Ă¶ĂĽÎ“Ă¶ĂĽÎ“Ă¶ĂĽÎ“Ă¶ĂĽÎ“Ă¶ĂĽÎ“Ă¶ĂĽÎ“Ă¶ĂĽÎ“Ă¶ĂĽÎ“Ă¶ĂĽÎ“Ă¶ĂĽ

  â”śĂą unexpected character `\`
  
    1 Î“Ă¶Ă© undefined
  > 2 Î“Ă¶Ă© D:\DEV\role-model\.worktrees\15-unified-vendor-execution\role-model-router\apps\runtime-host-bridge:
      Î“Ă¶Ă©   ^
    3 Î“Ă¶Ă© â•¬Ă´â”śĂ§â”śÂ˝ERR_PNPM_RECURSIVE_EXEC_FIRST_FAILâ•¬Ă´â”śĂ§â”śÂ˝ Command failed with exit code 3221225786: tsx --eval import('./src/validate-vendors.ts').then(async ({ runRuntimeVendorValidation }) => { const result = await runRuntimeVendorValidation({ repoRoot: 'D:\\DEV\\role-model\\.worktrees\\15-unified-vendor-execution' }); console.log(JSON.stringify(result, null, 2)); })
    4 Î“Ă¶Ă© 
  

.recursive/run/15-unified-vendor-execution/evidence/logs/green/sp5-real-vendor-validation.json:2:7 parse Î“Ă¶ĂĽÎ“Ă¶ĂĽÎ“Ă¶ĂĽÎ“Ă¶ĂĽÎ“Ă¶ĂĽÎ“Ă¶ĂĽÎ“Ă¶ĂĽÎ“Ă¶ĂĽÎ“Ă¶ĂĽÎ“Ă¶ĂĽ

  â”śĂą unexpected character `\`
  
    1 Î“Ă¶Ă© undefined
  > 2 Î“Ă¶Ă© D:\DEV\role-model\.worktrees\15-unified-vendor-execution\role-model-router\apps\runtime-host-bridge:
      Î“Ă¶Ă©       ^
    3 Î“Ă¶Ă© â•¬Ă´â”śĂ§â”śÂ˝ERR_PNPM_RECURSIVE_EXEC_FIRST_FAILâ•¬Ă´â”śĂ§â”śÂ˝ Command failed with exit code 3221225786: tsx --eval import('./src/validate-vendors.ts').then(async ({ runRuntimeVendorValidation }) => { const result = await runRuntimeVendorValidation({ repoRoot: 'D:\\DEV\\role-model\\.worktrees\\15-unified-vendor-execution' }); console.log(JSON.stringify(result, null, 2)); })
    4 Î“Ă¶Ă© 
  

.recursive/run/15-unified-vendor-execution/evidence/logs/green/sp5-real-vendor-validation.json:2:12 parse Î“Ă¶ĂĽÎ“Ă¶ĂĽÎ“Ă¶ĂĽÎ“Ă¶ĂĽÎ“Ă¶ĂĽÎ“Ă¶ĂĽÎ“Ă¶ĂĽÎ“Ă¶ĂĽÎ“Ă¶ĂĽÎ“Ă¶ĂĽ

  â”śĂą Minus must be followed by a digit
  
    1 Î“Ă¶Ă© undefined
  > 2 Î“Ă¶Ă© D:\DEV\role-model\.worktrees\15-unified-vendor-execution\role-model-router\apps\runtime-host-bridge:
      Î“Ă¶Ă©            ^
    3 Î“Ă¶Ă© â•¬Ă´â”śĂ§â”śÂ˝ERR_PNPM_RECURSIVE_EXEC_FIRST_FAILâ•¬Ă´â”śĂ§â”śÂ˝ Command failed with exit code 3221225786: tsx --eval import('./src/validate-vendors.ts').then(async ({ runRuntimeVendorValidation }) => { const result = await runRuntimeVendorValidation({ repoRoot: 'D:\\DEV\\role-model\\.worktrees\\15-unified-vendor-execution' }); console.log(JSON.stringify(result, null, 2)); })
    4 Î“Ă¶Ă© 
  

.recursive/run/15-unified-vendor-execution/evidence/logs/green/sp5-real-vendor-validation.json:2:18 parse Î“Ă¶ĂĽÎ“Ă¶ĂĽÎ“Ă¶ĂĽÎ“Ă¶ĂĽÎ“Ă¶ĂĽÎ“Ă¶ĂĽÎ“Ă¶ĂĽÎ“Ă¶ĂĽÎ“Ă¶ĂĽÎ“Ă¶ĂĽ

  â”śĂą unexpected character `\`
  
    1 Î“Ă¶Ă© undefined
  > 2 Î“Ă¶Ă© D:\DEV\role-model\.worktrees\15-unified-vendor-execution\role-model-router\apps\runtime-host-bridge:
      Î“Ă¶Ă©                  ^
    3 Î“Ă¶Ă© â•¬Ă´â”śĂ§â”śÂ˝ERR_PNPM_RECURSIVE_EXEC_FIRST_FAILâ•¬Ă´â”śĂ§â”śÂ˝ Command failed with exit code 3221225786: tsx --eval import('./src/validate-vendors.ts').then(async ({ runRuntimeVendorValidation }) => { const result = await runRuntimeVendorValidation({ repoRoot: 'D:\\DEV\\role-model\\.worktrees\\15-unified-vendor-execution' }); console.log(JSON.stringify(result, null, 2)); })
    4 Î“Ă¶Ă© 
  

.recursive/run/15-unified-vendor-execution/evidence/logs/green/sp5-real-vendor-validation.json:2:19 parse Î“Ă¶ĂĽÎ“Ă¶ĂĽÎ“Ă¶ĂĽÎ“Ă¶ĂĽÎ“Ă¶ĂĽÎ“Ă¶ĂĽÎ“Ă¶ĂĽÎ“Ă¶ĂĽÎ“Ă¶ĂĽÎ“Ă¶ĂĽ

  â”śĂą unexpected character `.`
  
    1 Î“Ă¶Ă© undefined
  > 2 Î“Ă¶Ă© D:\DEV\role-model\.worktrees\15-unified-vendor-execution\role-model-router\apps\runtime-host-bridge:
      Î“Ă¶Ă©                   ^
    3 Î“Ă¶Ă© â•¬Ă´â”śĂ§â”śÂ˝ERR_PNPM_RECURSIVE_EXEC_FIRST_FAILâ•¬Ă´â”śĂ§â”śÂ˝ Command failed with exit code 3221225786: tsx --eval import('./src/validate-vendors.ts').then(async ({ runRuntimeVendorValidation }) => { const result = await runRuntimeVendorValidation({ repoRoot: 'D:\\DEV\\role-model\\.worktrees\\15-unified-vendor-execution' }); console.log(JSON.stringify(result, null, 2)); })
    4 Î“Ă¶Ă© 
  

.recursive/run/15-unified-vendor-execution/evidence/logs/green/sp5-real-vendor-validation.json:2:29 parse Î“Ă¶ĂĽÎ“Ă¶ĂĽÎ“Ă¶ĂĽÎ“Ă¶ĂĽÎ“Ă¶ĂĽÎ“Ă¶ĂĽÎ“Ă¶ĂĽÎ“Ă¶ĂĽÎ“Ă¶ĂĽÎ“Ă¶ĂĽ

  â”śĂą unexpected character `\`
  
    1 Î“Ă¶Ă© undefined
  > 2 Î“Ă¶Ă© D:\DEV\role-model\.worktrees\15-unified-vendor-execution\role-model-router\apps\runtime-host-bridge:
      Î“Ă¶Ă©                             ^
    3 Î“Ă¶Ă© â•¬Ă´â”śĂ§â”śÂ˝ERR_PNPM_RECURSIVE_EXEC_FIRST_FAILâ•¬Ă´â”śĂ§â”śÂ˝ Command failed with exit code 3221225786: tsx --eval import('./src/validate-vendors.ts').then(async ({ runRuntimeVendorValidation }) => { const result = await runRuntimeVendorValidation({ repoRoot: 'D:\\DEV\\role-model\\.worktrees\\15-unified-vendor-execution' }); console.log(JSON.stringify(result, null, 2)); })
    4 Î“Ă¶Ă© 
  

.recursive/run/15-unified-vendor-execution/evidence/logs/green/sp5-real-vendor-validation.json:2:30 parse Î“Ă¶ĂĽÎ“Ă¶ĂĽÎ“Ă¶ĂĽÎ“Ă¶ĂĽÎ“Ă¶ĂĽÎ“Ă¶ĂĽÎ“Ă¶ĂĽÎ“Ă¶ĂĽÎ“Ă¶ĂĽÎ“Ă¶ĂĽ

  â”śĂą End of file expected
  
    1 Î“Ă¶Ă© undefined
  > 2 Î“Ă¶Ă© D:\DEV\role-model\.worktrees\15-unified-vendor-execution\role-model-router\apps\runtime-host-bridge:
      Î“Ă¶Ă©                              ^^
    3 Î“Ă¶Ă© â•¬Ă´â”śĂ§â”śÂ˝ERR_PNPM_RECURSIVE_EXEC_FIRST_FAILâ•¬Ă´â”śĂ§â”śÂ˝ Command failed with exit code 3221225786: tsx --eval import('./src/validate-vendors.ts').then(async ({ runRuntimeVendorValidation }) => { const result = await runRuntimeVendorValidation({ repoRoot: 'D:\\DEV\\role-model\\.worktrees\\15-unified-vendor-execution' }); console.log(JSON.stringify(result, null, 2)); })
    4 Î“Ă¶Ă© 
  
  i Use an array for a sequence of values: `[1, 2]`
  

.recursive/run/15-unified-vendor-execution/evidence/logs/green/sp5-real-vendor-validation.json:2:32 parse Î“Ă¶ĂĽÎ“Ă¶ĂĽÎ“Ă¶ĂĽÎ“Ă¶ĂĽÎ“Ă¶ĂĽÎ“Ă¶ĂĽÎ“Ă¶ĂĽÎ“Ă¶ĂĽÎ“Ă¶ĂĽÎ“Ă¶ĂĽ

  â”śĂą Minus must be followed by a digit
  
    1 Î“Ă¶Ă© undefined
  > 2 Î“Ă¶Ă© D:\DEV\role-model\.worktrees\15-unified-vendor-execution\role-model-router\apps\runtime-host-bridge:
      Î“Ă¶Ă©                                ^
    3 Î“Ă¶Ă© â•¬Ă´â”śĂ§â”śÂ˝ERR_PNPM_RECURSIVE_EXEC_FIRST_FAILâ•¬Ă´â”śĂ§â”śÂ˝ Command failed with exit code 3221225786: tsx --eval import('./src/validate-vendors.ts').then(async ({ runRuntimeVendorValidation }) => { const result = await runRuntimeVendorValidation({ repoRoot: 'D:\\DEV\\role-model\\.worktrees\\15-unified-vendor-execution' }); console.log(JSON.stringify(result, null, 2)); })
    4 Î“Ă¶Ă© 
  

.recursive/run/15-unified-vendor-execution/evidence/logs/green/sp5-real-vendor-validation.json:2:33 parse Î“Ă¶ĂĽÎ“Ă¶ĂĽÎ“Ă¶ĂĽÎ“Ă¶ĂĽÎ“Ă¶ĂĽÎ“Ă¶ĂĽÎ“Ă¶ĂĽÎ“Ă¶ĂĽÎ“Ă¶ĂĽÎ“Ă¶ĂĽ

  â”śĂą String values must be double quoted.
  
    1 Î“Ă¶Ă© undefined
  > 2 Î“Ă¶Ă© D:\DEV\role-model\.worktrees\15-unified-vendor-execution\role-model-router\apps\runtime-host-bridge:
      Î“Ă¶Ă©                                 ^^^^^^^
    3 Î“Ă¶Ă© â•¬Ă´â”śĂ§â”śÂ˝ERR_PNPM_RECURSIVE_EXEC_FIRST_FAILâ•¬Ă´â”śĂ§â”śÂ˝ Command failed with exit code 3221225786: tsx --eval import('./src/validate-vendors.ts').then(async ({ runRuntimeVendorValidation }) => { const result = await runRuntimeVendorValidation({ repoRoot: 'D:\\DEV\\role-model\\.worktrees\\15-unified-vendor-execution' }); console.log(JSON.stringify(result, null, 2)); })
    4 Î“Ă¶Ă© 
  

.recursive/run/15-unified-vendor-execution/evidence/logs/green/sp5-real-vendor-validation.json:2:40 parse Î“Ă¶ĂĽÎ“Ă¶ĂĽÎ“Ă¶ĂĽÎ“Ă¶ĂĽÎ“Ă¶ĂĽÎ“Ă¶ĂĽÎ“Ă¶ĂĽÎ“Ă¶ĂĽÎ“Ă¶ĂĽÎ“Ă¶ĂĽ

  â”śĂą Minus must be followed by a digit
  
    1 Î“Ă¶Ă© undefined
  > 2 Î“Ă¶Ă© D:\DEV\role-model\.worktrees\15-unified-vendor-execution\role-model-router\apps\runtime-host-bridge:
      Î“Ă¶Ă©                                        ^
    3 Î“Ă¶Ă© â•¬Ă´â”śĂ§â”śÂ˝ERR_PNPM_RECURSIVE_EXEC_FIRST_FAILâ•¬Ă´â”śĂ§â”śÂ˝ Command failed with exit code 3221225786: tsx --eval import('./src/validate-vendors.ts').then(async ({ runRuntimeVendorValidation }) => { const result = await runRuntimeVendorValidation({ repoRoot: 'D:\\DEV\\role-model\\.worktrees\\15-unified-vendor-execution' }); console.log(JSON.stringify(result, null, 2)); })
    4 Î“Ă¶Ă© 
  

.recursive/run/15-unified-vendor-execution/evidence/logs/green/sp5-real-vendor-validation.json:2:41 parse Î“Ă¶ĂĽÎ“Ă¶ĂĽÎ“Ă¶ĂĽÎ“Ă¶ĂĽÎ“Ă¶ĂĽÎ“Ă¶ĂĽÎ“Ă¶ĂĽÎ“Ă¶ĂĽÎ“Ă¶ĂĽÎ“Ă¶ĂĽ

  â”śĂą String values must be double quoted.
  
    1 Î“Ă¶Ă© undefined
  > 2 Î“Ă¶Ă© D:\DEV\role-model\.worktrees\15-unified-vendor-execution\role-model-router\apps\runtime-host-bridge:
      Î“Ă¶Ă©                                         ^^^^^^
    3 Î“Ă¶Ă© â•¬Ă´â”śĂ§â”śÂ˝ERR_PNPM_RECURSIVE_EXEC_FIRST_FAILâ•¬Ă´â”śĂ§â”śÂ˝ Command failed with exit code 3221225786: tsx --eval import('./src/validate-vendors.ts').then(async ({ runRuntimeVendorValidation }) => { const result = await runRuntimeVendorValidation({ repoRoot: 'D:\\DEV\\role-model\\.worktrees\\15-unified-vendor-execution' }); console.log(JSON.stringify(result, null, 2)); })
    4 Î“Ă¶Ă© 
  

.recursive/run/15-unified-vendor-execution/evidence/logs/green/sp5-real-vendor-validation.json:2:47 parse Î“Ă¶ĂĽÎ“Ă¶ĂĽÎ“Ă¶ĂĽÎ“Ă¶ĂĽÎ“Ă¶ĂĽÎ“Ă¶ĂĽÎ“Ă¶ĂĽÎ“Ă¶ĂĽÎ“Ă¶ĂĽÎ“Ă¶ĂĽ

  â”śĂą End of file expected
  
    1 Î“Ă¶Ă© undefined
  > 2 Î“Ă¶Ă© D:\DEV\role-model\.worktrees\15-unified-vendor-execution\role-model-router\apps\runtime-host-bridge:
      Î“Ă¶Ă©                                               ^^
    3 Î“Ă¶Ă© â•¬Ă´â”śĂ§â”śÂ˝ERR_PNPM_RECURSIVE_EXEC_FIRST_FAILâ•¬Ă´â”śĂ§â”śÂ˝ Command failed with exit code 3221225786: tsx --eval import('./src/validate-vendors.ts').then(async ({ runRuntimeVendorValidation }) => { const result = await runRuntimeVendorValidation({ repoRoot: 'D:\\DEV\\role-model\\.worktrees\\15-unified-vendor-execution' }); console.log(JSON.stringify(result, null, 2)); })
    4 Î“Ă¶Ă© 
  
  i Use an array for a sequence of values: `[1, 2]`
  

.recursive/run/15-unified-vendor-execution/evidence/logs/green/sp5-real-vendor-validation.json:2:48 parse Î“Ă¶ĂĽÎ“Ă¶ĂĽÎ“Ă¶ĂĽÎ“Ă¶ĂĽÎ“Ă¶ĂĽÎ“Ă¶ĂĽÎ“Ă¶ĂĽÎ“Ă¶ĂĽÎ“Ă¶ĂĽÎ“Ă¶ĂĽ

  â”śĂą Invalid exponent part
  
    1 Î“Ă¶Ă© undefined
  > 2 Î“Ă¶Ă© D:\DEV\role-model\.worktrees\15-unified-vendor-execution\role-model-router\apps\runtime-host-bridge:
      Î“Ă¶Ă©                                                ^
    3 Î“Ă¶Ă© â•¬Ă´â”śĂ§â”śÂ˝ERR_PNPM_RECURSIVE_EXEC_FIRST_FAILâ•¬Ă´â”śĂ§â”śÂ˝ Command failed with exit code 3221225786: tsx --eval import('./src/validate-vendors.ts').then(async ({ runRuntimeVendorValidation }) => { const result = await runRuntimeVendorValidation({ repoRoot: 'D:\\DEV\\role-model\\.worktrees\\15-unified-vendor-execution' }); console.log(JSON.stringify(result, null, 2)); })
    4 Î“Ă¶Ă© 
  

.recursive/run/15-unified-vendor-execution/evidence/logs/green/sp5-real-vendor-validation.json:2:49 parse Î“Ă¶ĂĽÎ“Ă¶ĂĽÎ“Ă¶ĂĽÎ“Ă¶ĂĽÎ“Ă¶ĂĽÎ“Ă¶ĂĽÎ“Ă¶ĂĽÎ“Ă¶ĂĽÎ“Ă¶ĂĽÎ“Ă¶ĂĽ

  â”śĂą String values must be double quoted.
  
    1 Î“Ă¶Ă© undefined
  > 2 Î“Ă¶Ă© D:\DEV\role-model\.worktrees\15-unified-vendor-execution\role-model-router\apps\runtime-host-bridge:
      Î“Ă¶Ă©                                                 ^^^^^^^^
    3 Î“Ă¶Ă© â•¬Ă´â”śĂ§â”śÂ˝ERR_PNPM_RECURSIVE_EXEC_FIRST_FAILâ•¬Ă´â”śĂ§â”śÂ˝ Command failed with exit code 3221225786: tsx --eval import('./src/validate-vendors.ts').then(async ({ runRuntimeVendorValidation }) => { const result = await runRuntimeVendorValidation({ repoRoot: 'D:\\DEV\\role-model\\.worktrees\\15-unified-vendor-execution' }); console.log(JSON.stringify(result, null, 2)); })
    4 Î“Ă¶Ă© 
  

.recursive/run/15-unified-vendor-execution/evidence/logs/green/sp5-real-vendor-validation.json:2:57 parse Î“Ă¶ĂĽÎ“Ă¶ĂĽÎ“Ă¶ĂĽÎ“Ă¶ĂĽÎ“Ă¶ĂĽÎ“Ă¶ĂĽÎ“Ă¶ĂĽÎ“Ă¶ĂĽÎ“Ă¶ĂĽÎ“Ă¶ĂĽ

  â”śĂą unexpected character `\`
  
    1 Î“Ă¶Ă© undefined
  > 2 Î“Ă¶Ă© D:\DEV\role-model\.worktrees\15-unified-vendor-execution\role-model-router\apps\runtime-host-bridge:
      Î“Ă¶Ă©                                                         ^
    3 Î“Ă¶Ă© â•¬Ă´â”śĂ§â”śÂ˝ERR_PNPM_RECURSIVE_EXEC_FIRST_FAILâ•¬Ă´â”śĂ§â”śÂ˝ Command failed with exit code 3221225786: tsx --eval import('./src/validate-vendors.ts').then(async ({ runRuntimeVendorValidation }) => { const result = await runRuntimeVendorValidation({ repoRoot: 'D:\\DEV\\role-model\\.worktrees\\15-unified-vendor-execution' }); console.log(JSON.stringify(result, null, 2)); })
    4 Î“Ă¶Ă© 
  

.recursive/run/15-unified-vendor-execution/evidence/logs/green/sp5-real-vendor-validation.json:2:58 parse Î“Ă¶ĂĽÎ“Ă¶ĂĽÎ“Ă¶ĂĽÎ“Ă¶ĂĽÎ“Ă¶ĂĽÎ“Ă¶ĂĽÎ“Ă¶ĂĽÎ“Ă¶ĂĽÎ“Ă¶ĂĽÎ“Ă¶ĂĽ

  â”śĂą String values must be double quoted.
  
    1 Î“Ă¶Ă© undefined
  > 2 Î“Ă¶Ă© D:\DEV\role-model\.worktrees\15-unified-vendor-execution\role-model-router\apps\runtime-host-bridge:
      Î“Ă¶Ă©                                                          ^^^^
    3 Î“Ă¶Ă© â•¬Ă´â”śĂ§â”śÂ˝ERR_PNPM_RECURSIVE_EXEC_FIRST_FAILâ•¬Ă´â”śĂ§â”śÂ˝ Command failed with exit code 3221225786: tsx --eval import('./src/validate-vendors.ts').then(async ({ runRuntimeVendorValidation }) => { const result = await runRuntimeVendorValidation({ repoRoot: 'D:\\DEV\\role-model\\.worktrees\\15-unified-vendor-execution' }); console.log(JSON.stringify(result, null, 2)); })
    4 Î“Ă¶Ă© 
  

.recursive/run/15-unified-vendor-execution/evidence/logs/green/sp5-real-vendor-validation.json:2:62 parse Î“Ă¶ĂĽÎ“Ă¶ĂĽÎ“Ă¶ĂĽÎ“Ă¶ĂĽÎ“Ă¶ĂĽÎ“Ă¶ĂĽÎ“Ă¶ĂĽÎ“Ă¶ĂĽÎ“Ă¶ĂĽÎ“Ă¶ĂĽ

  â”śĂą Minus must be followed by a digit
  
    1 Î“Ă¶Ă© undefined
  > 2 Î“Ă¶Ă© D:\DEV\role-model\.worktrees\15-unified-vendor-execution\role-model-router\apps\runtime-host-bridge:
      Î“Ă¶Ă©                                                              ^
    3 Î“Ă¶Ă© â•¬Ă´â”śĂ§â”śÂ˝ERR_PNPM_RECURSIVE_EXEC_FIRST_FAILâ•¬Ă´â”śĂ§â”śÂ˝ Command failed with exit code 3221225786: tsx --eval import('./src/validate-vendors.ts').then(async ({ runRuntimeVendorValidation }) => { const result = await runRuntimeVendorValidation({ repoRoot: 'D:\\DEV\\role-model\\.worktrees\\15-unified-vendor-execution' }); console.log(JSON.stringify(result, null, 2)); })
    4 Î“Ă¶Ă© 
  

The number of diagnostics exceeds the number allowed by Biome.
Diagnostics not shown: 119.
Checked 1 file in 13ms. No fixes applied.
Found 139 errors.
check Î“Ă¶ĂĽÎ“Ă¶ĂĽÎ“Ă¶ĂĽÎ“Ă¶ĂĽÎ“Ă¶ĂĽÎ“Ă¶ĂĽÎ“Ă¶ĂĽÎ“Ă¶ĂĽÎ“Ă¶ĂĽÎ“Ă¶ĂĽÎ“Ă¶ĂĽÎ“Ă¶ĂĽÎ“Ă¶ĂĽÎ“Ă¶ĂĽÎ“Ă¶ĂĽÎ“Ă¶ĂĽÎ“Ă¶ĂĽÎ“Ă¶ĂĽÎ“Ă¶ĂĽÎ“Ă¶ĂĽÎ“Ă¶ĂĽÎ“Ă¶ĂĽÎ“Ă¶ĂĽÎ“Ă¶ĂĽÎ“Ă¶ĂĽÎ“Ă¶ĂĽÎ“Ă¶ĂĽÎ“Ă¶ĂĽÎ“Ă¶ĂĽÎ“Ă¶ĂĽÎ“Ă¶ĂĽÎ“Ă¶ĂĽÎ“Ă¶ĂĽÎ“Ă¶ĂĽÎ“Ă¶ĂĽÎ“Ă¶ĂĽÎ“Ă¶ĂĽÎ“Ă¶ĂĽÎ“Ă¶ĂĽÎ“Ă¶ĂĽÎ“Ă¶ĂĽÎ“Ă¶ĂĽÎ“Ă¶ĂĽÎ“Ă¶ĂĽÎ“Ă¶ĂĽÎ“Ă¶ĂĽÎ“Ă¶ĂĽÎ“Ă¶ĂĽÎ“Ă¶ĂĽÎ“Ă¶ĂĽÎ“Ă¶ĂĽÎ“Ă¶ĂĽÎ“Ă¶ĂĽÎ“Ă¶ĂĽÎ“Ă¶ĂĽÎ“Ă¶ĂĽÎ“Ă¶ĂĽÎ“Ă¶ĂĽÎ“Ă¶ĂĽÎ“Ă¶ĂĽÎ“Ă¶ĂĽÎ“Ă¶ĂĽÎ“Ă¶ĂĽÎ“Ă¶ĂĽÎ“Ă¶ĂĽÎ“Ă¶ĂĽÎ“Ă¶ĂĽÎ“Ă¶ĂĽÎ“Ă¶ĂĽÎ“Ă¶ĂĽÎ“Ă¶ĂĽÎ“Ă¶ĂĽÎ“Ă¶ĂĽÎ“Ă¶ĂĽÎ“Ă¶ĂĽÎ“Ă¶ĂĽÎ“Ă¶ĂĽÎ“Ă¶ĂĽÎ“Ă¶ĂĽÎ“Ă¶ĂĽÎ“Ă¶ĂĽÎ“Ă¶ĂĽÎ“Ă¶ĂĽÎ“Ă¶ĂĽÎ“Ă¶ĂĽÎ“Ă¶ĂĽÎ“Ă¶ĂĽÎ“Ă¶ĂĽÎ“Ă¶ĂĽÎ“Ă¶ĂĽÎ“Ă¶ĂĽÎ“Ă¶ĂĽÎ“Ă¶ĂĽÎ“Ă¶ĂĽ

  â”śĂą Some errors were emitted while running checks.
  

