
### corepack pnpm --filter @role-model-router/process-supervisor test


> @role-model-router/process-supervisor@0.0.0 test D:\DEV\role-model\.worktrees\15-unified-vendor-execution\role-model-router\packages\process-supervisor
> vitest run


[1m[46m RUN [49m[22m [36mv3.2.4 [39m[90mD:/DEV/role-model/.worktrees/15-unified-vendor-execution/role-model-router/packages/process-supervisor[39m


О“Г„В»О“Г„В»О“Г„В»О“Г„В»О“Г„В»О“Г„В» Failed Suites 1 О“Г„В»О“Г„В»О“Г„В»О“Г„В»О“Г„В»О“Г„В»О“Г„В»

 FAIL  test/index.test.ts [ test/index.test.ts ]
Error: Cannot find module '../src/index.js' imported from 'D:/DEV/role-model/.worktrees/15-unified-vendor-execution/role-model-router/packages/process-supervisor/test/index.test.ts'
 О“ВҐВ» test/index.test.ts:6:1
      4| import { afterEach, describe, expect, test } from "vitest";
      5| 
      6| import { ProcessSupervisor } from "../src/index.js";
       | ^
      7| 
      8| async function allocatePort(): Promise<number> {

Caused by: Error: Failed to load url ../src/index.js (resolved id: ../src/index.js) in D:/DEV/role-model/.worktrees/15-unified-vendor-execution/role-model-router/packages/process-supervisor/test/index.test.ts. Does the file exist?
 О“ВҐВ» loadAndTransform ../../../node_modules/.pnpm/vite@7.3.2_@types+node@22.1_ffe4277cf87465bba1449374e033820f/node_modules/vite/dist/node/chunks/config.js:22663:33

О“Г„В»О“Г„В»О“Г„В»О“Г„В»О“Г„В»О“Г„В»О“Г„В»О“Г„В»О“Г„В»О“Г„В»О“Г„В»О“Г„В»О“Г„В»О“Г„В»О“Г„В»О“Г„В»О“Г„В»О“Г„В»О“Г„В»О“Г„В»О“Г„В»О“Г„В»О“Г„В»О“Г„В»[1/1]О“Г„В»


[2m Test Files [22m [1m[31m1 failed[39m[22m[90m (1)[39m
[2m      Tests [22m [2mno tests[22m
[2m   Start at [22m 20:17:19
[2m   Duration [22m 659ms[2m (transform 67ms, setup 0ms, collect 0ms, tests 0ms, environment 0ms, prepare 226ms)[22m

D:\DEV\role-model\.worktrees\15-unified-vendor-execution\role-model-router\packages\process-supervisor:
О“Г‡Г«ERR_PNPM_RECURSIVE_RUN_FIRST_FAILО“Г‡Г« @role-model-router/process-supervisor@0.0.0 test: `vitest run`
Exit status 1
