
> @role-model-router/process-supervisor@0.0.0 test D:\DEV\role-model\.worktrees\15-unified-vendor-execution\role-model-router\packages\process-supervisor
> vitest run


[1m[46m RUN [49m[22m [36mv3.2.4 [39m[90mD:/DEV/role-model/.worktrees/15-unified-vendor-execution/role-model-router/packages/process-supervisor[39m

 [31mΓ¥»[39m test/index.test.ts [2m([22m[2m4 tests[22m[2m | [22m[31m1 failed[39m[2m)[22m[33m 5469[2mms[22m[39m
   [32mΓ£ô[39m process-supervisor[2m > [22mstarts a vendor process, waits for health, and reports it as healthy[32m 173[2mms[22m[39m
   [32mΓ£ô[39m process-supervisor[2m > [22mtracks crash callbacks when a managed vendor exits unexpectedly[32m 136[2mms[22m[39m
[31m   [31m├ù[31m process-supervisor[2m > [22mcaptures child logs and restarts an unexpectedly crashed vendor with backoff[39m[33m 5011[2mms[22m[39m
[31m     ΓåÆ Test timed out in 5000ms.
If this is a long-running test, pass a timeout value as the last argument or configure it globally with "testTimeout".[39m
   [32mΓ£ô[39m process-supervisor[2m > [22mforces bounded shutdown when a vendor ignores the initial termination signal[32m 147[2mms[22m[39m

ΓÄ»ΓÄ»ΓÄ»ΓÄ»ΓÄ»ΓÄ»ΓÄ» Failed Tests 1 ΓÄ»ΓÄ»ΓÄ»ΓÄ»ΓÄ»ΓÄ»ΓÄ»

 FAIL  test/index.test.ts > process-supervisor > captures child logs and restarts an unexpectedly crashed vendor with backoff
Error: Test timed out in 5000ms.
If this is a long-running test, pass a timeout value as the last argument or configure it globally with "testTimeout".
 Γ¥» test/index.test.ts:118:3
    116|   });
    117| 
    118|   test("captures child logs and restarts an unexpectedly crashed vendoΓÇª
       |   ^
    119|     const port = await allocatePort();
    120|     const supervisor = new ProcessSupervisor();

ΓÄ»ΓÄ»ΓÄ»ΓÄ»ΓÄ»ΓÄ»ΓÄ»ΓÄ»ΓÄ»ΓÄ»ΓÄ»ΓÄ»ΓÄ»ΓÄ»ΓÄ»ΓÄ»ΓÄ»ΓÄ»ΓÄ»ΓÄ»ΓÄ»ΓÄ»ΓÄ»ΓÄ»[1/1]ΓÄ»


[2m Test Files [22m [1m[31m1 failed[39m[22m[90m (1)[39m
[2m      Tests [22m [1m[31m1 failed[39m[22m[2m | [22m[1m[32m3 passed[39m[22m[90m (4)[39m
[2m   Start at [22m 03:55:57
[2m   Duration [22m 6.13s[2m (transform 81ms, setup 0ms, collect 88ms, tests 5.47s, environment 0ms, prepare 223ms)[22m

D:\DEV\role-model\.worktrees\15-unified-vendor-execution\role-model-router\packages\process-supervisor:
ΓÇëERR_PNPM_RECURSIVE_RUN_FIRST_FAILΓÇë @role-model-router/process-supervisor@0.0.0 test: `vitest run`
Exit status 1
