
### corepack pnpm --filter @role-model-router/runtime-host-bridge exec vitest run test/unified-runtime-config.test.ts


[1m[46m RUN [49m[22m [36mv3.2.4 [39m[90mD:/DEV/role-model/.worktrees/15-unified-vendor-execution/role-model-router/apps/runtime-host-bridge[39m


ΓÄ»ΓÄ»ΓÄ»ΓÄ»ΓÄ»ΓÄ» Failed Suites 1 ΓÄ»ΓÄ»ΓÄ»ΓÄ»ΓÄ»ΓÄ»ΓÄ»

 FAIL  test/unified-runtime-config.test.ts [ test/unified-runtime-config.test.ts ]
Error: Cannot find module '../src/unified-runtime-config.js' imported from 'D:/DEV/role-model/.worktrees/15-unified-vendor-execution/role-model-router/apps/runtime-host-bridge/test/unified-runtime-config.test.ts'
 Γ¥» test/unified-runtime-config.test.ts:3:1
      1| import { describe, expect, test } from "vitest";
      2| 
      3| import { parseUnifiedRuntimeConfigText } from "../src/unified-runtime-ΓÇª
       | ^
      4| 
      5| describe("unified runtime config", () => {

Caused by: Error: Failed to load url ../src/unified-runtime-config.js (resolved id: ../src/unified-runtime-config.js) in D:/DEV/role-model/.worktrees/15-unified-vendor-execution/role-model-router/apps/runtime-host-bridge/test/unified-runtime-config.test.ts. Does the file exist?
 Γ¥» loadAndTransform ../../../node_modules/.pnpm/vite@7.3.2_@types+node@22.1_ffe4277cf87465bba1449374e033820f/node_modules/vite/dist/node/chunks/config.js:22663:33

ΓÄ»ΓÄ»ΓÄ»ΓÄ»ΓÄ»ΓÄ»ΓÄ»ΓÄ»ΓÄ»ΓÄ»ΓÄ»ΓÄ»ΓÄ»ΓÄ»ΓÄ»ΓÄ»ΓÄ»ΓÄ»ΓÄ»ΓÄ»ΓÄ»ΓÄ»ΓÄ»ΓÄ»[1/1]ΓÄ»


[2m Test Files [22m [1m[31m1 failed[39m[22m[90m (1)[39m
[2m      Tests [22m [2mno tests[22m
[2m   Start at [22m 20:17:22
[2m   Duration [22m 771ms[2m (transform 77ms, setup 0ms, collect 0ms, tests 0ms, environment 0ms, prepare 296ms)[22m

undefined
D:\DEV\role-model\.worktrees\15-unified-vendor-execution\role-model-router\apps\runtime-host-bridge:
ΓÇëERR_PNPM_RECURSIVE_EXEC_FIRST_FAILΓÇë Command failed with exit code 1: vitest run test/unified-runtime-config.test.ts
