
> @role-model-router/runtime-ui@ test D:\DEV\role-model\.worktrees\14-router-runtime-ui-foundation\role-model-router\apps\runtime-ui
> vitest run app/lib/runtime-api.test.ts app/lib/view-models.test.ts


[1m[46m RUN [49m[22m [36mv3.2.4 [39m[90mD:/DEV/role-model/.worktrees/14-router-runtime-ui-foundation/role-model-router/apps/runtime-ui[39m

 [32mΓ£ô[39m app/lib/runtime-api.test.ts [2m([22m[2m6 tests[22m[2m)[22m[32m 31[2mms[22m[39m
 [32mΓ£ô[39m app/lib/view-models.test.ts [2m([22m[2m3 tests[22m[2m)[22m[32m 31[2mms[22m[39m

[2m Test Files [22m [1m[32m2 passed[39m[22m[90m (2)[39m
[2m      Tests [22m [1m[32m9 passed[39m[22m[90m (9)[39m
[2m   Start at [22m 07:16:55
[2m   Duration [22m 1.08s[2m (transform 85ms, setup 0ms, collect 119ms, tests 61ms, environment 1ms, prepare 606ms)[22m


> @role-model-router/runtime-ui@ build D:\DEV\role-model\.worktrees\14-router-runtime-ui-foundation\role-model-router\apps\runtime-ui
> react-router build && tsc --noEmit

[36mvite v7.3.2 [32mbuilding client environment for production...[36m[39m
transforming...
[32mΓ£ô[39m 1667 modules transformed.
rendering chunks...
computing gzip size...
[2mbuild/client/[22m[32m.vite/manifest.json                 [39m[1m[2m  5.75 kB[22m[1m[22m[2m Γöé gzip:  0.82 kB[22m
[2mbuild/client/[22m[35massets/root-D3r1Vh96.css            [39m[1m[2m 13.59 kB[22m[1m[22m[2m Γöé gzip:  3.57 kB[22m
[2mbuild/client/[22m[36massets/index-DZMo5HBM.js            [39m[1m[2m  0.15 kB[22m[1m[22m[2m Γöé gzip:  0.15 kB[22m
[2mbuild/client/[22m[36massets/not-found-DjO77Qyi.js        [39m[1m[2m  0.71 kB[22m[1m[22m[2m Γöé gzip:  0.45 kB[22m
[2mbuild/client/[22m[36massets/view-models-DnAWKsuV.js      [39m[1m[2m  0.81 kB[22m[1m[22m[2m Γöé gzip:  0.45 kB[22m
[2mbuild/client/[22m[36massets/request-detail-6kMg6e3s.js   [39m[1m[2m  1.38 kB[22m[1m[22m[2m Γöé gzip:  0.70 kB[22m
[2mbuild/client/[22m[36massets/root-DjjsdnSl.js             [39m[1m[2m  1.39 kB[22m[1m[22m[2m Γöé gzip:  0.78 kB[22m
[2mbuild/client/[22m[36massets/requests-Byn9dsGr.js         [39m[1m[2m  1.48 kB[22m[1m[22m[2m Γöé gzip:  0.77 kB[22m
[2mbuild/client/[22m[36massets/runtime-api-D4wrxEcM.js      [39m[1m[2m  1.61 kB[22m[1m[22m[2m Γöé gzip:  0.55 kB[22m
[2mbuild/client/[22m[36massets/page-primitives-KjNjFyQJ.js  [39m[1m[2m  2.45 kB[22m[1m[22m[2m Γöé gzip:  0.77 kB[22m
[2mbuild/client/[22m[36massets/runtime-CO1hqCmn.js          [39m[1m[2m  2.54 kB[22m[1m[22m[2m Γöé gzip:  0.94 kB[22m
[2mbuild/client/[22m[36massets/dashboard-DVv75OCN.js        [39m[1m[2m  2.65 kB[22m[1m[22m[2m Γöé gzip:  1.14 kB[22m
[2mbuild/client/[22m[36massets/workbench-D7U2ypwU.js        [39m[1m[2m  2.83 kB[22m[1m[22m[2m Γöé gzip:  1.29 kB[22m
[2mbuild/client/[22m[36massets/providers-Ds59pghJ.js        [39m[1m[2m  3.63 kB[22m[1m[22m[2m Γöé gzip:  1.29 kB[22m
[2mbuild/client/[22m[36massets/endpoints-BHMTU0E2.js        [39m[1m[2m  5.16 kB[22m[1m[22m[2m Γöé gzip:  1.78 kB[22m
[2mbuild/client/[22m[36massets/app-layout-CMJJSufG.js       [39m[1m[2m  8.37 kB[22m[1m[22m[2m Γöé gzip:  3.09 kB[22m
[2mbuild/client/[22m[36massets/accounts-C1lc57bX.js         [39m[1m[2m 12.59 kB[22m[1m[22m[2m Γöé gzip:  3.56 kB[22m
[2mbuild/client/[22m[36massets/cn-B5V-leUE.js               [39m[1m[2m 26.34 kB[22m[1m[22m[2m Γöé gzip:  8.26 kB[22m
[2mbuild/client/[22m[36massets/chunk-EVOBXE3Y-CHTensaC.js   [39m[1m[2m127.79 kB[22m[1m[22m[2m Γöé gzip: 43.05 kB[22m
[2mbuild/client/[22m[36massets/entry.client-B8IJr7tg.js     [39m[1m[2m190.57 kB[22m[1m[22m[2m Γöé gzip: 60.05 kB[22m
[32mΓ£ô built in 4.65s[39m
[36mvite v7.3.2 [32mbuilding ssr environment for production...[36m[39m
transforming...
[32mΓ£ô[39m 8 modules transformed.
rendering chunks...
[2mbuild/server/[22m[32m.vite/manifest.json               [39m[1m[2m 0.23 kB[22m[1m[22m
[2mbuild/server/[22m[35massets/server-build-BR71sQA_.css  [39m[1m[2m29.26 kB[22m[1m[22m
[2mbuild/server/[22m[36mindex.js                          [39m[1m[2m18.00 kB[22m[1m[22m

[32mΓ£ô[39m 1 asset cleaned from React Router server build.
[2mbuild\server\assets\server-build-BR71sQA_.css[22m

SPA Mode: Generated [1mbuild\client\index.html[22m
Removing the server build in [32mD:\DEV\role-model\.worktrees\14-router-runtime-ui-foundation\role-model-router\apps\runtime-ui\build\server[39m due to ssr:false
[32mΓ£ô built in 214ms[39m
