
> @role-model-router/runtime-host-bridge@0.0.0 test D:\DEV\role-model\.worktrees\14-router-runtime-ui-foundation\role-model-router\apps\runtime-host-bridge
> vitest run test/index.test.ts test/validate-operations.test.ts test/validate-ui.test.ts


[1m[46m RUN [49m[22m [36mv3.2.4 [39m[90mD:/DEV/role-model/.worktrees/14-router-runtime-ui-foundation/role-model-router/apps/runtime-host-bridge[39m

(node:52852) ExperimentalWarning: SQLite is an experimental feature and might change at any time
(Use `node --trace-warnings ...` to show where the warning was created)
(node:36284) ExperimentalWarning: SQLite is an experimental feature and might change at any time
(Use `node --trace-warnings ...` to show where the warning was created)
(node:38452) ExperimentalWarning: SQLite is an experimental feature and might change at any time
(Use `node --trace-warnings ...` to show where the warning was created)
 [32mΓ£ô[39m test/validate-ui.test.ts [2m([22m[2m1 test[22m[2m)[22m[33m 1273[2mms[22m[39m
   [33m[2mΓ£ô[22m[39m runRuntimeUiValidation[2m > [22mvalidates runtime summary, provider variants, account upserts, and endpoint activation [33m 1195[2mms[22m[39m
 [32mΓ£ô[39m test/validate-operations.test.ts [2m([22m[2m1 test[22m[2m)[22m[33m 2696[2mms[22m[39m
   [33m[2mΓ£ô[22m[39m runRuntimeOperationsValidation[2m > [22mvalidates isolated scopes and runtime-state maintenance drills [33m 2691[2mms[22m[39m
 [32mΓ£ô[39m test/index.test.ts [2m([22m[2m13 tests[22m[2m)[22m[33m 3939[2mms[22m[39m
   [33m[2mΓ£ô[22m[39m runtime-host-bridge[2m > [22mcreates a runtime backend that executes chat-completions through the real routing and adapter path [33m 500[2mms[22m[39m
   [33m[2mΓ£ô[22m[39m runtime-host-bridge[2m > [22mcreates a runtime backend that persists structured request and endpoint inspection state [33m 1790[2mms[22m[39m
   [33m[2mΓ£ô[22m[39m runtime-host-bridge[2m > [22mcreates a runtime backend that exposes provider presets, runtime summary, and account upserts [33m 525[2mms[22m[39m
   [33m[2mΓ£ô[22m[39m runtime-host-bridge[2m > [22mexecutes chat-completions through an activated Kimi Code endpoint [33m 453[2mms[22m[39m

[2m Test Files [22m [1m[32m3 passed[39m[22m[90m (3)[39m
[2m      Tests [22m [1m[32m15 passed[39m[22m[90m (15)[39m
[2m   Start at [22m 19:08:13
[2m   Duration [22m 7.55s[2m (transform 2.48s, setup 0ms, collect 4.54s, tests 7.91s, environment 3ms, prepare 2.21s)[22m

