
> @role-model-router/runtime-host-bridge@0.0.0 test D:\DEV\role-model\.worktrees\14-router-runtime-ui-foundation\role-model-router\apps\runtime-host-bridge
> vitest run test/index.test.ts test/validate-operations.test.ts test/validate-ui.test.ts


[1m[46m RUN [49m[22m [36mv3.2.4 [39m[90mD:/DEV/role-model/.worktrees/14-router-runtime-ui-foundation/role-model-router/apps/runtime-host-bridge[39m

(node:37112) ExperimentalWarning: SQLite is an experimental feature and might change at any time
(Use `node --trace-warnings ...` to show where the warning was created)
(node:46288) ExperimentalWarning: SQLite is an experimental feature and might change at any time
(Use `node --trace-warnings ...` to show where the warning was created)
(node:35296) ExperimentalWarning: SQLite is an experimental feature and might change at any time
(Use `node --trace-warnings ...` to show where the warning was created)
 [32mΓ£ô[39m test/validate-ui.test.ts [2m([22m[2m1 test[22m[2m)[22m[33m 438[2mms[22m[39m
   [33m[2mΓ£ô[22m[39m runRuntimeUiValidation[2m > [22mvalidates runtime summary, provider variants, account upserts, and endpoint activation [33m 436[2mms[22m[39m
 [32mΓ£ô[39m test/validate-operations.test.ts [2m([22m[2m1 test[22m[2m)[22m[33m 647[2mms[22m[39m
   [33m[2mΓ£ô[22m[39m runRuntimeOperationsValidation[2m > [22mvalidates isolated scopes and runtime-state maintenance drills [33m 645[2mms[22m[39m
 [32mΓ£ô[39m test/index.test.ts [2m([22m[2m11 tests[22m[2m)[22m[33m 914[2mms[22m[39m

[2m Test Files [22m [1m[32m3 passed[39m[22m[90m (3)[39m
[2m      Tests [22m [1m[32m13 passed[39m[22m[90m (13)[39m
[2m   Start at [22m 07:16:52
[2m   Duration [22m 3.00s[2m (transform 902ms, setup 0ms, collect 1.55s, tests 2.00s, environment 1ms, prepare 1.28s)[22m


> @role-model-router/runtime-host-bridge@0.0.0 build D:\DEV\role-model\.worktrees\14-router-runtime-ui-foundation\role-model-router\apps\runtime-host-bridge
> tsc -p tsconfig.json

